This file contains any messages produced by compilers while
running configure, to aid debugging if configure makes a mistake.

It was created by expat configure 2.2.7, which was
generated by GNU Autoconf 2.69.  Invocation command line was

  $ ./configure --with-pic --with-sysroot=/home/cxy/Desktop/ffmpeg-0818/ffmpeg-android/toolchain-android/sysroot --host=x86_64 --enable-static --disable-shared --prefix=/home/cxy/Desktop/ffmpeg-0818/ffmpeg-android/toolchain-android

## --------- ##
## Platform. ##
## --------- ##

hostname = ubuntu
uname -m = x86_64
uname -r = 5.0.0-25-generic
uname -s = Linux
uname -v = #26~18.04.1-Ubuntu SMP Thu Aug 1 13:51:02 UTC 2019

/usr/bin/uname -p = unknown
/bin/uname -X     = unknown

/bin/arch              = unknown
/usr/bin/arch -k       = unknown
/usr/convex/getsysinfo = unknown
/usr/bin/hostinfo      = unknown
/bin/machine           = unknown
/usr/bin/oslevel       = unknown
/bin/universe          = unknown

PATH: /usr/local/sbin
PATH: /usr/local/bin
PATH: /usr/sbin
PATH: /usr/bin
PATH: /sbin
PATH: /bin
PATH: /usr/games
PATH: /usr/local/games
PATH: /snap/bin
PATH: /home/cxy/environment/android-ndk-r17c


## ----------- ##
## Core tests. ##
## ----------- ##

configure:2494: checking for a BSD-compatible install
configure:2562: result: /usr/bin/install -c
configure:2573: checking whether build environment is sane
configure:2628: result: yes
configure:2687: checking for x86_64-strip
configure:2714: result: /home/cxy/Desktop/ffmpeg-0818/ffmpeg-android/toolchain-android/bin/x86_64-linux-android-strip
configure:2779: checking for a thread-safe mkdir -p
configure:2818: result: /bin/mkdir -p
configure:2825: checking for gawk
configure:2855: result: no
configure:2825: checking for mawk
configure:2841: found /usr/bin/mawk
configure:2852: result: mawk
configure:2863: checking whether make sets $(MAKE)
configure:2885: result: yes
configure:2914: checking whether make supports nested variables
configure:2931: result: yes
configure:3088: : CPPFLAGS="$CPPFLAGS"
configure:3091: $? = 0
configure:3103: checking whether make supports the include directive
configure:3118: make -f confmf.GNU && cat confinc.out
this is the am__doit target
configure:3121: $? = 0
configure:3140: result: yes (GNU style)
configure:3170: checking for x86_64-gcc
configure:3197: result: /home/cxy/Desktop/ffmpeg-0818/ffmpeg-android/toolchain-android/bin/x86_64-linux-android-gcc --sysroot=/home/cxy/Desktop/ffmpeg-0818/ffmpeg-android/toolchain-android/sysroot
configure:3466: checking for C compiler version
configure:3475: /home/cxy/Desktop/ffmpeg-0818/ffmpeg-android/toolchain-android/bin/x86_64-linux-android-gcc --sysroot=/home/cxy/Desktop/ffmpeg-0818/ffmpeg-android/toolchain-android/sysroot --version >&5
x86_64-linux-android-gcc (GCC) 4.9.x 20150123 (prerelease)
Copyright (C) 2014 Free Software Foundation, Inc.
This is free software; see the source for copying conditions.  There is NO
warranty; not even for MERCHANTABILITY or FITNESS FOR A PARTICULAR PURPOSE.

configure:3486: $? = 0
configure:3475: /home/cxy/Desktop/ffmpeg-0818/ffmpeg-android/toolchain-android/bin/x86_64-linux-android-gcc --sysroot=/home/cxy/Desktop/ffmpeg-0818/ffmpeg-android/toolchain-android/sysroot -v >&5
Using built-in specs.
COLLECT_GCC=/home/cxy/Desktop/ffmpeg-0818/ffmpeg-android/toolchain-android/bin/x86_64-linux-android-gcc
COLLECT_LTO_WRAPPER=/home/cxy/Desktop/ffmpeg-0818/ffmpeg-android/toolchain-android/bin/../libexec/gcc/x86_64-linux-android/4.9.x/lto-wrapper
Target: x86_64-linux-android
Configured with: /usr/local/google/buildbot/src/android/gcc/toolchain/build/../gcc/gcc-4.9/configure --prefix=/tmp/2c83971299a753917d8db9a4f5356c5d --target=x86_64-linux-android --host=x86_64-linux-gnu --build=x86_64-linux-gnu --with-gnu-as --with-gnu-ld --enable-languages=c,c++ --with-gmp=/buildbot/tmp/build/toolchain/temp-install --with-mpfr=/buildbot/tmp/build/toolchain/temp-install --with-mpc=/buildbot/tmp/build/toolchain/temp-install --with-cloog=/buildbot/tmp/build/toolchain/temp-install --with-isl=/buildbot/tmp/build/toolchain/temp-install --with-ppl=/buildbot/tmp/build/toolchain/temp-install --disable-ppl-version-check --disable-cloog-version-check --disable-isl-version-check --enable-cloog-backend=isl --with-host-libstdcxx='-static-libgcc -Wl,-Bstatic,-lstdc++,-Bdynamic -lm' --disable-libssp --enable-threads --disable-nls --disable-libmudflap --disable-libgomp --disable-libstdc__-v3 --disable-sjlj-exceptions --disable-shared --disable-tls --disable-libitm --with-arch=x86-64 --with-tune=intel --with-fpmath=sse --with-multilib-list=m32,m64 --enable-bionic-libs --enable-libatomic-ifuncs=no --enable-initfini-array --disable-nls --prefix=/tmp/2c83971299a753917d8db9a4f5356c5d --with-sysroot=/tmp/2c83971299a753917d8db9a4f5356c5d/sysroot --with-binutils-version=2.27 --with-mpfr-version=3.1.1 --with-mpc-version=1.0.1 --with-gmp-version=5.0.5 --with-gcc-version=4.9 --with-gdb-version=none --with-gxx-include-dir=/tmp/2c83971299a753917d8db9a4f5356c5d/include/c++/4.9.x --with-bugurl=http://source.android.com/source/report-bugs.html --enable-languages=c,c++ --disable-bootstrap --enable-plugins --enable-libgomp --enable-gnu-indirect-function --disable-libcilkrts --disable-libsanitizer --enable-gold --enable-threads --enable-eh-frame-hdr-for-static --enable-graphite=yes --with-isl-version=0.11.1 --with-cloog-version=0.18.0 --program-transform-name='s&^&x86_64-linux-android-&' --enable-gold=default
Thread model: posix
gcc version 4.9.x 20150123 (prerelease) (GCC) 
configure:3486: $? = 0
configure:3475: /home/cxy/Desktop/ffmpeg-0818/ffmpeg-android/toolchain-android/bin/x86_64-linux-android-gcc --sysroot=/home/cxy/Desktop/ffmpeg-0818/ffmpeg-android/toolchain-android/sysroot -V >&5
x86_64-linux-android-gcc: error: unrecognized command line option '-V'
x86_64-linux-android-gcc: fatal error: no input files
compilation terminated.
configure:3486: $? = 1
configure:3475: /home/cxy/Desktop/ffmpeg-0818/ffmpeg-android/toolchain-android/bin/x86_64-linux-android-gcc --sysroot=/home/cxy/Desktop/ffmpeg-0818/ffmpeg-android/toolchain-android/sysroot -qversion >&5
x86_64-linux-android-gcc: error: unrecognized command line option '-qversion'
x86_64-linux-android-gcc: fatal error: no input files
compilation terminated.
configure:3486: $? = 1
configure:3506: checking whether the C compiler works
configure:3528: /home/cxy/Desktop/ffmpeg-0818/ffmpeg-android/toolchain-android/bin/x86_64-linux-android-gcc --sysroot=/home/cxy/Desktop/ffmpeg-0818/ffmpeg-android/toolchain-android/sysroot  -DHAVE_EXPAT_CONFIG_H  conftest.c  >&5
configure:3532: $? = 0
configure:3580: result: yes
configure:3583: checking for C compiler default output file name
configure:3585: result: a.out
configure:3591: checking for suffix of executables
configure:3598: /home/cxy/Desktop/ffmpeg-0818/ffmpeg-android/toolchain-android/bin/x86_64-linux-android-gcc --sysroot=/home/cxy/Desktop/ffmpeg-0818/ffmpeg-android/toolchain-android/sysroot -o conftest  -DHAVE_EXPAT_CONFIG_H  conftest.c  >&5
configure:3602: $? = 0
configure:3624: result: 
configure:3646: checking whether we are cross compiling
configure:3654: /home/cxy/Desktop/ffmpeg-0818/ffmpeg-android/toolchain-android/bin/x86_64-linux-android-gcc --sysroot=/home/cxy/Desktop/ffmpeg-0818/ffmpeg-android/toolchain-android/sysroot -o conftest  -DHAVE_EXPAT_CONFIG_H  conftest.c  >&5
configure:3658: $? = 0
configure:3665: ./conftest
./configure: line 3667: ./conftest: No such file or directory
configure:3669: $? = 127
configure:3684: result: yes
configure:3689: checking for suffix of object files
configure:3711: /home/cxy/Desktop/ffmpeg-0818/ffmpeg-android/toolchain-android/bin/x86_64-linux-android-gcc --sysroot=/home/cxy/Desktop/ffmpeg-0818/ffmpeg-android/toolchain-android/sysroot -c  -DHAVE_EXPAT_CONFIG_H conftest.c >&5
configure:3715: $? = 0
configure:3736: result: o
configure:3740: checking whether we are using the GNU C compiler
configure:3759: /home/cxy/Desktop/ffmpeg-0818/ffmpeg-android/toolchain-android/bin/x86_64-linux-android-gcc --sysroot=/home/cxy/Desktop/ffmpeg-0818/ffmpeg-android/toolchain-android/sysroot -c  -DHAVE_EXPAT_CONFIG_H conftest.c >&5
configure:3759: $? = 0
configure:3768: result: yes
configure:3777: checking whether /home/cxy/Desktop/ffmpeg-0818/ffmpeg-android/toolchain-android/bin/x86_64-linux-android-gcc --sysroot=/home/cxy/Desktop/ffmpeg-0818/ffmpeg-android/toolchain-android/sysroot accepts -g
configure:3797: /home/cxy/Desktop/ffmpeg-0818/ffmpeg-android/toolchain-android/bin/x86_64-linux-android-gcc --sysroot=/home/cxy/Desktop/ffmpeg-0818/ffmpeg-android/toolchain-android/sysroot -c -g -DHAVE_EXPAT_CONFIG_H conftest.c >&5
configure:3797: $? = 0
configure:3838: result: yes
configure:3855: checking for /home/cxy/Desktop/ffmpeg-0818/ffmpeg-android/toolchain-android/bin/x86_64-linux-android-gcc --sysroot=/home/cxy/Desktop/ffmpeg-0818/ffmpeg-android/toolchain-android/sysroot option to accept ISO C89
configure:3918: /home/cxy/Desktop/ffmpeg-0818/ffmpeg-android/toolchain-android/bin/x86_64-linux-android-gcc --sysroot=/home/cxy/Desktop/ffmpeg-0818/ffmpeg-android/toolchain-android/sysroot  -c -g -O2 -DHAVE_EXPAT_CONFIG_H conftest.c >&5
configure:3918: $? = 0
configure:3931: result: none needed
configure:3956: checking whether /home/cxy/Desktop/ffmpeg-0818/ffmpeg-android/toolchain-android/bin/x86_64-linux-android-gcc --sysroot=/home/cxy/Desktop/ffmpeg-0818/ffmpeg-android/toolchain-android/sysroot understands -c and -o together
configure:3978: /home/cxy/Desktop/ffmpeg-0818/ffmpeg-android/toolchain-android/bin/x86_64-linux-android-gcc --sysroot=/home/cxy/Desktop/ffmpeg-0818/ffmpeg-android/toolchain-android/sysroot -c conftest.c -o conftest2.o
configure:3981: $? = 0
configure:3978: /home/cxy/Desktop/ffmpeg-0818/ffmpeg-android/toolchain-android/bin/x86_64-linux-android-gcc --sysroot=/home/cxy/Desktop/ffmpeg-0818/ffmpeg-android/toolchain-android/sysroot -c conftest.c -o conftest2.o
configure:3981: $? = 0
configure:3993: result: yes
configure:4012: checking dependency style of /home/cxy/Desktop/ffmpeg-0818/ffmpeg-android/toolchain-android/bin/x86_64-linux-android-gcc --sysroot=/home/cxy/Desktop/ffmpeg-0818/ffmpeg-android/toolchain-android/sysroot
configure:4123: result: gcc3
configure:4144: checking for x86_64-ar
configure:4171: result: /home/cxy/Desktop/ffmpeg-0818/ffmpeg-android/toolchain-android/bin/x86_64-linux-android-ar
configure:4241: checking the archiver (/home/cxy/Desktop/ffmpeg-0818/ffmpeg-android/toolchain-android/bin/x86_64-linux-android-ar) interface
configure:4257: /home/cxy/Desktop/ffmpeg-0818/ffmpeg-android/toolchain-android/bin/x86_64-linux-android-gcc --sysroot=/home/cxy/Desktop/ffmpeg-0818/ffmpeg-android/toolchain-android/sysroot -c -g -O2 -DHAVE_EXPAT_CONFIG_H conftest.c >&5
configure:4257: $? = 0
configure:4259: /home/cxy/Desktop/ffmpeg-0818/ffmpeg-android/toolchain-android/bin/x86_64-linux-android-ar cru libconftest.a conftest.o >&5
configure:4262: $? = 0
configure:4290: result: ar
configure:4311: checking whether ln -s works
configure:4315: result: yes
configure:4322: checking whether make sets $(MAKE)
configure:4344: result: yes
configure:4384: checking build system type
configure:4398: result: x86_64-pc-linux-gnu
configure:4418: checking host system type
configure:4431: result: x86_64-pc-none
configure:4472: checking how to print strings
configure:4499: result: printf
configure:4520: checking for a sed that does not truncate output
configure:4584: result: /bin/sed
configure:4602: checking for grep that handles long lines and -e
configure:4660: result: /bin/grep
configure:4665: checking for egrep
configure:4727: result: /bin/grep -E
configure:4732: checking for fgrep
configure:4794: result: /bin/grep -F
configure:4829: checking for ld used by /home/cxy/Desktop/ffmpeg-0818/ffmpeg-android/toolchain-android/bin/x86_64-linux-android-gcc --sysroot=/home/cxy/Desktop/ffmpeg-0818/ffmpeg-android/toolchain-android/sysroot
configure:4896: result: /home/cxy/Desktop/ffmpeg-0818/ffmpeg-android/toolchain-android/bin/x86_64-linux-android-ld
configure:4903: checking if the linker (/home/cxy/Desktop/ffmpeg-0818/ffmpeg-android/toolchain-android/bin/x86_64-linux-android-ld) is GNU ld
configure:4918: result: yes
configure:4930: checking for BSD- or MS-compatible name lister (nm)
configure:4984: result: /home/cxy/Desktop/ffmpeg-0818/ffmpeg-android/toolchain-android/bin/x86_64-linux-android-nm
configure:5114: checking the name lister (/home/cxy/Desktop/ffmpeg-0818/ffmpeg-android/toolchain-android/bin/x86_64-linux-android-nm) interface
configure:5121: /home/cxy/Desktop/ffmpeg-0818/ffmpeg-android/toolchain-android/bin/x86_64-linux-android-gcc --sysroot=/home/cxy/Desktop/ffmpeg-0818/ffmpeg-android/toolchain-android/sysroot -c -g -O2 -DHAVE_EXPAT_CONFIG_H conftest.c >&5
configure:5124: /home/cxy/Desktop/ffmpeg-0818/ffmpeg-android/toolchain-android/bin/x86_64-linux-android-nm "conftest.o"
configure:5127: output
0000000000000000 B some_variable
configure:5134: result: BSD nm
configure:5138: checking the maximum length of command line arguments
configure:5274: result: 1572864
configure:5322: checking how to convert x86_64-pc-linux-gnu file names to x86_64-pc-none format
configure:5362: result: func_convert_file_noop
configure:5369: checking how to convert x86_64-pc-linux-gnu file names to toolchain format
configure:5389: result: func_convert_file_noop
configure:5396: checking for /home/cxy/Desktop/ffmpeg-0818/ffmpeg-android/toolchain-android/bin/x86_64-linux-android-ld option to reload object files
configure:5403: result: -r
configure:5437: checking for x86_64-objdump
configure:5464: result: /home/cxy/Desktop/ffmpeg-0818/ffmpeg-android/toolchain-android/bin/x86_64-linux-android-objdump
configure:5533: checking how to recognize dependent libraries
configure:5733: result: unknown
configure:5778: checking for x86_64-dlltool
configure:5808: result: no
configure:5818: checking for dlltool
configure:5848: result: no
configure:5875: checking how to associate runtime and link libraries
configure:5902: result: printf %s\n
configure:5918: checking for x86_64-ar
configure:5945: result: /home/cxy/Desktop/ffmpeg-0818/ffmpeg-android/toolchain-android/bin/x86_64-linux-android-ar
configure:6026: checking for archiver @FILE support
configure:6043: /home/cxy/Desktop/ffmpeg-0818/ffmpeg-android/toolchain-android/bin/x86_64-linux-android-gcc --sysroot=/home/cxy/Desktop/ffmpeg-0818/ffmpeg-android/toolchain-android/sysroot -c -g -O2 -DHAVE_EXPAT_CONFIG_H conftest.c >&5
configure:6043: $? = 0
configure:6046: /home/cxy/Desktop/ffmpeg-0818/ffmpeg-android/toolchain-android/bin/x86_64-linux-android-ar cru libconftest.a @conftest.lst >&5
configure:6049: $? = 0
configure:6054: /home/cxy/Desktop/ffmpeg-0818/ffmpeg-android/toolchain-android/bin/x86_64-linux-android-ar cru libconftest.a @conftest.lst >&5
/home/cxy/Desktop/ffmpeg-0818/ffmpeg-android/toolchain-android/bin/x86_64-linux-android-ar: conftest.o: No such file or directory
configure:6057: $? = 1
configure:6069: result: @
configure:6087: checking for x86_64-strip
configure:6114: result: /home/cxy/Desktop/ffmpeg-0818/ffmpeg-android/toolchain-android/bin/x86_64-linux-android-strip
configure:6186: checking for x86_64-ranlib
configure:6213: result: /home/cxy/Desktop/ffmpeg-0818/ffmpeg-android/toolchain-android/bin/x86_64-linux-android-ranlib
configure:6355: checking command to parse /home/cxy/Desktop/ffmpeg-0818/ffmpeg-android/toolchain-android/bin/x86_64-linux-android-nm output from /home/cxy/Desktop/ffmpeg-0818/ffmpeg-android/toolchain-android/bin/x86_64-linux-android-gcc --sysroot=/home/cxy/Desktop/ffmpeg-0818/ffmpeg-android/toolchain-android/sysroot object
configure:6508: /home/cxy/Desktop/ffmpeg-0818/ffmpeg-android/toolchain-android/bin/x86_64-linux-android-gcc --sysroot=/home/cxy/Desktop/ffmpeg-0818/ffmpeg-android/toolchain-android/sysroot -c -g -O2 -DHAVE_EXPAT_CONFIG_H conftest.c >&5
configure:6511: $? = 0
configure:6515: /home/cxy/Desktop/ffmpeg-0818/ffmpeg-android/toolchain-android/bin/x86_64-linux-android-nm conftest.o \| sed -n -e 's/^.*[ ]\([ABCDGIRSTW][ABCDGIRSTW]*\)[ ][ ]*\([_A-Za-z][_A-Za-z0-9]*\)$/\1 \2 \2/p' | sed '/ __gnu_lto/d' \> conftest.nm
configure:6518: $? = 0
configure:6584: /home/cxy/Desktop/ffmpeg-0818/ffmpeg-android/toolchain-android/bin/x86_64-linux-android-gcc --sysroot=/home/cxy/Desktop/ffmpeg-0818/ffmpeg-android/toolchain-android/sysroot -o conftest -g -O2 -DHAVE_EXPAT_CONFIG_H  conftest.c conftstm.o >&5
configure:6587: $? = 0
configure:6625: result: ok
configure:6672: checking for sysroot
configure:6702: result: /home/cxy/Desktop/ffmpeg-0818/ffmpeg-android/toolchain-android/sysroot
configure:6709: checking for a working dd
configure:6747: result: /bin/dd
configure:6751: checking how to truncate binary pipes
configure:6766: result: /bin/dd bs=4096 count=1
configure:7055: checking for x86_64-mt
configure:7085: result: no
configure:7095: checking for mt
configure:7111: found /bin/mt
configure:7122: result: mt
configure:7134: WARNING: using cross tools not prefixed with host triplet
configure:7145: checking if mt is a manifest tool
configure:7151: mt '-?'
configure:7159: result: no
configure:7836: checking how to run the C preprocessor
configure:7906: result: /home/cxy/Desktop/ffmpeg-0818/ffmpeg-android/toolchain-android/bin/x86_64-linux-android-cpp
configure:7926: /home/cxy/Desktop/ffmpeg-0818/ffmpeg-android/toolchain-android/bin/x86_64-linux-android-cpp -DHAVE_EXPAT_CONFIG_H conftest.c
configure:7926: $? = 0
configure:7940: /home/cxy/Desktop/ffmpeg-0818/ffmpeg-android/toolchain-android/bin/x86_64-linux-android-cpp -DHAVE_EXPAT_CONFIG_H conftest.c
conftest.c:11:28: fatal error: ac_nonexistent.h: No such file or directory
 #include <ac_nonexistent.h>
                            ^
compilation terminated.
configure:7940: $? = 1
configure: failed program was:
| /* confdefs.h */
| #define PACKAGE_NAME "expat"
| #define PACKAGE_TARNAME "expat"
| #define PACKAGE_VERSION "2.2.7"
| #define PACKAGE_STRING "expat 2.2.7"
| #define PACKAGE_BUGREPORT "expat-bugs@libexpat.org"
| #define PACKAGE_URL ""
| #define PACKAGE "expat"
| #define VERSION "2.2.7"
| /* end confdefs.h.  */
| #include <ac_nonexistent.h>
configure:7969: checking for ANSI C header files
configure:7989: /home/cxy/Desktop/ffmpeg-0818/ffmpeg-android/toolchain-android/bin/x86_64-linux-android-gcc --sysroot=/home/cxy/Desktop/ffmpeg-0818/ffmpeg-android/toolchain-android/sysroot -c -g -O2 -DHAVE_EXPAT_CONFIG_H conftest.c >&5
configure:7989: $? = 0
configure:8073: result: yes
configure:8086: checking for sys/types.h
configure:8086: /home/cxy/Desktop/ffmpeg-0818/ffmpeg-android/toolchain-android/bin/x86_64-linux-android-gcc --sysroot=/home/cxy/Desktop/ffmpeg-0818/ffmpeg-android/toolchain-android/sysroot -c -g -O2 -DHAVE_EXPAT_CONFIG_H conftest.c >&5
configure:8086: $? = 0
configure:8086: result: yes
configure:8086: checking for sys/stat.h
configure:8086: /home/cxy/Desktop/ffmpeg-0818/ffmpeg-android/toolchain-android/bin/x86_64-linux-android-gcc --sysroot=/home/cxy/Desktop/ffmpeg-0818/ffmpeg-android/toolchain-android/sysroot -c -g -O2 -DHAVE_EXPAT_CONFIG_H conftest.c >&5
configure:8086: $? = 0
configure:8086: result: yes
configure:8086: checking for stdlib.h
configure:8086: /home/cxy/Desktop/ffmpeg-0818/ffmpeg-android/toolchain-android/bin/x86_64-linux-android-gcc --sysroot=/home/cxy/Desktop/ffmpeg-0818/ffmpeg-android/toolchain-android/sysroot -c -g -O2 -DHAVE_EXPAT_CONFIG_H conftest.c >&5
configure:8086: $? = 0
configure:8086: result: yes
configure:8086: checking for string.h
configure:8086: /home/cxy/Desktop/ffmpeg-0818/ffmpeg-android/toolchain-android/bin/x86_64-linux-android-gcc --sysroot=/home/cxy/Desktop/ffmpeg-0818/ffmpeg-android/toolchain-android/sysroot -c -g -O2 -DHAVE_EXPAT_CONFIG_H conftest.c >&5
configure:8086: $? = 0
configure:8086: result: yes
configure:8086: checking for memory.h
configure:8086: /home/cxy/Desktop/ffmpeg-0818/ffmpeg-android/toolchain-android/bin/x86_64-linux-android-gcc --sysroot=/home/cxy/Desktop/ffmpeg-0818/ffmpeg-android/toolchain-android/sysroot -c -g -O2 -DHAVE_EXPAT_CONFIG_H conftest.c >&5
configure:8086: $? = 0
configure:8086: result: yes
configure:8086: checking for strings.h
configure:8086: /home/cxy/Desktop/ffmpeg-0818/ffmpeg-android/toolchain-android/bin/x86_64-linux-android-gcc --sysroot=/home/cxy/Desktop/ffmpeg-0818/ffmpeg-android/toolchain-android/sysroot -c -g -O2 -DHAVE_EXPAT_CONFIG_H conftest.c >&5
configure:8086: $? = 0
configure:8086: result: yes
configure:8086: checking for inttypes.h
configure:8086: /home/cxy/Desktop/ffmpeg-0818/ffmpeg-android/toolchain-android/bin/x86_64-linux-android-gcc --sysroot=/home/cxy/Desktop/ffmpeg-0818/ffmpeg-android/toolchain-android/sysroot -c -g -O2 -DHAVE_EXPAT_CONFIG_H conftest.c >&5
configure:8086: $? = 0
configure:8086: result: yes
configure:8086: checking for stdint.h
configure:8086: /home/cxy/Desktop/ffmpeg-0818/ffmpeg-android/toolchain-android/bin/x86_64-linux-android-gcc --sysroot=/home/cxy/Desktop/ffmpeg-0818/ffmpeg-android/toolchain-android/sysroot -c -g -O2 -DHAVE_EXPAT_CONFIG_H conftest.c >&5
configure:8086: $? = 0
configure:8086: result: yes
configure:8086: checking for unistd.h
configure:8086: /home/cxy/Desktop/ffmpeg-0818/ffmpeg-android/toolchain-android/bin/x86_64-linux-android-gcc --sysroot=/home/cxy/Desktop/ffmpeg-0818/ffmpeg-android/toolchain-android/sysroot -c -g -O2 -DHAVE_EXPAT_CONFIG_H conftest.c >&5
configure:8086: $? = 0
configure:8086: result: yes
configure:8100: checking for dlfcn.h
configure:8100: /home/cxy/Desktop/ffmpeg-0818/ffmpeg-android/toolchain-android/bin/x86_64-linux-android-gcc --sysroot=/home/cxy/Desktop/ffmpeg-0818/ffmpeg-android/toolchain-android/sysroot -c -g -O2 -DHAVE_EXPAT_CONFIG_H conftest.c >&5
configure:8100: $? = 0
configure:8100: result: yes
configure:8654: checking for objdir
configure:8669: result: .libs
configure:8933: checking if /home/cxy/Desktop/ffmpeg-0818/ffmpeg-android/toolchain-android/bin/x86_64-linux-android-gcc --sysroot=/home/cxy/Desktop/ffmpeg-0818/ffmpeg-android/toolchain-android/sysroot supports -fno-rtti -fno-exceptions
configure:8951: /home/cxy/Desktop/ffmpeg-0818/ffmpeg-android/toolchain-android/bin/x86_64-linux-android-gcc --sysroot=/home/cxy/Desktop/ffmpeg-0818/ffmpeg-android/toolchain-android/sysroot -c -g -O2 -DHAVE_EXPAT_CONFIG_H -fno-rtti -fno-exceptions conftest.c >&5
cc1: warning: command line option '-fno-rtti' is valid for C++/ObjC++ but not for C
configure:8955: $? = 0
configure:8968: result: no
configure:9326: checking for /home/cxy/Desktop/ffmpeg-0818/ffmpeg-android/toolchain-android/bin/x86_64-linux-android-gcc --sysroot=/home/cxy/Desktop/ffmpeg-0818/ffmpeg-android/toolchain-android/sysroot option to produce PIC
configure:9333: result: -fPIC -DPIC
configure:9341: checking if /home/cxy/Desktop/ffmpeg-0818/ffmpeg-android/toolchain-android/bin/x86_64-linux-android-gcc --sysroot=/home/cxy/Desktop/ffmpeg-0818/ffmpeg-android/toolchain-android/sysroot PIC flag -fPIC -DPIC works
configure:9359: /home/cxy/Desktop/ffmpeg-0818/ffmpeg-android/toolchain-android/bin/x86_64-linux-android-gcc --sysroot=/home/cxy/Desktop/ffmpeg-0818/ffmpeg-android/toolchain-android/sysroot -c -g -O2 -DHAVE_EXPAT_CONFIG_H -fPIC -DPIC -DPIC conftest.c >&5
configure:9363: $? = 0
configure:9376: result: yes
configure:9405: checking if /home/cxy/Desktop/ffmpeg-0818/ffmpeg-android/toolchain-android/bin/x86_64-linux-android-gcc --sysroot=/home/cxy/Desktop/ffmpeg-0818/ffmpeg-android/toolchain-android/sysroot static flag -static works
configure:9433: result: yes
configure:9448: checking if /home/cxy/Desktop/ffmpeg-0818/ffmpeg-android/toolchain-android/bin/x86_64-linux-android-gcc --sysroot=/home/cxy/Desktop/ffmpeg-0818/ffmpeg-android/toolchain-android/sysroot supports -c -o file.o
configure:9469: /home/cxy/Desktop/ffmpeg-0818/ffmpeg-android/toolchain-android/bin/x86_64-linux-android-gcc --sysroot=/home/cxy/Desktop/ffmpeg-0818/ffmpeg-android/toolchain-android/sysroot -c -g -O2 -DHAVE_EXPAT_CONFIG_H -o out/conftest2.o conftest.c >&5
configure:9473: $? = 0
configure:9495: result: yes
configure:9503: checking if /home/cxy/Desktop/ffmpeg-0818/ffmpeg-android/toolchain-android/bin/x86_64-linux-android-gcc --sysroot=/home/cxy/Desktop/ffmpeg-0818/ffmpeg-android/toolchain-android/sysroot supports -c -o file.o
configure:9550: result: yes
configure:9583: checking whether the /home/cxy/Desktop/ffmpeg-0818/ffmpeg-android/toolchain-android/bin/x86_64-linux-android-gcc --sysroot=/home/cxy/Desktop/ffmpeg-0818/ffmpeg-android/toolchain-android/sysroot linker (/home/cxy/Desktop/ffmpeg-0818/ffmpeg-android/toolchain-android/bin/x86_64-linux-android-ld) supports shared libraries
configure:10842: result: yes
configure:11082: checking dynamic linker characteristics
configure:11913: result: no
configure:12035: checking how to hardcode library paths into programs
configure:12060: result: immediate
configure:12608: checking whether stripping libraries is possible
configure:12613: result: yes
configure:12648: checking if libtool supports shared libraries
configure:12650: result: no
configure:12653: checking whether to build shared libraries
configure:12678: result: no
configure:12681: checking whether to build static libraries
configure:12685: result: yes
configure:12733: checking for /home/cxy/Desktop/ffmpeg-0818/ffmpeg-android/toolchain-android/bin/x86_64-linux-android-gcc --sysroot=/home/cxy/Desktop/ffmpeg-0818/ffmpeg-android/toolchain-android/sysroot option to accept ISO C99
configure:12882: /home/cxy/Desktop/ffmpeg-0818/ffmpeg-android/toolchain-android/bin/x86_64-linux-android-gcc --sysroot=/home/cxy/Desktop/ffmpeg-0818/ffmpeg-android/toolchain-android/sysroot  -c -g -O2 -DHAVE_EXPAT_CONFIG_H conftest.c >&5
conftest.c:73:29: error: expected ';', ',' or ')' before 'text'
 test_restrict (ccp restrict text)
                             ^
conftest.c: In function 'main':
conftest.c:127:18: error: expected '=', ',', ';', 'asm' or '__attribute__' before 'newvar'
   char *restrict newvar = "Another string";
                  ^
conftest.c:127:18: error: 'newvar' undeclared (first use in this function)
conftest.c:127:18: note: each undeclared identifier is reported only once for each function it appears in
conftest.c:137:3: error: 'for' loop initial declarations are only allowed in C99 or C11 mode
   for (int i = 0; i < ia->datasize; ++i)
   ^
conftest.c:137:3: note: use option -std=c99, -std=gnu99, -std=c11 or -std=gnu11 to compile your code
configure:12882: $? = 1
configure: failed program was:
| /* confdefs.h */
| #define PACKAGE_NAME "expat"
| #define PACKAGE_TARNAME "expat"
| #define PACKAGE_VERSION "2.2.7"
| #define PACKAGE_STRING "expat 2.2.7"
| #define PACKAGE_BUGREPORT "expat-bugs@libexpat.org"
| #define PACKAGE_URL ""
| #define PACKAGE "expat"
| #define VERSION "2.2.7"
| #define STDC_HEADERS 1
| #define HAVE_SYS_TYPES_H 1
| #define HAVE_SYS_STAT_H 1
| #define HAVE_STDLIB_H 1
| #define HAVE_STRING_H 1
| #define HAVE_MEMORY_H 1
| #define HAVE_STRINGS_H 1
| #define HAVE_INTTYPES_H 1
| #define HAVE_STDINT_H 1
| #define HAVE_UNISTD_H 1
| #define HAVE_DLFCN_H 1
| #define LT_OBJDIR ".libs/"
| /* end confdefs.h.  */
| #include <stdarg.h>
| #include <stdbool.h>
| #include <stdlib.h>
| #include <wchar.h>
| #include <stdio.h>
| 
| // Check varargs macros.  These examples are taken from C99 6.10.3.5.
| #define debug(...) fprintf (stderr, __VA_ARGS__)
| #define showlist(...) puts (#__VA_ARGS__)
| #define report(test,...) ((test) ? puts (#test) : printf (__VA_ARGS__))
| static void
| test_varargs_macros (void)
| {
|   int x = 1234;
|   int y = 5678;
|   debug ("Flag");
|   debug ("X = %d\n", x);
|   showlist (The first, second, and third items.);
|   report (x>y, "x is %d but y is %d", x, y);
| }
| 
| // Check long long types.
| #define BIG64 18446744073709551615ull
| #define BIG32 4294967295ul
| #define BIG_OK (BIG64 / BIG32 == 4294967297ull && BIG64 % BIG32 == 0)
| #if !BIG_OK
|   your preprocessor is broken;
| #endif
| #if BIG_OK
| #else
|   your preprocessor is broken;
| #endif
| static long long int bignum = -9223372036854775807LL;
| static unsigned long long int ubignum = BIG64;
| 
| struct incomplete_array
| {
|   int datasize;
|   double data[];
| };
| 
| struct named_init {
|   int number;
|   const wchar_t *name;
|   double average;
| };
| 
| typedef const char *ccp;
| 
| static inline int
| test_restrict (ccp restrict text)
| {
|   // See if C++-style comments work.
|   // Iterate through items via the restricted pointer.
|   // Also check for declarations in for loops.
|   for (unsigned int i = 0; *(text+i) != '\0'; ++i)
|     continue;
|   return 0;
| }
| 
| // Check varargs and va_copy.
| static void
| test_varargs (const char *format, ...)
| {
|   va_list args;
|   va_start (args, format);
|   va_list args_copy;
|   va_copy (args_copy, args);
| 
|   const char *str;
|   int number;
|   float fnumber;
| 
|   while (*format)
|     {
|       switch (*format++)
| 	{
| 	case 's': // string
| 	  str = va_arg (args_copy, const char *);
| 	  break;
| 	case 'd': // int
| 	  number = va_arg (args_copy, int);
| 	  break;
| 	case 'f': // float
| 	  fnumber = va_arg (args_copy, double);
| 	  break;
| 	default:
| 	  break;
| 	}
|     }
|   va_end (args_copy);
|   va_end (args);
| }
| 
| int
| main ()
| {
| 
|   // Check bool.
|   _Bool success = false;
| 
|   // Check restrict.
|   if (test_restrict ("String literal") == 0)
|     success = true;
|   char *restrict newvar = "Another string";
| 
|   // Check varargs.
|   test_varargs ("s, d' f .", "string", 65, 34.234);
|   test_varargs_macros ();
| 
|   // Check flexible array members.
|   struct incomplete_array *ia =
|     malloc (sizeof (struct incomplete_array) + (sizeof (double) * 10));
|   ia->datasize = 10;
|   for (int i = 0; i < ia->datasize; ++i)
|     ia->data[i] = i * 1.234;
| 
|   // Check named initializers.
|   struct named_init ni = {
|     .number = 34,
|     .name = L"Test wide string",
|     .average = 543.34343,
|   };
| 
|   ni.number = 58;
| 
|   int dynamic_array[ni.number];
|   dynamic_array[ni.number - 1] = 543;
| 
|   // work around unused variable warnings
|   return (!success || bignum == 0LL || ubignum == 0uLL || newvar[0] == 'x'
| 	  || dynamic_array[ni.number - 1] != 543);
| 
|   ;
|   return 0;
| }
configure:12882: /home/cxy/Desktop/ffmpeg-0818/ffmpeg-android/toolchain-android/bin/x86_64-linux-android-gcc --sysroot=/home/cxy/Desktop/ffmpeg-0818/ffmpeg-android/toolchain-android/sysroot -std=gnu99 -c -g -O2 -DHAVE_EXPAT_CONFIG_H conftest.c >&5
configure:12882: $? = 0
configure:12902: result: -std=gnu99
configure:12917: checking whether C compiler accepts -Wall
configure:12936: /home/cxy/Desktop/ffmpeg-0818/ffmpeg-android/toolchain-android/bin/x86_64-linux-android-gcc --sysroot=/home/cxy/Desktop/ffmpeg-0818/ffmpeg-android/toolchain-android/sysroot -std=gnu99 -c -g -O2  -Wall -DHAVE_EXPAT_CONFIG_H conftest.c >&5
configure:12936: $? = 0
configure:12945: result: yes
configure:12961: : CFLAGS="$CFLAGS"
configure:12964: $? = 0
configure:12917: checking whether C compiler accepts -Wextra
configure:12936: /home/cxy/Desktop/ffmpeg-0818/ffmpeg-android/toolchain-android/bin/x86_64-linux-android-gcc --sysroot=/home/cxy/Desktop/ffmpeg-0818/ffmpeg-android/toolchain-android/sysroot -std=gnu99 -c -g -O2 -Wall  -Wextra -DHAVE_EXPAT_CONFIG_H conftest.c >&5
configure:12936: $? = 0
configure:12945: result: yes
configure:12961: : CFLAGS="$CFLAGS"
configure:12964: $? = 0
configure:12992: checking whether C compiler accepts -fexceptions
configure:13011: /home/cxy/Desktop/ffmpeg-0818/ffmpeg-android/toolchain-android/bin/x86_64-linux-android-gcc --sysroot=/home/cxy/Desktop/ffmpeg-0818/ffmpeg-android/toolchain-android/sysroot -std=gnu99 -c -g -O2 -Wall -Wextra  -fexceptions -DHAVE_EXPAT_CONFIG_H conftest.c >&5
configure:13011: $? = 0
configure:13020: result: yes
configure:13036: : CFLAGS="$CFLAGS"
configure:13039: $? = 0
configure:13067: checking whether C compiler accepts -fno-strict-aliasing
configure:13086: /home/cxy/Desktop/ffmpeg-0818/ffmpeg-android/toolchain-android/bin/x86_64-linux-android-gcc --sysroot=/home/cxy/Desktop/ffmpeg-0818/ffmpeg-android/toolchain-android/sysroot -std=gnu99 -c -g -O2 -Wall -Wextra -fexceptions  -fno-strict-aliasing -DHAVE_EXPAT_CONFIG_H conftest.c >&5
configure:13086: $? = 0
configure:13095: result: yes
configure:13111: : CFLAGS="$CFLAGS"
configure:13114: $? = 0
configure:13067: checking whether C compiler accepts -Wmissing-prototypes
configure:13086: /home/cxy/Desktop/ffmpeg-0818/ffmpeg-android/toolchain-android/bin/x86_64-linux-android-gcc --sysroot=/home/cxy/Desktop/ffmpeg-0818/ffmpeg-android/toolchain-android/sysroot -std=gnu99 -c -g -O2 -Wall -Wextra -fexceptions -fno-strict-aliasing  -Wmissing-prototypes -DHAVE_EXPAT_CONFIG_H conftest.c >&5
configure:13086: $? = 0
configure:13095: result: yes
configure:13111: : CFLAGS="$CFLAGS"
configure:13114: $? = 0
configure:13067: checking whether C compiler accepts -Wstrict-prototypes
configure:13086: /home/cxy/Desktop/ffmpeg-0818/ffmpeg-android/toolchain-android/bin/x86_64-linux-android-gcc --sysroot=/home/cxy/Desktop/ffmpeg-0818/ffmpeg-android/toolchain-android/sysroot -std=gnu99 -c -g -O2 -Wall -Wextra -fexceptions -fno-strict-aliasing -Wmissing-prototypes  -Wstrict-prototypes -DHAVE_EXPAT_CONFIG_H conftest.c >&5
conftest.c:25:1: warning: function declaration isn't a prototype [-Wstrict-prototypes]
 main ()
 ^
configure:13086: $? = 0
configure:13095: result: yes
configure:13111: : CFLAGS="$CFLAGS"
configure:13114: $? = 0
configure:13142: checking whether C compiler accepts -pedantic
configure:13161: /home/cxy/Desktop/ffmpeg-0818/ffmpeg-android/toolchain-android/bin/x86_64-linux-android-gcc --sysroot=/home/cxy/Desktop/ffmpeg-0818/ffmpeg-android/toolchain-android/sysroot -std=gnu99 -c -g -O2 -Wall -Wextra -fexceptions -fno-strict-aliasing -Wmissing-prototypes -Wstrict-prototypes  -pedantic -DHAVE_EXPAT_CONFIG_H conftest.c >&5
conftest.c:25:1: warning: function declaration isn't a prototype [-Wstrict-prototypes]
 main ()
 ^
configure:13161: $? = 0
configure:13170: result: yes
configure:13186: : CFLAGS="$CFLAGS"
configure:13189: $? = 0
configure:13142: checking whether C compiler accepts -Wduplicated-cond
configure:13161: /home/cxy/Desktop/ffmpeg-0818/ffmpeg-android/toolchain-android/bin/x86_64-linux-android-gcc --sysroot=/home/cxy/Desktop/ffmpeg-0818/ffmpeg-android/toolchain-android/sysroot -std=gnu99 -c -g -O2 -Wall -Wextra -fexceptions -fno-strict-aliasing -Wmissing-prototypes -Wstrict-prototypes -pedantic  -Wduplicated-cond -DHAVE_EXPAT_CONFIG_H conftest.c >&5
x86_64-linux-android-gcc: error: unrecognized command line option '-Wduplicated-cond'
configure:13161: $? = 1
configure: failed program was:
| /* confdefs.h */
| #define PACKAGE_NAME "expat"
| #define PACKAGE_TARNAME "expat"
| #define PACKAGE_VERSION "2.2.7"
| #define PACKAGE_STRING "expat 2.2.7"
| #define PACKAGE_BUGREPORT "expat-bugs@libexpat.org"
| #define PACKAGE_URL ""
| #define PACKAGE "expat"
| #define VERSION "2.2.7"
| #define STDC_HEADERS 1
| #define HAVE_SYS_TYPES_H 1
| #define HAVE_SYS_STAT_H 1
| #define HAVE_STDLIB_H 1
| #define HAVE_STRING_H 1
| #define HAVE_MEMORY_H 1
| #define HAVE_STRINGS_H 1
| #define HAVE_INTTYPES_H 1
| #define HAVE_STDINT_H 1
| #define HAVE_UNISTD_H 1
| #define HAVE_DLFCN_H 1
| #define LT_OBJDIR ".libs/"
| /* end confdefs.h.  */
| 
| int
| main ()
| {
| 
|   ;
|   return 0;
| }
configure:13170: result: no
configure:13142: checking whether C compiler accepts -Wduplicated-branches
configure:13161: /home/cxy/Desktop/ffmpeg-0818/ffmpeg-android/toolchain-android/bin/x86_64-linux-android-gcc --sysroot=/home/cxy/Desktop/ffmpeg-0818/ffmpeg-android/toolchain-android/sysroot -std=gnu99 -c -g -O2 -Wall -Wextra -fexceptions -fno-strict-aliasing -Wmissing-prototypes -Wstrict-prototypes -pedantic  -Wduplicated-branches -DHAVE_EXPAT_CONFIG_H conftest.c >&5
x86_64-linux-android-gcc: error: unrecognized command line option '-Wduplicated-branches'
configure:13161: $? = 1
configure: failed program was:
| /* confdefs.h */
| #define PACKAGE_NAME "expat"
| #define PACKAGE_TARNAME "expat"
| #define PACKAGE_VERSION "2.2.7"
| #define PACKAGE_STRING "expat 2.2.7"
| #define PACKAGE_BUGREPORT "expat-bugs@libexpat.org"
| #define PACKAGE_URL ""
| #define PACKAGE "expat"
| #define VERSION "2.2.7"
| #define STDC_HEADERS 1
| #define HAVE_SYS_TYPES_H 1
| #define HAVE_SYS_STAT_H 1
| #define HAVE_STDLIB_H 1
| #define HAVE_STRING_H 1
| #define HAVE_MEMORY_H 1
| #define HAVE_STRINGS_H 1
| #define HAVE_INTTYPES_H 1
| #define HAVE_STDINT_H 1
| #define HAVE_UNISTD_H 1
| #define HAVE_DLFCN_H 1
| #define LT_OBJDIR ".libs/"
| /* end confdefs.h.  */
| 
| int
| main ()
| {
| 
|   ;
|   return 0;
| }
configure:13170: result: no
configure:13142: checking whether C compiler accepts -Wlogical-op
configure:13161: /home/cxy/Desktop/ffmpeg-0818/ffmpeg-android/toolchain-android/bin/x86_64-linux-android-gcc --sysroot=/home/cxy/Desktop/ffmpeg-0818/ffmpeg-android/toolchain-android/sysroot -std=gnu99 -c -g -O2 -Wall -Wextra -fexceptions -fno-strict-aliasing -Wmissing-prototypes -Wstrict-prototypes -pedantic  -Wlogical-op -DHAVE_EXPAT_CONFIG_H conftest.c >&5
conftest.c:25:1: warning: function declaration isn't a prototype [-Wstrict-prototypes]
 main ()
 ^
configure:13161: $? = 0
configure:13170: result: yes
configure:13186: : CFLAGS="$CFLAGS"
configure:13189: $? = 0
configure:13217: checking whether C compiler accepts -Wrestrict
configure:13236: /home/cxy/Desktop/ffmpeg-0818/ffmpeg-android/toolchain-android/bin/x86_64-linux-android-gcc --sysroot=/home/cxy/Desktop/ffmpeg-0818/ffmpeg-android/toolchain-android/sysroot -std=gnu99 -c -g -O2 -Wall -Wextra -fexceptions -fno-strict-aliasing -Wmissing-prototypes -Wstrict-prototypes -pedantic -Wlogical-op  -Wrestrict -DHAVE_EXPAT_CONFIG_H conftest.c >&5
x86_64-linux-android-gcc: error: unrecognized command line option '-Wrestrict'
configure:13236: $? = 1
configure: failed program was:
| /* confdefs.h */
| #define PACKAGE_NAME "expat"
| #define PACKAGE_TARNAME "expat"
| #define PACKAGE_VERSION "2.2.7"
| #define PACKAGE_STRING "expat 2.2.7"
| #define PACKAGE_BUGREPORT "expat-bugs@libexpat.org"
| #define PACKAGE_URL ""
| #define PACKAGE "expat"
| #define VERSION "2.2.7"
| #define STDC_HEADERS 1
| #define HAVE_SYS_TYPES_H 1
| #define HAVE_SYS_STAT_H 1
| #define HAVE_STDLIB_H 1
| #define HAVE_STRING_H 1
| #define HAVE_MEMORY_H 1
| #define HAVE_STRINGS_H 1
| #define HAVE_INTTYPES_H 1
| #define HAVE_STDINT_H 1
| #define HAVE_UNISTD_H 1
| #define HAVE_DLFCN_H 1
| #define LT_OBJDIR ".libs/"
| /* end confdefs.h.  */
| 
| int
| main ()
| {
| 
|   ;
|   return 0;
| }
configure:13245: result: no
configure:13217: checking whether C compiler accepts -Wnull-dereference
configure:13236: /home/cxy/Desktop/ffmpeg-0818/ffmpeg-android/toolchain-android/bin/x86_64-linux-android-gcc --sysroot=/home/cxy/Desktop/ffmpeg-0818/ffmpeg-android/toolchain-android/sysroot -std=gnu99 -c -g -O2 -Wall -Wextra -fexceptions -fno-strict-aliasing -Wmissing-prototypes -Wstrict-prototypes -pedantic -Wlogical-op  -Wnull-dereference -DHAVE_EXPAT_CONFIG_H conftest.c >&5
x86_64-linux-android-gcc: error: unrecognized command line option '-Wnull-dereference'
configure:13236: $? = 1
configure: failed program was:
| /* confdefs.h */
| #define PACKAGE_NAME "expat"
| #define PACKAGE_TARNAME "expat"
| #define PACKAGE_VERSION "2.2.7"
| #define PACKAGE_STRING "expat 2.2.7"
| #define PACKAGE_BUGREPORT "expat-bugs@libexpat.org"
| #define PACKAGE_URL ""
| #define PACKAGE "expat"
| #define VERSION "2.2.7"
| #define STDC_HEADERS 1
| #define HAVE_SYS_TYPES_H 1
| #define HAVE_SYS_STAT_H 1
| #define HAVE_STDLIB_H 1
| #define HAVE_STRING_H 1
| #define HAVE_MEMORY_H 1
| #define HAVE_STRINGS_H 1
| #define HAVE_INTTYPES_H 1
| #define HAVE_STDINT_H 1
| #define HAVE_UNISTD_H 1
| #define HAVE_DLFCN_H 1
| #define LT_OBJDIR ".libs/"
| /* end confdefs.h.  */
| 
| int
| main ()
| {
| 
|   ;
|   return 0;
| }
configure:13245: result: no
configure:13217: checking whether C compiler accepts -Wjump-misses-init
configure:13236: /home/cxy/Desktop/ffmpeg-0818/ffmpeg-android/toolchain-android/bin/x86_64-linux-android-gcc --sysroot=/home/cxy/Desktop/ffmpeg-0818/ffmpeg-android/toolchain-android/sysroot -std=gnu99 -c -g -O2 -Wall -Wextra -fexceptions -fno-strict-aliasing -Wmissing-prototypes -Wstrict-prototypes -pedantic -Wlogical-op  -Wjump-misses-init -DHAVE_EXPAT_CONFIG_H conftest.c >&5
conftest.c:25:1: warning: function declaration isn't a prototype [-Wstrict-prototypes]
 main ()
 ^
configure:13236: $? = 0
configure:13245: result: yes
configure:13261: : CFLAGS="$CFLAGS"
configure:13264: $? = 0
configure:13217: checking whether C compiler accepts -Wdouble-promotion
configure:13236: /home/cxy/Desktop/ffmpeg-0818/ffmpeg-android/toolchain-android/bin/x86_64-linux-android-gcc --sysroot=/home/cxy/Desktop/ffmpeg-0818/ffmpeg-android/toolchain-android/sysroot -std=gnu99 -c -g -O2 -Wall -Wextra -fexceptions -fno-strict-aliasing -Wmissing-prototypes -Wstrict-prototypes -pedantic -Wlogical-op -Wjump-misses-init  -Wdouble-promotion -DHAVE_EXPAT_CONFIG_H conftest.c >&5
conftest.c:25:1: warning: function declaration isn't a prototype [-Wstrict-prototypes]
 main ()
 ^
configure:13236: $? = 0
configure:13245: result: yes
configure:13261: : CFLAGS="$CFLAGS"
configure:13264: $? = 0
configure:13292: checking whether C compiler accepts -Wshadow
configure:13311: /home/cxy/Desktop/ffmpeg-0818/ffmpeg-android/toolchain-android/bin/x86_64-linux-android-gcc --sysroot=/home/cxy/Desktop/ffmpeg-0818/ffmpeg-android/toolchain-android/sysroot -std=gnu99 -c -g -O2 -Wall -Wextra -fexceptions -fno-strict-aliasing -Wmissing-prototypes -Wstrict-prototypes -pedantic -Wlogical-op -Wjump-misses-init -Wdouble-promotion  -Wshadow -DHAVE_EXPAT_CONFIG_H conftest.c >&5
conftest.c:25:1: warning: function declaration isn't a prototype [-Wstrict-prototypes]
 main ()
 ^
configure:13311: $? = 0
configure:13320: result: yes
configure:13336: : CFLAGS="$CFLAGS"
configure:13339: $? = 0
configure:13292: checking whether C compiler accepts -Wformat=2
configure:13311: /home/cxy/Desktop/ffmpeg-0818/ffmpeg-android/toolchain-android/bin/x86_64-linux-android-gcc --sysroot=/home/cxy/Desktop/ffmpeg-0818/ffmpeg-android/toolchain-android/sysroot -std=gnu99 -c -g -O2 -Wall -Wextra -fexceptions -fno-strict-aliasing -Wmissing-prototypes -Wstrict-prototypes -pedantic -Wlogical-op -Wjump-misses-init -Wdouble-promotion -Wshadow  -Wformat=2 -DHAVE_EXPAT_CONFIG_H conftest.c >&5
conftest.c:25:1: warning: function declaration isn't a prototype [-Wstrict-prototypes]
 main ()
 ^
configure:13311: $? = 0
configure:13320: result: yes
configure:13336: : CFLAGS="$CFLAGS"
configure:13339: $? = 0
configure:13292: checking whether C compiler accepts -Wmisleading-indentation
configure:13311: /home/cxy/Desktop/ffmpeg-0818/ffmpeg-android/toolchain-android/bin/x86_64-linux-android-gcc --sysroot=/home/cxy/Desktop/ffmpeg-0818/ffmpeg-android/toolchain-android/sysroot -std=gnu99 -c -g -O2 -Wall -Wextra -fexceptions -fno-strict-aliasing -Wmissing-prototypes -Wstrict-prototypes -pedantic -Wlogical-op -Wjump-misses-init -Wdouble-promotion -Wshadow -Wformat=2  -Wmisleading-indentation -DHAVE_EXPAT_CONFIG_H conftest.c >&5
x86_64-linux-android-gcc: error: unrecognized command line option '-Wmisleading-indentation'
configure:13311: $? = 1
configure: failed program was:
| /* confdefs.h */
| #define PACKAGE_NAME "expat"
| #define PACKAGE_TARNAME "expat"
| #define PACKAGE_VERSION "2.2.7"
| #define PACKAGE_STRING "expat 2.2.7"
| #define PACKAGE_BUGREPORT "expat-bugs@libexpat.org"
| #define PACKAGE_URL ""
| #define PACKAGE "expat"
| #define VERSION "2.2.7"
| #define STDC_HEADERS 1
| #define HAVE_SYS_TYPES_H 1
| #define HAVE_SYS_STAT_H 1
| #define HAVE_STDLIB_H 1
| #define HAVE_STRING_H 1
| #define HAVE_MEMORY_H 1
| #define HAVE_STRINGS_H 1
| #define HAVE_INTTYPES_H 1
| #define HAVE_STDINT_H 1
| #define HAVE_UNISTD_H 1
| #define HAVE_DLFCN_H 1
| #define LT_OBJDIR ".libs/"
| /* end confdefs.h.  */
| 
| int
| main ()
| {
| 
|   ;
|   return 0;
| }
configure:13320: result: no
configure:13481: checking for C++ compiler version
configure:13490: /home/cxy/Desktop/ffmpeg-0818/ffmpeg-android/toolchain-android/bin/x86_64-linux-android-g++ --version >&5
x86_64-linux-android-g++ (GCC) 4.9.x 20150123 (prerelease)
Copyright (C) 2014 Free Software Foundation, Inc.
This is free software; see the source for copying conditions.  There is NO
warranty; not even for MERCHANTABILITY or FITNESS FOR A PARTICULAR PURPOSE.

configure:13501: $? = 0
configure:13490: /home/cxy/Desktop/ffmpeg-0818/ffmpeg-android/toolchain-android/bin/x86_64-linux-android-g++ -v >&5
Using built-in specs.
COLLECT_GCC=/home/cxy/Desktop/ffmpeg-0818/ffmpeg-android/toolchain-android/bin/x86_64-linux-android-g++
COLLECT_LTO_WRAPPER=/home/cxy/Desktop/ffmpeg-0818/ffmpeg-android/toolchain-android/bin/../libexec/gcc/x86_64-linux-android/4.9.x/lto-wrapper
Target: x86_64-linux-android
Configured with: /usr/local/google/buildbot/src/android/gcc/toolchain/build/../gcc/gcc-4.9/configure --prefix=/tmp/2c83971299a753917d8db9a4f5356c5d --target=x86_64-linux-android --host=x86_64-linux-gnu --build=x86_64-linux-gnu --with-gnu-as --with-gnu-ld --enable-languages=c,c++ --with-gmp=/buildbot/tmp/build/toolchain/temp-install --with-mpfr=/buildbot/tmp/build/toolchain/temp-install --with-mpc=/buildbot/tmp/build/toolchain/temp-install --with-cloog=/buildbot/tmp/build/toolchain/temp-install --with-isl=/buildbot/tmp/build/toolchain/temp-install --with-ppl=/buildbot/tmp/build/toolchain/temp-install --disable-ppl-version-check --disable-cloog-version-check --disable-isl-version-check --enable-cloog-backend=isl --with-host-libstdcxx='-static-libgcc -Wl,-Bstatic,-lstdc++,-Bdynamic -lm' --disable-libssp --enable-threads --disable-nls --disable-libmudflap --disable-libgomp --disable-libstdc__-v3 --disable-sjlj-exceptions --disable-shared --disable-tls --disable-libitm --with-arch=x86-64 --with-tune=intel --with-fpmath=sse --with-multilib-list=m32,m64 --enable-bionic-libs --enable-libatomic-ifuncs=no --enable-initfini-array --disable-nls --prefix=/tmp/2c83971299a753917d8db9a4f5356c5d --with-sysroot=/tmp/2c83971299a753917d8db9a4f5356c5d/sysroot --with-binutils-version=2.27 --with-mpfr-version=3.1.1 --with-mpc-version=1.0.1 --with-gmp-version=5.0.5 --with-gcc-version=4.9 --with-gdb-version=none --with-gxx-include-dir=/tmp/2c83971299a753917d8db9a4f5356c5d/include/c++/4.9.x --with-bugurl=http://source.android.com/source/report-bugs.html --enable-languages=c,c++ --disable-bootstrap --enable-plugins --enable-libgomp --enable-gnu-indirect-function --disable-libcilkrts --disable-libsanitizer --enable-gold --enable-threads --enable-eh-frame-hdr-for-static --enable-graphite=yes --with-isl-version=0.11.1 --with-cloog-version=0.18.0 --program-transform-name='s&^&x86_64-linux-android-&' --enable-gold=default
Thread model: posix
gcc version 4.9.x 20150123 (prerelease) (GCC) 
configure:13501: $? = 0
configure:13490: /home/cxy/Desktop/ffmpeg-0818/ffmpeg-android/toolchain-android/bin/x86_64-linux-android-g++ -V >&5
x86_64-linux-android-g++: error: unrecognized command line option '-V'
x86_64-linux-android-g++: fatal error: no input files
compilation terminated.
configure:13501: $? = 1
configure:13490: /home/cxy/Desktop/ffmpeg-0818/ffmpeg-android/toolchain-android/bin/x86_64-linux-android-g++ -qversion >&5
x86_64-linux-android-g++: error: unrecognized command line option '-qversion'
x86_64-linux-android-g++: fatal error: no input files
compilation terminated.
configure:13501: $? = 1
configure:13505: checking whether we are using the GNU C++ compiler
configure:13524: /home/cxy/Desktop/ffmpeg-0818/ffmpeg-android/toolchain-android/bin/x86_64-linux-android-g++ -c  -DHAVE_EXPAT_CONFIG_H conftest.cpp >&5
configure:13524: $? = 0
configure:13533: result: yes
configure:13542: checking whether /home/cxy/Desktop/ffmpeg-0818/ffmpeg-android/toolchain-android/bin/x86_64-linux-android-g++ accepts -g
configure:13562: /home/cxy/Desktop/ffmpeg-0818/ffmpeg-android/toolchain-android/bin/x86_64-linux-android-g++ -c -g -DHAVE_EXPAT_CONFIG_H conftest.cpp >&5
configure:13562: $? = 0
configure:13603: result: yes
configure:13628: checking dependency style of /home/cxy/Desktop/ffmpeg-0818/ffmpeg-android/toolchain-android/bin/x86_64-linux-android-g++
configure:13739: result: gcc3
configure:13772: checking how to run the C++ preprocessor
configure:13799: /home/cxy/Desktop/ffmpeg-0818/ffmpeg-android/toolchain-android/bin/x86_64-linux-android-g++ -E -DHAVE_EXPAT_CONFIG_H conftest.cpp
configure:13799: $? = 0
configure:13813: /home/cxy/Desktop/ffmpeg-0818/ffmpeg-android/toolchain-android/bin/x86_64-linux-android-g++ -E -DHAVE_EXPAT_CONFIG_H conftest.cpp
conftest.cpp:23:28: fatal error: ac_nonexistent.h: No such file or directory
 #include <ac_nonexistent.h>
                            ^
compilation terminated.
configure:13813: $? = 1
configure: failed program was:
| /* confdefs.h */
| #define PACKAGE_NAME "expat"
| #define PACKAGE_TARNAME "expat"
| #define PACKAGE_VERSION "2.2.7"
| #define PACKAGE_STRING "expat 2.2.7"
| #define PACKAGE_BUGREPORT "expat-bugs@libexpat.org"
| #define PACKAGE_URL ""
| #define PACKAGE "expat"
| #define VERSION "2.2.7"
| #define STDC_HEADERS 1
| #define HAVE_SYS_TYPES_H 1
| #define HAVE_SYS_STAT_H 1
| #define HAVE_STDLIB_H 1
| #define HAVE_STRING_H 1
| #define HAVE_MEMORY_H 1
| #define HAVE_STRINGS_H 1
| #define HAVE_INTTYPES_H 1
| #define HAVE_STDINT_H 1
| #define HAVE_UNISTD_H 1
| #define HAVE_DLFCN_H 1
| #define LT_OBJDIR ".libs/"
| /* end confdefs.h.  */
| #include <ac_nonexistent.h>
configure:13838: result: /home/cxy/Desktop/ffmpeg-0818/ffmpeg-android/toolchain-android/bin/x86_64-linux-android-g++ -E
configure:13858: /home/cxy/Desktop/ffmpeg-0818/ffmpeg-android/toolchain-android/bin/x86_64-linux-android-g++ -E -DHAVE_EXPAT_CONFIG_H conftest.cpp
configure:13858: $? = 0
configure:13872: /home/cxy/Desktop/ffmpeg-0818/ffmpeg-android/toolchain-android/bin/x86_64-linux-android-g++ -E -DHAVE_EXPAT_CONFIG_H conftest.cpp
conftest.cpp:23:28: fatal error: ac_nonexistent.h: No such file or directory
 #include <ac_nonexistent.h>
                            ^
compilation terminated.
configure:13872: $? = 1
configure: failed program was:
| /* confdefs.h */
| #define PACKAGE_NAME "expat"
| #define PACKAGE_TARNAME "expat"
| #define PACKAGE_VERSION "2.2.7"
| #define PACKAGE_STRING "expat 2.2.7"
| #define PACKAGE_BUGREPORT "expat-bugs@libexpat.org"
| #define PACKAGE_URL ""
| #define PACKAGE "expat"
| #define VERSION "2.2.7"
| #define STDC_HEADERS 1
| #define HAVE_SYS_TYPES_H 1
| #define HAVE_SYS_STAT_H 1
| #define HAVE_STDLIB_H 1
| #define HAVE_STRING_H 1
| #define HAVE_MEMORY_H 1
| #define HAVE_STRINGS_H 1
| #define HAVE_INTTYPES_H 1
| #define HAVE_STDINT_H 1
| #define HAVE_UNISTD_H 1
| #define HAVE_DLFCN_H 1
| #define LT_OBJDIR ".libs/"
| /* end confdefs.h.  */
| #include <ac_nonexistent.h>
configure:14034: checking for ld used by /home/cxy/Desktop/ffmpeg-0818/ffmpeg-android/toolchain-android/bin/x86_64-linux-android-g++
configure:14101: result: /home/cxy/Desktop/ffmpeg-0818/ffmpeg-android/toolchain-android/bin/x86_64-linux-android-ld
configure:14108: checking if the linker (/home/cxy/Desktop/ffmpeg-0818/ffmpeg-android/toolchain-android/bin/x86_64-linux-android-ld) is GNU ld
configure:14123: result: yes
configure:14178: checking whether the /home/cxy/Desktop/ffmpeg-0818/ffmpeg-android/toolchain-android/bin/x86_64-linux-android-g++ linker (/home/cxy/Desktop/ffmpeg-0818/ffmpeg-android/toolchain-android/bin/x86_64-linux-android-ld) supports shared libraries
configure:15251: result: no
configure:15287: /home/cxy/Desktop/ffmpeg-0818/ffmpeg-android/toolchain-android/bin/x86_64-linux-android-g++ -c -g -O2 -DHAVE_EXPAT_CONFIG_H conftest.cpp >&5
configure:15290: $? = 0
configure:15771: checking for /home/cxy/Desktop/ffmpeg-0818/ffmpeg-android/toolchain-android/bin/x86_64-linux-android-g++ option to produce PIC
configure:15778: result: -fPIC -DPIC
configure:15786: checking if /home/cxy/Desktop/ffmpeg-0818/ffmpeg-android/toolchain-android/bin/x86_64-linux-android-g++ PIC flag -fPIC -DPIC works
configure:15804: /home/cxy/Desktop/ffmpeg-0818/ffmpeg-android/toolchain-android/bin/x86_64-linux-android-g++ -c -g -O2 -DHAVE_EXPAT_CONFIG_H -fPIC -DPIC -DPIC conftest.cpp >&5
configure:15808: $? = 0
configure:15821: result: yes
configure:15844: checking if /home/cxy/Desktop/ffmpeg-0818/ffmpeg-android/toolchain-android/bin/x86_64-linux-android-g++ static flag -static works
configure:15872: result: yes
configure:15884: checking if /home/cxy/Desktop/ffmpeg-0818/ffmpeg-android/toolchain-android/bin/x86_64-linux-android-g++ supports -c -o file.o
configure:15905: /home/cxy/Desktop/ffmpeg-0818/ffmpeg-android/toolchain-android/bin/x86_64-linux-android-g++ -c -g -O2 -DHAVE_EXPAT_CONFIG_H -o out/conftest2.o conftest.cpp >&5
configure:15909: $? = 0
configure:15931: result: yes
configure:15936: checking if /home/cxy/Desktop/ffmpeg-0818/ffmpeg-android/toolchain-android/bin/x86_64-linux-android-g++ supports -c -o file.o
configure:15983: result: yes
configure:16013: checking whether the /home/cxy/Desktop/ffmpeg-0818/ffmpeg-android/toolchain-android/bin/x86_64-linux-android-g++ linker (/home/cxy/Desktop/ffmpeg-0818/ffmpeg-android/toolchain-android/bin/x86_64-linux-android-ld) supports shared libraries
configure:16053: result: no
configure:16194: checking dynamic linker characteristics
configure:16952: result: no
configure:17017: checking how to hardcode library paths into programs
configure:17042: result: immediate
configure:17089: checking whether C++ compiler accepts -Wall
configure:17108: /home/cxy/Desktop/ffmpeg-0818/ffmpeg-android/toolchain-android/bin/x86_64-linux-android-g++ -c -g -O2  -Wall -DHAVE_EXPAT_CONFIG_H conftest.cpp >&5
configure:17108: $? = 0
configure:17117: result: yes
configure:17133: : CXXFLAGS="$CXXFLAGS"
configure:17136: $? = 0
configure:17089: checking whether C++ compiler accepts -Wextra
configure:17108: /home/cxy/Desktop/ffmpeg-0818/ffmpeg-android/toolchain-android/bin/x86_64-linux-android-g++ -c -g -O2 -Wall  -Wextra -DHAVE_EXPAT_CONFIG_H conftest.cpp >&5
configure:17108: $? = 0
configure:17117: result: yes
configure:17133: : CXXFLAGS="$CXXFLAGS"
configure:17136: $? = 0
configure:17164: checking whether C++ compiler accepts -fexceptions
configure:17183: /home/cxy/Desktop/ffmpeg-0818/ffmpeg-android/toolchain-android/bin/x86_64-linux-android-g++ -c -g -O2 -Wall -Wextra  -fexceptions -DHAVE_EXPAT_CONFIG_H conftest.cpp >&5
configure:17183: $? = 0
configure:17192: result: yes
configure:17208: : CXXFLAGS="$CXXFLAGS"
configure:17211: $? = 0
configure:17239: checking whether C++ compiler accepts -fno-strict-aliasing
configure:17258: /home/cxy/Desktop/ffmpeg-0818/ffmpeg-android/toolchain-android/bin/x86_64-linux-android-g++ -c -g -O2 -Wall -Wextra -fexceptions  -fno-strict-aliasing -DHAVE_EXPAT_CONFIG_H conftest.cpp >&5
configure:17258: $? = 0
configure:17267: result: yes
configure:17283: : CXXFLAGS="$CXXFLAGS"
configure:17286: $? = 0
configure:17323: checking whether the linker accepts -fno-strict-aliasing
configure:17342: /home/cxy/Desktop/ffmpeg-0818/ffmpeg-android/toolchain-android/bin/x86_64-linux-android-gcc --sysroot=/home/cxy/Desktop/ffmpeg-0818/ffmpeg-android/toolchain-android/sysroot -std=gnu99 -o conftest -g -O2 -Wall -Wextra -fexceptions -fno-strict-aliasing -Wmissing-prototypes -Wstrict-prototypes -pedantic -Wlogical-op -Wjump-misses-init -Wdouble-promotion -Wshadow -Wformat=2 -DHAVE_EXPAT_CONFIG_H   -fno-strict-aliasing conftest.c  >&5
conftest.c:25:1: warning: function declaration isn't a prototype [-Wstrict-prototypes]
 main ()
 ^
configure:17342: $? = 0
configure:17352: result: yes
configure:17368: : LDFLAGS="$LDFLAGS"
configure:17371: $? = 0
configure:17395: checking whether compiler supports visibility
configure:17410: /home/cxy/Desktop/ffmpeg-0818/ffmpeg-android/toolchain-android/bin/x86_64-linux-android-gcc --sysroot=/home/cxy/Desktop/ffmpeg-0818/ffmpeg-android/toolchain-android/sysroot -std=gnu99 -c -g -O2 -Wall -Wextra -fexceptions -fno-strict-aliasing -Wmissing-prototypes -Wstrict-prototypes -pedantic -Wlogical-op -Wjump-misses-init -Wdouble-promotion -Wshadow -Wformat=2 -fvisibility=hidden -Wall -Werror -Wno-unknown-warning-option -DHAVE_EXPAT_CONFIG_H conftest.c >&5
configure:17410: $? = 0
configure:17416: result: yes
configure:17433: : CFLAGS="$CFLAGS"
configure:17436: $? = 0
configure:17465: : CFLAGS="$CFLAGS"
configure:17468: $? = 0
configure:17486: checking for ANSI C header files
configure:17590: result: yes
configure:17600: checking whether byte ordering is bigendian
configure:17615: /home/cxy/Desktop/ffmpeg-0818/ffmpeg-android/toolchain-android/bin/x86_64-linux-android-gcc --sysroot=/home/cxy/Desktop/ffmpeg-0818/ffmpeg-android/toolchain-android/sysroot -std=gnu99 -c -g -O2 -Wall -Wextra -fexceptions -fno-strict-aliasing -Wmissing-prototypes -Wstrict-prototypes -pedantic -Wlogical-op -Wjump-misses-init -Wdouble-promotion -Wshadow -Wformat=2 -fvisibility=hidden -DXML_ENABLE_VISIBILITY=1 -DHAVE_EXPAT_CONFIG_H conftest.c >&5
conftest.c:25:9: error: unknown type name 'not'
         not a universal capable compiler
         ^
conftest.c:25:15: error: expected '=', ',', ';', 'asm' or '__attribute__' before 'universal'
         not a universal capable compiler
               ^
conftest.c:25:15: error: unknown type name 'universal'
configure:17615: $? = 1
configure: failed program was:
| /* confdefs.h */
| #define PACKAGE_NAME "expat"
| #define PACKAGE_TARNAME "expat"
| #define PACKAGE_VERSION "2.2.7"
| #define PACKAGE_STRING "expat 2.2.7"
| #define PACKAGE_BUGREPORT "expat-bugs@libexpat.org"
| #define PACKAGE_URL ""
| #define PACKAGE "expat"
| #define VERSION "2.2.7"
| #define STDC_HEADERS 1
| #define HAVE_SYS_TYPES_H 1
| #define HAVE_SYS_STAT_H 1
| #define HAVE_STDLIB_H 1
| #define HAVE_STRING_H 1
| #define HAVE_MEMORY_H 1
| #define HAVE_STRINGS_H 1
| #define HAVE_INTTYPES_H 1
| #define HAVE_STDINT_H 1
| #define HAVE_UNISTD_H 1
| #define HAVE_DLFCN_H 1
| #define LT_OBJDIR ".libs/"
| #define STDC_HEADERS 1
| /* end confdefs.h.  */
| #ifndef __APPLE_CC__
| 	       not a universal capable compiler
| 	     #endif
| 	     typedef int dummy;
| 
configure:17660: /home/cxy/Desktop/ffmpeg-0818/ffmpeg-android/toolchain-android/bin/x86_64-linux-android-gcc --sysroot=/home/cxy/Desktop/ffmpeg-0818/ffmpeg-android/toolchain-android/sysroot -std=gnu99 -c -g -O2 -Wall -Wextra -fexceptions -fno-strict-aliasing -Wmissing-prototypes -Wstrict-prototypes -pedantic -Wlogical-op -Wjump-misses-init -Wdouble-promotion -Wshadow -Wformat=2 -fvisibility=hidden -DXML_ENABLE_VISIBILITY=1 -DHAVE_EXPAT_CONFIG_H conftest.c >&5
conftest.c:28:1: warning: function declaration isn't a prototype [-Wstrict-prototypes]
 main ()
 ^
conftest.c: In function 'main':
conftest.c:31:8: error: unknown type name 'bogus'
        bogus endian macros
        ^
conftest.c:31:21: error: expected '=', ',', ';', 'asm' or '__attribute__' before 'macros'
        bogus endian macros
                     ^
configure:17660: $? = 1
configure: failed program was:
| /* confdefs.h */
| #define PACKAGE_NAME "expat"
| #define PACKAGE_TARNAME "expat"
| #define PACKAGE_VERSION "2.2.7"
| #define PACKAGE_STRING "expat 2.2.7"
| #define PACKAGE_BUGREPORT "expat-bugs@libexpat.org"
| #define PACKAGE_URL ""
| #define PACKAGE "expat"
| #define VERSION "2.2.7"
| #define STDC_HEADERS 1
| #define HAVE_SYS_TYPES_H 1
| #define HAVE_SYS_STAT_H 1
| #define HAVE_STDLIB_H 1
| #define HAVE_STRING_H 1
| #define HAVE_MEMORY_H 1
| #define HAVE_STRINGS_H 1
| #define HAVE_INTTYPES_H 1
| #define HAVE_STDINT_H 1
| #define HAVE_UNISTD_H 1
| #define HAVE_DLFCN_H 1
| #define LT_OBJDIR ".libs/"
| #define STDC_HEADERS 1
| /* end confdefs.h.  */
| #include <sys/types.h>
| 	     #include <sys/param.h>
| 
| int
| main ()
| {
| #if ! (defined BYTE_ORDER && defined BIG_ENDIAN 		     && defined LITTLE_ENDIAN && BYTE_ORDER && BIG_ENDIAN 		     && LITTLE_ENDIAN)
| 	      bogus endian macros
| 	     #endif
| 
|   ;
|   return 0;
| }
configure:17704: /home/cxy/Desktop/ffmpeg-0818/ffmpeg-android/toolchain-android/bin/x86_64-linux-android-gcc --sysroot=/home/cxy/Desktop/ffmpeg-0818/ffmpeg-android/toolchain-android/sysroot -std=gnu99 -c -g -O2 -Wall -Wextra -fexceptions -fno-strict-aliasing -Wmissing-prototypes -Wstrict-prototypes -pedantic -Wlogical-op -Wjump-misses-init -Wdouble-promotion -Wshadow -Wformat=2 -fvisibility=hidden -DXML_ENABLE_VISIBILITY=1 -DHAVE_EXPAT_CONFIG_H conftest.c >&5
conftest.c:27:1: warning: function declaration isn't a prototype [-Wstrict-prototypes]
 main ()
 ^
conftest.c: In function 'main':
conftest.c:30:8: error: unknown type name 'bogus'
        bogus endian macros
        ^
conftest.c:30:21: error: expected '=', ',', ';', 'asm' or '__attribute__' before 'macros'
        bogus endian macros
                     ^
configure:17704: $? = 1
configure: failed program was:
| /* confdefs.h */
| #define PACKAGE_NAME "expat"
| #define PACKAGE_TARNAME "expat"
| #define PACKAGE_VERSION "2.2.7"
| #define PACKAGE_STRING "expat 2.2.7"
| #define PACKAGE_BUGREPORT "expat-bugs@libexpat.org"
| #define PACKAGE_URL ""
| #define PACKAGE "expat"
| #define VERSION "2.2.7"
| #define STDC_HEADERS 1
| #define HAVE_SYS_TYPES_H 1
| #define HAVE_SYS_STAT_H 1
| #define HAVE_STDLIB_H 1
| #define HAVE_STRING_H 1
| #define HAVE_MEMORY_H 1
| #define HAVE_STRINGS_H 1
| #define HAVE_INTTYPES_H 1
| #define HAVE_STDINT_H 1
| #define HAVE_UNISTD_H 1
| #define HAVE_DLFCN_H 1
| #define LT_OBJDIR ".libs/"
| #define STDC_HEADERS 1
| /* end confdefs.h.  */
| #include <limits.h>
| 
| int
| main ()
| {
| #if ! (defined _LITTLE_ENDIAN || defined _BIG_ENDIAN)
| 	      bogus endian macros
| 	     #endif
| 
|   ;
|   return 0;
| }
configure:17760: /home/cxy/Desktop/ffmpeg-0818/ffmpeg-android/toolchain-android/bin/x86_64-linux-android-gcc --sysroot=/home/cxy/Desktop/ffmpeg-0818/ffmpeg-android/toolchain-android/sysroot -std=gnu99 -c -g -O2 -Wall -Wextra -fexceptions -fno-strict-aliasing -Wmissing-prototypes -Wstrict-prototypes -pedantic -Wlogical-op -Wjump-misses-init -Wdouble-promotion -Wshadow -Wformat=2 -fvisibility=hidden -DXML_ENABLE_VISIBILITY=1 -DHAVE_EXPAT_CONFIG_H conftest.c >&5
conftest.c:28:7: warning: no previous prototype for 'use_ascii' [-Wmissing-prototypes]
   int use_ascii (int i) {
       ^
conftest.c:32:5: warning: overflow in implicit constant conversion [-Woverflow]
     { 0x89D3, 0xE3E3, 0x8593, 0x95C5, 0x89C4, 0x9581, 0 };
     ^
conftest.c:32:5: warning: overflow in implicit constant conversion [-Woverflow]
conftest.c:32:5: warning: overflow in implicit constant conversion [-Woverflow]
conftest.c:32:5: warning: overflow in implicit constant conversion [-Woverflow]
conftest.c:32:5: warning: overflow in implicit constant conversion [-Woverflow]
conftest.c:32:5: warning: overflow in implicit constant conversion [-Woverflow]
conftest.c:34:5: warning: overflow in implicit constant conversion [-Woverflow]
     { 0xC2C9, 0xC785, 0x95C4, 0x8981, 0x95E2, 0xA8E2, 0 };
     ^
conftest.c:34:5: warning: overflow in implicit constant conversion [-Woverflow]
conftest.c:34:5: warning: overflow in implicit constant conversion [-Woverflow]
conftest.c:34:5: warning: overflow in implicit constant conversion [-Woverflow]
conftest.c:34:5: warning: overflow in implicit constant conversion [-Woverflow]
conftest.c:34:5: warning: overflow in implicit constant conversion [-Woverflow]
conftest.c:35:7: warning: no previous prototype for 'use_ebcdic' [-Wmissing-prototypes]
   int use_ebcdic (int i) {
       ^
conftest.c:41:1: warning: function declaration isn't a prototype [-Wstrict-prototypes]
 main ()
 ^
configure:17760: $? = 0
configure:17806: result: no
configure:17831: checking for an ANSI C-conforming const
configure:17897: /home/cxy/Desktop/ffmpeg-0818/ffmpeg-android/toolchain-android/bin/x86_64-linux-android-gcc --sysroot=/home/cxy/Desktop/ffmpeg-0818/ffmpeg-android/toolchain-android/sysroot -std=gnu99 -c -g -O2 -Wall -Wextra -fexceptions -fno-strict-aliasing -Wmissing-prototypes -Wstrict-prototypes -pedantic -Wlogical-op -Wjump-misses-init -Wdouble-promotion -Wshadow -Wformat=2 -fvisibility=hidden -DXML_ENABLE_VISIBILITY=1 -DHAVE_EXPAT_CONFIG_H conftest.c >&5
conftest.c:27:1: warning: function declaration isn't a prototype [-Wstrict-prototypes]
 main ()
 ^
configure:17897: $? = 0
configure:17904: result: yes
configure:17912: checking for size_t
configure:17912: /home/cxy/Desktop/ffmpeg-0818/ffmpeg-android/toolchain-android/bin/x86_64-linux-android-gcc --sysroot=/home/cxy/Desktop/ffmpeg-0818/ffmpeg-android/toolchain-android/sysroot -std=gnu99 -c -g -O2 -Wall -Wextra -fexceptions -fno-strict-aliasing -Wmissing-prototypes -Wstrict-prototypes -pedantic -Wlogical-op -Wjump-misses-init -Wdouble-promotion -Wshadow -Wformat=2 -fvisibility=hidden -DXML_ENABLE_VISIBILITY=1 -DHAVE_EXPAT_CONFIG_H conftest.c >&5
conftest.c:59:1: warning: function declaration isn't a prototype [-Wstrict-prototypes]
 main ()
 ^
configure:17912: $? = 0
configure:17912: /home/cxy/Desktop/ffmpeg-0818/ffmpeg-android/toolchain-android/bin/x86_64-linux-android-gcc --sysroot=/home/cxy/Desktop/ffmpeg-0818/ffmpeg-android/toolchain-android/sysroot -std=gnu99 -c -g -O2 -Wall -Wextra -fexceptions -fno-strict-aliasing -Wmissing-prototypes -Wstrict-prototypes -pedantic -Wlogical-op -Wjump-misses-init -Wdouble-promotion -Wshadow -Wformat=2 -fvisibility=hidden -DXML_ENABLE_VISIBILITY=1 -DHAVE_EXPAT_CONFIG_H conftest.c >&5
conftest.c:59:1: warning: function declaration isn't a prototype [-Wstrict-prototypes]
 main ()
 ^
conftest.c: In function 'main':
conftest.c:61:21: error: expected expression before ')' token
 if (sizeof ((size_t)))
                     ^
configure:17912: $? = 1
configure: failed program was:
| /* confdefs.h */
| #define PACKAGE_NAME "expat"
| #define PACKAGE_TARNAME "expat"
| #define PACKAGE_VERSION "2.2.7"
| #define PACKAGE_STRING "expat 2.2.7"
| #define PACKAGE_BUGREPORT "expat-bugs@libexpat.org"
| #define PACKAGE_URL ""
| #define PACKAGE "expat"
| #define VERSION "2.2.7"
| #define STDC_HEADERS 1
| #define HAVE_SYS_TYPES_H 1
| #define HAVE_SYS_STAT_H 1
| #define HAVE_STDLIB_H 1
| #define HAVE_STRING_H 1
| #define HAVE_MEMORY_H 1
| #define HAVE_STRINGS_H 1
| #define HAVE_INTTYPES_H 1
| #define HAVE_STDINT_H 1
| #define HAVE_UNISTD_H 1
| #define HAVE_DLFCN_H 1
| #define LT_OBJDIR ".libs/"
| #define STDC_HEADERS 1
| #define BYTEORDER 1234
| /* end confdefs.h.  */
| #include <stdio.h>
| #ifdef HAVE_SYS_TYPES_H
| # include <sys/types.h>
| #endif
| #ifdef HAVE_SYS_STAT_H
| # include <sys/stat.h>
| #endif
| #ifdef STDC_HEADERS
| # include <stdlib.h>
| # include <stddef.h>
| #else
| # ifdef HAVE_STDLIB_H
| #  include <stdlib.h>
| # endif
| #endif
| #ifdef HAVE_STRING_H
| # if !defined STDC_HEADERS && defined HAVE_MEMORY_H
| #  include <memory.h>
| # endif
| # include <string.h>
| #endif
| #ifdef HAVE_STRINGS_H
| # include <strings.h>
| #endif
| #ifdef HAVE_INTTYPES_H
| # include <inttypes.h>
| #endif
| #ifdef HAVE_STDINT_H
| # include <stdint.h>
| #endif
| #ifdef HAVE_UNISTD_H
| # include <unistd.h>
| #endif
| int
| main ()
| {
| if (sizeof ((size_t)))
| 	    return 0;
|   ;
|   return 0;
| }
configure:17912: result: yes
configure:18052: checking for arc4random_buf (BSD or libbsd)
configure:18067: /home/cxy/Desktop/ffmpeg-0818/ffmpeg-android/toolchain-android/bin/x86_64-linux-android-gcc --sysroot=/home/cxy/Desktop/ffmpeg-0818/ffmpeg-android/toolchain-android/sysroot -std=gnu99 -o conftest -g -O2 -Wall -Wextra -fexceptions -fno-strict-aliasing -Wmissing-prototypes -Wstrict-prototypes -pedantic -Wlogical-op -Wjump-misses-init -Wdouble-promotion -Wshadow -Wformat=2 -fvisibility=hidden -DXML_ENABLE_VISIBILITY=1 -DHAVE_EXPAT_CONFIG_H  -fno-strict-aliasing conftest.c  >&5
conftest.c:30:7: warning: function declaration isn't a prototype [-Wstrict-prototypes]
   int main() {
       ^
configure:18067: $? = 0
configure:18071: result: yes
configure:18110: checking for getrandom (Linux 3.17+, glibc 2.25+)
configure:18122: /home/cxy/Desktop/ffmpeg-0818/ffmpeg-android/toolchain-android/bin/x86_64-linux-android-gcc --sysroot=/home/cxy/Desktop/ffmpeg-0818/ffmpeg-android/toolchain-android/sysroot -std=gnu99 -o conftest -g -O2 -Wall -Wextra -fexceptions -fno-strict-aliasing -Wmissing-prototypes -Wstrict-prototypes -pedantic -Wlogical-op -Wjump-misses-init -Wdouble-promotion -Wshadow -Wformat=2 -fvisibility=hidden -DXML_ENABLE_VISIBILITY=1 -DHAVE_EXPAT_CONFIG_H  -fno-strict-aliasing conftest.c  >&5
conftest.c:29:7: warning: function declaration isn't a prototype [-Wstrict-prototypes]
   int main() {
       ^
conftest.c:30: error: undefined reference to 'getrandom'
collect2: error: ld returned 1 exit status
configure:18122: $? = 1
configure: failed program was:
| /* confdefs.h */
| #define PACKAGE_NAME "expat"
| #define PACKAGE_TARNAME "expat"
| #define PACKAGE_VERSION "2.2.7"
| #define PACKAGE_STRING "expat 2.2.7"
| #define PACKAGE_BUGREPORT "expat-bugs@libexpat.org"
| #define PACKAGE_URL ""
| #define PACKAGE "expat"
| #define VERSION "2.2.7"
| #define STDC_HEADERS 1
| #define HAVE_SYS_TYPES_H 1
| #define HAVE_SYS_STAT_H 1
| #define HAVE_STDLIB_H 1
| #define HAVE_STRING_H 1
| #define HAVE_MEMORY_H 1
| #define HAVE_STRINGS_H 1
| #define HAVE_INTTYPES_H 1
| #define HAVE_STDINT_H 1
| #define HAVE_UNISTD_H 1
| #define HAVE_DLFCN_H 1
| #define LT_OBJDIR ".libs/"
| #define STDC_HEADERS 1
| #define BYTEORDER 1234
| #define HAVE_ARC4RANDOM_BUF 1
| /* end confdefs.h.  */
| 
|   #include <stdlib.h>  /* for NULL */
|   #include <sys/random.h>
|   int main() {
|     return getrandom(NULL, 0U, 0U);
|   }
| 
configure:18129: result: no
configure:18132: checking for syscall SYS_getrandom (Linux 3.17+)
configure:18146: /home/cxy/Desktop/ffmpeg-0818/ffmpeg-android/toolchain-android/bin/x86_64-linux-android-gcc --sysroot=/home/cxy/Desktop/ffmpeg-0818/ffmpeg-android/toolchain-android/sysroot -std=gnu99 -o conftest -g -O2 -Wall -Wextra -fexceptions -fno-strict-aliasing -Wmissing-prototypes -Wstrict-prototypes -pedantic -Wlogical-op -Wjump-misses-init -Wdouble-promotion -Wshadow -Wformat=2 -fvisibility=hidden -DXML_ENABLE_VISIBILITY=1 -DHAVE_EXPAT_CONFIG_H  -fno-strict-aliasing conftest.c  >&5
conftest.c:30:11: warning: function declaration isn't a prototype [-Wstrict-prototypes]
       int main() {
           ^
configure:18146: $? = 0
configure:18150: result: yes
configure:18166: checking fcntl.h usability
configure:18166: /home/cxy/Desktop/ffmpeg-0818/ffmpeg-android/toolchain-android/bin/x86_64-linux-android-gcc --sysroot=/home/cxy/Desktop/ffmpeg-0818/ffmpeg-android/toolchain-android/sysroot -std=gnu99 -c -g -O2 -Wall -Wextra -fexceptions -fno-strict-aliasing -Wmissing-prototypes -Wstrict-prototypes -pedantic -Wlogical-op -Wjump-misses-init -Wdouble-promotion -Wshadow -Wformat=2 -fvisibility=hidden -DXML_ENABLE_VISIBILITY=1 -DHAVE_EXPAT_CONFIG_H conftest.c >&5
configure:18166: $? = 0
configure:18166: result: yes
configure:18166: checking fcntl.h presence
configure:18166: /home/cxy/Desktop/ffmpeg-0818/ffmpeg-android/toolchain-android/bin/x86_64-linux-android-cpp -DHAVE_EXPAT_CONFIG_H conftest.c
configure:18166: $? = 0
configure:18166: result: yes
configure:18166: checking for fcntl.h
configure:18166: result: yes
configure:18166: checking for unistd.h
configure:18166: result: yes
configure:18176: checking for off_t
configure:18176: /home/cxy/Desktop/ffmpeg-0818/ffmpeg-android/toolchain-android/bin/x86_64-linux-android-gcc --sysroot=/home/cxy/Desktop/ffmpeg-0818/ffmpeg-android/toolchain-android/sysroot -std=gnu99 -c -g -O2 -Wall -Wextra -fexceptions -fno-strict-aliasing -Wmissing-prototypes -Wstrict-prototypes -pedantic -Wlogical-op -Wjump-misses-init -Wdouble-promotion -Wshadow -Wformat=2 -fvisibility=hidden -DXML_ENABLE_VISIBILITY=1 -DHAVE_EXPAT_CONFIG_H conftest.c >&5
conftest.c:63:1: warning: function declaration isn't a prototype [-Wstrict-prototypes]
 main ()
 ^
configure:18176: $? = 0
configure:18176: /home/cxy/Desktop/ffmpeg-0818/ffmpeg-android/toolchain-android/bin/x86_64-linux-android-gcc --sysroot=/home/cxy/Desktop/ffmpeg-0818/ffmpeg-android/toolchain-android/sysroot -std=gnu99 -c -g -O2 -Wall -Wextra -fexceptions -fno-strict-aliasing -Wmissing-prototypes -Wstrict-prototypes -pedantic -Wlogical-op -Wjump-misses-init -Wdouble-promotion -Wshadow -Wformat=2 -fvisibility=hidden -DXML_ENABLE_VISIBILITY=1 -DHAVE_EXPAT_CONFIG_H conftest.c >&5
conftest.c:63:1: warning: function declaration isn't a prototype [-Wstrict-prototypes]
 main ()
 ^
conftest.c: In function 'main':
conftest.c:65:20: error: expected expression before ')' token
 if (sizeof ((off_t)))
                    ^
configure:18176: $? = 1
configure: failed program was:
| /* confdefs.h */
| #define PACKAGE_NAME "expat"
| #define PACKAGE_TARNAME "expat"
| #define PACKAGE_VERSION "2.2.7"
| #define PACKAGE_STRING "expat 2.2.7"
| #define PACKAGE_BUGREPORT "expat-bugs@libexpat.org"
| #define PACKAGE_URL ""
| #define PACKAGE "expat"
| #define VERSION "2.2.7"
| #define STDC_HEADERS 1
| #define HAVE_SYS_TYPES_H 1
| #define HAVE_SYS_STAT_H 1
| #define HAVE_STDLIB_H 1
| #define HAVE_STRING_H 1
| #define HAVE_MEMORY_H 1
| #define HAVE_STRINGS_H 1
| #define HAVE_INTTYPES_H 1
| #define HAVE_STDINT_H 1
| #define HAVE_UNISTD_H 1
| #define HAVE_DLFCN_H 1
| #define LT_OBJDIR ".libs/"
| #define STDC_HEADERS 1
| #define BYTEORDER 1234
| #define HAVE_ARC4RANDOM_BUF 1
| #define HAVE_SYSCALL_GETRANDOM 1
| #define HAVE_FCNTL_H 1
| #define HAVE_UNISTD_H 1
| /* end confdefs.h.  */
| #include <stdio.h>
| #ifdef HAVE_SYS_TYPES_H
| # include <sys/types.h>
| #endif
| #ifdef HAVE_SYS_STAT_H
| # include <sys/stat.h>
| #endif
| #ifdef STDC_HEADERS
| # include <stdlib.h>
| # include <stddef.h>
| #else
| # ifdef HAVE_STDLIB_H
| #  include <stdlib.h>
| # endif
| #endif
| #ifdef HAVE_STRING_H
| # if !defined STDC_HEADERS && defined HAVE_MEMORY_H
| #  include <memory.h>
| # endif
| # include <string.h>
| #endif
| #ifdef HAVE_STRINGS_H
| # include <strings.h>
| #endif
| #ifdef HAVE_INTTYPES_H
| # include <inttypes.h>
| #endif
| #ifdef HAVE_STDINT_H
| # include <stdint.h>
| #endif
| #ifdef HAVE_UNISTD_H
| # include <unistd.h>
| #endif
| int
| main ()
| {
| if (sizeof ((off_t)))
| 	    return 0;
|   ;
|   return 0;
| }
configure:18176: result: yes
configure:18193: checking for stdlib.h
configure:18193: result: yes
configure:18193: checking for unistd.h
configure:18193: result: yes
configure:18193: checking for sys/param.h
configure:18193: /home/cxy/Desktop/ffmpeg-0818/ffmpeg-android/toolchain-android/bin/x86_64-linux-android-gcc --sysroot=/home/cxy/Desktop/ffmpeg-0818/ffmpeg-android/toolchain-android/sysroot -std=gnu99 -c -g -O2 -Wall -Wextra -fexceptions -fno-strict-aliasing -Wmissing-prototypes -Wstrict-prototypes -pedantic -Wlogical-op -Wjump-misses-init -Wdouble-promotion -Wshadow -Wformat=2 -fvisibility=hidden -DXML_ENABLE_VISIBILITY=1 -DHAVE_EXPAT_CONFIG_H conftest.c >&5
configure:18193: $? = 0
configure:18193: result: yes
configure:18213: checking for getpagesize
configure:18213: /home/cxy/Desktop/ffmpeg-0818/ffmpeg-android/toolchain-android/bin/x86_64-linux-android-gcc --sysroot=/home/cxy/Desktop/ffmpeg-0818/ffmpeg-android/toolchain-android/sysroot -std=gnu99 -o conftest -g -O2 -Wall -Wextra -fexceptions -fno-strict-aliasing -Wmissing-prototypes -Wstrict-prototypes -pedantic -Wlogical-op -Wjump-misses-init -Wdouble-promotion -Wshadow -Wformat=2 -fvisibility=hidden -DXML_ENABLE_VISIBILITY=1 -DHAVE_EXPAT_CONFIG_H  -fno-strict-aliasing conftest.c  >&5
conftest.c:55:1: warning: function declaration isn't a prototype [-Wstrict-prototypes]
 char getpagesize ();
 ^
conftest.c:64:1: warning: function declaration isn't a prototype [-Wstrict-prototypes]
 main ()
 ^
configure:18213: $? = 0
configure:18213: result: yes
configure:18222: checking for working mmap
configure:18379: result: no
configure:18439: checking for docbook2x-man
configure:18469: result: no
configure:18439: checking for db2x_docbook2man
configure:18469: result: no
configure:18439: checking for docbook2man
configure:18469: result: no
configure:18439: checking for docbook-to-man
configure:18469: result: no
configure:18614: checking that generated files are newer than configure
configure:18620: result: done
configure:18672: creating ./config.status

## ---------------------- ##
## Running config.status. ##
## ---------------------- ##

This file was extended by expat config.status 2.2.7, which was
generated by GNU Autoconf 2.69.  Invocation command line was

  CONFIG_FILES    = 
  CONFIG_HEADERS  = 
  CONFIG_LINKS    = 
  CONFIG_COMMANDS = 
  $ ./config.status 

on ubuntu

config.status:1186: creating Makefile
config.status:1186: creating expat.pc
config.status:1186: creating doc/Makefile
config.status:1186: creating examples/Makefile
config.status:1186: creating lib/Makefile
config.status:1186: creating tests/Makefile
config.status:1186: creating tests/benchmark/Makefile
config.status:1186: creating xmlwf/Makefile
config.status:1186: creating run.sh
config.status:1186: creating expat_config.h
config.status:1367: expat_config.h is unchanged
config.status:1415: executing depfiles commands
config.status:1492: cd examples       && sed -e '/# am--include-marker/d' Makefile         | make -f - am--depfiles
make: Nothing to be done for 'am--depfiles'.
config.status:1497: $? = 0
config.status:1492: cd lib       && sed -e '/# am--include-marker/d' Makefile         | make -f - am--depfiles
make: Nothing to be done for 'am--depfiles'.
config.status:1497: $? = 0
config.status:1492: cd tests       && sed -e '/# am--include-marker/d' Makefile         | make -f - am--depfiles
make: Nothing to be done for 'am--depfiles'.
config.status:1497: $? = 0
config.status:1492: cd tests/benchmark       && sed -e '/# am--include-marker/d' Makefile         | make -f - am--depfiles
make: Nothing to be done for 'am--depfiles'.
config.status:1497: $? = 0
config.status:1492: cd xmlwf       && sed -e '/# am--include-marker/d' Makefile         | make -f - am--depfiles
make: Nothing to be done for 'am--depfiles'.
config.status:1497: $? = 0
config.status:1415: executing libtool commands

## ---------------- ##
## Cache variables. ##
## ---------------- ##

ac_cv_build=x86_64-pc-linux-gnu
ac_cv_c_bigendian=no
ac_cv_c_compiler_gnu=yes
ac_cv_c_const=yes
ac_cv_cxx_compiler_gnu=yes
ac_cv_env_CCC_set=
ac_cv_env_CCC_value=
ac_cv_env_CC_set=set
ac_cv_env_CC_value='/home/cxy/Desktop/ffmpeg-0818/ffmpeg-android/toolchain-android/bin/x86_64-linux-android-gcc --sysroot=/home/cxy/Desktop/ffmpeg-0818/ffmpeg-android/toolchain-android/sysroot'
ac_cv_env_CFLAGS_set=
ac_cv_env_CFLAGS_value=
ac_cv_env_CPPFLAGS_set=
ac_cv_env_CPPFLAGS_value=
ac_cv_env_CPP_set=set
ac_cv_env_CPP_value=/home/cxy/Desktop/ffmpeg-0818/ffmpeg-android/toolchain-android/bin/x86_64-linux-android-cpp
ac_cv_env_CXXCPP_set=
ac_cv_env_CXXCPP_value=
ac_cv_env_CXXFLAGS_set=
ac_cv_env_CXXFLAGS_value=
ac_cv_env_CXX_set=set
ac_cv_env_CXX_value=/home/cxy/Desktop/ffmpeg-0818/ffmpeg-android/toolchain-android/bin/x86_64-linux-android-g++
ac_cv_env_DOCBOOK_TO_MAN_set=
ac_cv_env_DOCBOOK_TO_MAN_value=
ac_cv_env_LDFLAGS_set=
ac_cv_env_LDFLAGS_value=
ac_cv_env_LIBS_set=
ac_cv_env_LIBS_value=
ac_cv_env_LT_SYS_LIBRARY_PATH_set=
ac_cv_env_LT_SYS_LIBRARY_PATH_value=
ac_cv_env_build_alias_set=
ac_cv_env_build_alias_value=
ac_cv_env_host_alias_set=set
ac_cv_env_host_alias_value=x86_64
ac_cv_env_target_alias_set=
ac_cv_env_target_alias_value=
ac_cv_func_getpagesize=yes
ac_cv_func_mmap_fixed_mapped=no
ac_cv_header_dlfcn_h=yes
ac_cv_header_fcntl_h=yes
ac_cv_header_inttypes_h=yes
ac_cv_header_memory_h=yes
ac_cv_header_stdc=yes
ac_cv_header_stdint_h=yes
ac_cv_header_stdlib_h=yes
ac_cv_header_string_h=yes
ac_cv_header_strings_h=yes
ac_cv_header_sys_param_h=yes
ac_cv_header_sys_stat_h=yes
ac_cv_header_sys_types_h=yes
ac_cv_header_unistd_h=yes
ac_cv_host=x86_64-pc-none
ac_cv_objext=o
ac_cv_path_EGREP='/bin/grep -E'
ac_cv_path_FGREP='/bin/grep -F'
ac_cv_path_GREP=/bin/grep
ac_cv_path_SED=/bin/sed
ac_cv_path_install='/usr/bin/install -c'
ac_cv_path_lt_DD=/bin/dd
ac_cv_path_mkdir=/bin/mkdir
ac_cv_prog_AR=/home/cxy/Desktop/ffmpeg-0818/ffmpeg-android/toolchain-android/bin/x86_64-linux-android-ar
ac_cv_prog_AWK=mawk
ac_cv_prog_CC='/home/cxy/Desktop/ffmpeg-0818/ffmpeg-android/toolchain-android/bin/x86_64-linux-android-gcc --sysroot=/home/cxy/Desktop/ffmpeg-0818/ffmpeg-android/toolchain-android/sysroot'
ac_cv_prog_CPP=/home/cxy/Desktop/ffmpeg-0818/ffmpeg-android/toolchain-android/bin/x86_64-linux-android-cpp
ac_cv_prog_CXXCPP='/home/cxy/Desktop/ffmpeg-0818/ffmpeg-android/toolchain-android/bin/x86_64-linux-android-g++ -E'
ac_cv_prog_OBJDUMP=/home/cxy/Desktop/ffmpeg-0818/ffmpeg-android/toolchain-android/bin/x86_64-linux-android-objdump
ac_cv_prog_RANLIB=/home/cxy/Desktop/ffmpeg-0818/ffmpeg-android/toolchain-android/bin/x86_64-linux-android-ranlib
ac_cv_prog_STRIP=/home/cxy/Desktop/ffmpeg-0818/ffmpeg-android/toolchain-android/bin/x86_64-linux-android-strip
ac_cv_prog_ac_ct_MANIFEST_TOOL=mt
ac_cv_prog_cc_c89=
ac_cv_prog_cc_c99=-std=gnu99
ac_cv_prog_cc_g=yes
ac_cv_prog_cxx_g=yes
ac_cv_prog_make_make_set=yes
ac_cv_type_off_t=yes
ac_cv_type_size_t=yes
am_cv_CC_dependencies_compiler_type=gcc3
am_cv_CXX_dependencies_compiler_type=gcc3
am_cv_ar_interface=ar
am_cv_make_support_nested_variables=yes
am_cv_prog_cc_c_o=yes
ax_cv_check_cflags___Wall=yes
ax_cv_check_cflags___Wdouble_promotion=yes
ax_cv_check_cflags___Wduplicated_branches=no
ax_cv_check_cflags___Wduplicated_cond=no
ax_cv_check_cflags___Wextra=yes
ax_cv_check_cflags___Wformat_2=yes
ax_cv_check_cflags___Wjump_misses_init=yes
ax_cv_check_cflags___Wlogical_op=yes
ax_cv_check_cflags___Wmisleading_indentation=no
ax_cv_check_cflags___Wmissing_prototypes=yes
ax_cv_check_cflags___Wnull_dereference=no
ax_cv_check_cflags___Wrestrict=no
ax_cv_check_cflags___Wshadow=yes
ax_cv_check_cflags___Wstrict_prototypes=yes
ax_cv_check_cflags___fexceptions=yes
ax_cv_check_cflags___fno_strict_aliasing=yes
ax_cv_check_cflags___pedantic=yes
ax_cv_check_cxxflags___Wall=yes
ax_cv_check_cxxflags___Wextra=yes
ax_cv_check_cxxflags___fexceptions=yes
ax_cv_check_cxxflags___fno_strict_aliasing=yes
ax_cv_check_ldflags___fno_strict_aliasing=yes
expatcfg_cv_compiler_supports_visibility=yes
lt_cv_ar_at_file=@
lt_cv_deplibs_check_method=unknown
lt_cv_file_magic_cmd='$MAGIC_CMD'
lt_cv_file_magic_test_file=
lt_cv_ld_reload_flag=-r
lt_cv_nm_interface='BSD nm'
lt_cv_objdir=.libs
lt_cv_path_LD=/home/cxy/Desktop/ffmpeg-0818/ffmpeg-android/toolchain-android/bin/x86_64-linux-android-ld
lt_cv_path_LDCXX=/home/cxy/Desktop/ffmpeg-0818/ffmpeg-android/toolchain-android/bin/x86_64-linux-android-ld
lt_cv_path_NM=/home/cxy/Desktop/ffmpeg-0818/ffmpeg-android/toolchain-android/bin/x86_64-linux-android-nm
lt_cv_path_mainfest_tool=no
lt_cv_prog_compiler_c_o=yes
lt_cv_prog_compiler_c_o_CXX=yes
lt_cv_prog_compiler_pic='-fPIC -DPIC'
lt_cv_prog_compiler_pic_CXX='-fPIC -DPIC'
lt_cv_prog_compiler_pic_works=yes
lt_cv_prog_compiler_pic_works_CXX=yes
lt_cv_prog_compiler_rtti_exceptions=no
lt_cv_prog_compiler_static_works=yes
lt_cv_prog_compiler_static_works_CXX=yes
lt_cv_prog_gnu_ld=yes
lt_cv_prog_gnu_ldcxx=yes
lt_cv_sharedlib_from_linklib_cmd='printf %s\n'
lt_cv_sys_global_symbol_pipe='sed -n -e '\''s/^.*[	 ]\([ABCDGIRSTW][ABCDGIRSTW]*\)[	 ][	 ]*\([_A-Za-z][_A-Za-z0-9]*\)$/\1 \2 \2/p'\'' | sed '\''/ __gnu_lto/d'\'''
lt_cv_sys_global_symbol_to_c_name_address='sed -n -e '\''s/^: \(.*\) .*$/  {"\1", (void *) 0},/p'\'' -e '\''s/^[ABCDGIRSTW][ABCDGIRSTW]* .* \(.*\)$/  {"\1", (void *) \&\1},/p'\'''
lt_cv_sys_global_symbol_to_c_name_address_lib_prefix='sed -n -e '\''s/^: \(.*\) .*$/  {"\1", (void *) 0},/p'\'' -e '\''s/^[ABCDGIRSTW][ABCDGIRSTW]* .* \(lib.*\)$/  {"\1", (void *) \&\1},/p'\'' -e '\''s/^[ABCDGIRSTW][ABCDGIRSTW]* .* \(.*\)$/  {"lib\1", (void *) \&\1},/p'\'''
lt_cv_sys_global_symbol_to_cdecl='sed -n -e '\''s/^T .* \(.*\)$/extern int \1();/p'\'' -e '\''s/^[ABCDGIRSTW][ABCDGIRSTW]* .* \(.*\)$/extern char \1;/p'\'''
lt_cv_sys_global_symbol_to_import=
lt_cv_sys_max_cmd_len=1572864
lt_cv_to_host_file_cmd=func_convert_file_noop
lt_cv_to_tool_file_cmd=func_convert_file_noop
lt_cv_truncate_bin='/bin/dd bs=4096 count=1'

## ----------------- ##
## Output variables. ##
## ----------------- ##

ACLOCAL='${SHELL} /home/cxy/Desktop/ffmpeg-0818/ffmpeg-android/expat-2.2.7/conftools/missing aclocal-1.16'
AMDEPBACKSLASH='\'
AMDEP_FALSE='#'
AMDEP_TRUE=''
AMTAR='$${TAR-tar}'
AM_BACKSLASH='\'
AM_DEFAULT_V='$(AM_DEFAULT_VERBOSITY)'
AM_DEFAULT_VERBOSITY='1'
AM_V='$(V)'
AR='/home/cxy/Desktop/ffmpeg-0818/ffmpeg-android/toolchain-android/bin/x86_64-linux-android-ar'
AS='/home/cxy/Desktop/ffmpeg-0818/ffmpeg-android/toolchain-android/bin/x86_64-linux-android-as'
AUTOCONF='${SHELL} /home/cxy/Desktop/ffmpeg-0818/ffmpeg-android/expat-2.2.7/conftools/missing autoconf'
AUTOHEADER='${SHELL} /home/cxy/Desktop/ffmpeg-0818/ffmpeg-android/expat-2.2.7/conftools/missing autoheader'
AUTOMAKE='${SHELL} /home/cxy/Desktop/ffmpeg-0818/ffmpeg-android/expat-2.2.7/conftools/missing automake-1.16'
AWK='mawk'
CC='/home/cxy/Desktop/ffmpeg-0818/ffmpeg-android/toolchain-android/bin/x86_64-linux-android-gcc --sysroot=/home/cxy/Desktop/ffmpeg-0818/ffmpeg-android/toolchain-android/sysroot -std=gnu99'
CCDEPMODE='depmode=gcc3'
CFLAGS='-g -O2 -Wall -Wextra -fexceptions -fno-strict-aliasing -Wmissing-prototypes -Wstrict-prototypes -pedantic -Wlogical-op -Wjump-misses-init -Wdouble-promotion -Wshadow -Wformat=2 -fvisibility=hidden -DXML_ENABLE_VISIBILITY=1'
CPP='/home/cxy/Desktop/ffmpeg-0818/ffmpeg-android/toolchain-android/bin/x86_64-linux-android-cpp'
CPPFLAGS='-DHAVE_EXPAT_CONFIG_H'
CXX='/home/cxy/Desktop/ffmpeg-0818/ffmpeg-android/toolchain-android/bin/x86_64-linux-android-g++'
CXXCPP='/home/cxy/Desktop/ffmpeg-0818/ffmpeg-android/toolchain-android/bin/x86_64-linux-android-g++ -E'
CXXDEPMODE='depmode=gcc3'
CXXFLAGS='-g -O2 -Wall -Wextra -fexceptions -fno-strict-aliasing'
CYGPATH_W='echo'
DEFS='-DHAVE_CONFIG_H'
DEPDIR='.deps'
DLLTOOL='false'
DOCBOOK_TO_MAN=''
DSYMUTIL=''
DUMPBIN=''
ECHO_C=''
ECHO_N='-n'
ECHO_T=''
EGREP='/bin/grep -E'
EXEEXT=''
FGREP='/bin/grep -F'
FILEMAP='readfilemap'
GREP='/bin/grep'
INSTALL_DATA='${INSTALL} -m 644'
INSTALL_PROGRAM='${INSTALL}'
INSTALL_SCRIPT='${INSTALL}'
INSTALL_STRIP_PROGRAM='$(install_sh) -c -s'
LD='/home/cxy/Desktop/ffmpeg-0818/ffmpeg-android/toolchain-android/bin/x86_64-linux-android-ld'
LDFLAGS=' -fno-strict-aliasing'
LIBAGE='6'
LIBCURRENT='7'
LIBOBJS=''
LIBREVISION='9'
LIBS=''
LIBTOOL='$(SHELL) $(top_builddir)/libtool'
LIPO=''
LN_S='ln -s'
LTLIBOBJS=''
LT_SYS_LIBRARY_PATH=''
MAKEINFO='${SHELL} /home/cxy/Desktop/ffmpeg-0818/ffmpeg-android/expat-2.2.7/conftools/missing makeinfo'
MANIFEST_TOOL=':'
MINGW_FALSE=''
MINGW_TRUE='#'
MKDIR_P='/bin/mkdir -p'
NM='/home/cxy/Desktop/ffmpeg-0818/ffmpeg-android/toolchain-android/bin/x86_64-linux-android-nm'
NMEDIT=''
OBJDUMP='/home/cxy/Desktop/ffmpeg-0818/ffmpeg-android/toolchain-android/bin/x86_64-linux-android-objdump'
OBJEXT='o'
OTOOL64=''
OTOOL=''
PACKAGE='expat'
PACKAGE_BUGREPORT='expat-bugs@libexpat.org'
PACKAGE_NAME='expat'
PACKAGE_STRING='expat 2.2.7'
PACKAGE_TARNAME='expat'
PACKAGE_URL=''
PACKAGE_VERSION='2.2.7'
PATH_SEPARATOR=':'
RANLIB='/home/cxy/Desktop/ffmpeg-0818/ffmpeg-android/toolchain-android/bin/x86_64-linux-android-ranlib'
SED='/bin/sed'
SET_MAKE=''
SHELL='/bin/bash'
STRIP='/home/cxy/Desktop/ffmpeg-0818/ffmpeg-android/toolchain-android/bin/x86_64-linux-android-strip'
UNICODE_FALSE=''
UNICODE_TRUE='#'
VERSION='2.2.7'
WITH_DOCBOOK_FALSE=''
WITH_DOCBOOK_TRUE='#'
WITH_EXAMPLES_FALSE='#'
WITH_EXAMPLES_TRUE=''
WITH_TESTS_FALSE='#'
WITH_TESTS_TRUE=''
WITH_XMLWF_FALSE='#'
WITH_XMLWF_TRUE=''
ac_ct_AR=''
ac_ct_CC=''
ac_ct_CXX=''
ac_ct_DUMPBIN=''
am__EXEEXT_FALSE=''
am__EXEEXT_TRUE='#'
am__fastdepCC_FALSE='#'
am__fastdepCC_TRUE=''
am__fastdepCXX_FALSE='#'
am__fastdepCXX_TRUE=''
am__include='include'
am__isrc=''
am__leading_dot='.'
am__nodep='_no'
am__quote=''
am__tar='$${TAR-tar} chof - "$$tardir"'
am__untar='$${TAR-tar} xf -'
bindir='${exec_prefix}/bin'
build='x86_64-pc-linux-gnu'
build_alias=''
build_cpu='x86_64'
build_os='linux-gnu'
build_vendor='pc'
datadir='${datarootdir}'
datarootdir='${prefix}/share'
docdir='${datarootdir}/doc/${PACKAGE_TARNAME}'
dvidir='${docdir}'
exec_prefix='${prefix}'
host='x86_64-pc-none'
host_alias='x86_64'
host_cpu='x86_64'
host_os='none'
host_vendor='pc'
htmldir='${docdir}'
includedir='${prefix}/include'
infodir='${datarootdir}/info'
install_sh='${SHELL} /home/cxy/Desktop/ffmpeg-0818/ffmpeg-android/expat-2.2.7/conftools/install-sh'
libdir='${exec_prefix}/lib'
libexecdir='${exec_prefix}/libexec'
localedir='${datarootdir}/locale'
localstatedir='${prefix}/var'
mandir='${datarootdir}/man'
mkdir_p='$(MKDIR_P)'
oldincludedir='/usr/include'
pdfdir='${docdir}'
prefix='/home/cxy/Desktop/ffmpeg-0818/ffmpeg-android/toolchain-android'
program_transform_name='s,x,x,'
psdir='${docdir}'
sbindir='${exec_prefix}/sbin'
sharedstatedir='${prefix}/com'
sysconfdir='${prefix}/etc'
target_alias=''

## ----------- ##
## confdefs.h. ##
## ----------- ##

/* confdefs.h */
#define PACKAGE_NAME "expat"
#define PACKAGE_TARNAME "expat"
#define PACKAGE_VERSION "2.2.7"
#define PACKAGE_STRING "expat 2.2.7"
#define PACKAGE_BUGREPORT "expat-bugs@libexpat.org"
#define PACKAGE_URL ""
#define PACKAGE "expat"
#define VERSION "2.2.7"
#define STDC_HEADERS 1
#define HAVE_SYS_TYPES_H 1
#define HAVE_SYS_STAT_H 1
#define HAVE_STDLIB_H 1
#define HAVE_STRING_H 1
#define HAVE_MEMORY_H 1
#define HAVE_STRINGS_H 1
#define HAVE_INTTYPES_H 1
#define HAVE_STDINT_H 1
#define HAVE_UNISTD_H 1
#define HAVE_DLFCN_H 1
#define LT_OBJDIR ".libs/"
#define STDC_HEADERS 1
#define BYTEORDER 1234
#define HAVE_ARC4RANDOM_BUF 1
#define HAVE_SYSCALL_GETRANDOM 1
#define HAVE_FCNTL_H 1
#define HAVE_UNISTD_H 1
#define HAVE_STDLIB_H 1
#define HAVE_UNISTD_H 1
#define HAVE_SYS_PARAM_H 1
#define HAVE_GETPAGESIZE 1
#define XML_NS 1
#define XML_DTD 1
#define XML_DEV_URANDOM 1
#define XML_CONTEXT_BYTES 1024

configure: exit 0
