This file contains any messages produced by compilers while
running configure, to aid debugging if configure makes a mistake.

It was created by GNU FriBidi configure 0.19.7, which was
generated by GNU Autoconf 2.69.  Invocation command line was

  $ ./configure --with-pic --with-sysroot=/home/cxy/AndroidFFmpeg4/toolchain-android/sysroot --host=x86_64 --enable-static --disable-shared --with-glib=no --prefix=/home/cxy/AndroidFFmpeg4/toolchain-android

## --------- ##
## Platform. ##
## --------- ##

hostname = ubuntu
uname -m = x86_64
uname -r = 5.0.0-25-generic
uname -s = Linux
uname -v = #26~18.04.1-Ubuntu SMP Thu Aug 1 13:51:02 UTC 2019

/usr/bin/uname -p = unknown
/bin/uname -X     = unknown

/bin/arch              = unknown
/usr/bin/arch -k       = unknown
/usr/convex/getsysinfo = unknown
/usr/bin/hostinfo      = unknown
/bin/machine           = unknown
/usr/bin/oslevel       = unknown
/bin/universe          = unknown

PATH: /usr/local/sbin
PATH: /usr/local/bin
PATH: /usr/sbin
PATH: /usr/bin
PATH: /sbin
PATH: /bin
PATH: /usr/games
PATH: /usr/local/games
PATH: /snap/bin
PATH: /home/cxy/environment/android-ndk-r17c


## ----------- ##
## Core tests. ##
## ----------- ##

configure:2512: checking for a BSD-compatible install
configure:2580: result: /usr/bin/install -c
configure:2591: checking whether build environment is sane
configure:2646: result: yes
configure:2705: checking for x86_64-strip
configure:2732: result: /home/cxy/AndroidFFmpeg4/toolchain-android/bin/x86_64-linux-android-strip
configure:2797: checking for a thread-safe mkdir -p
configure:2836: result: /bin/mkdir -p
configure:2843: checking for gawk
configure:2873: result: no
configure:2843: checking for mawk
configure:2859: found /usr/bin/mawk
configure:2870: result: mawk
configure:2881: checking whether make sets $(MAKE)
configure:2903: result: yes
configure:2932: checking whether make supports nested variables
configure:2949: result: yes
configure:3077: checking whether make supports nested variables
configure:3094: result: yes
configure:3118: checking for style of include used by make
configure:3146: result: GNU
configure:3177: checking for x86_64-gcc
configure:3204: result: /home/cxy/AndroidFFmpeg4/toolchain-android/bin/x86_64-linux-android-gcc --sysroot=/home/cxy/AndroidFFmpeg4/toolchain-android/sysroot
configure:3473: checking for C compiler version
configure:3482: /home/cxy/AndroidFFmpeg4/toolchain-android/bin/x86_64-linux-android-gcc --sysroot=/home/cxy/AndroidFFmpeg4/toolchain-android/sysroot --version >&5
x86_64-linux-android-gcc (GCC) 4.9.x 20150123 (prerelease)
Copyright (C) 2014 Free Software Foundation, Inc.
This is free software; see the source for copying conditions.  There is NO
warranty; not even for MERCHANTABILITY or FITNESS FOR A PARTICULAR PURPOSE.

configure:3493: $? = 0
configure:3482: /home/cxy/AndroidFFmpeg4/toolchain-android/bin/x86_64-linux-android-gcc --sysroot=/home/cxy/AndroidFFmpeg4/toolchain-android/sysroot -v >&5
Using built-in specs.
COLLECT_GCC=/home/cxy/AndroidFFmpeg4/toolchain-android/bin/x86_64-linux-android-gcc
COLLECT_LTO_WRAPPER=/home/cxy/AndroidFFmpeg4/toolchain-android/bin/../libexec/gcc/x86_64-linux-android/4.9.x/lto-wrapper
Target: x86_64-linux-android
Configured with: /usr/local/google/buildbot/src/android/gcc/toolchain/build/../gcc/gcc-4.9/configure --prefix=/tmp/2c83971299a753917d8db9a4f5356c5d --target=x86_64-linux-android --host=x86_64-linux-gnu --build=x86_64-linux-gnu --with-gnu-as --with-gnu-ld --enable-languages=c,c++ --with-gmp=/buildbot/tmp/build/toolchain/temp-install --with-mpfr=/buildbot/tmp/build/toolchain/temp-install --with-mpc=/buildbot/tmp/build/toolchain/temp-install --with-cloog=/buildbot/tmp/build/toolchain/temp-install --with-isl=/buildbot/tmp/build/toolchain/temp-install --with-ppl=/buildbot/tmp/build/toolchain/temp-install --disable-ppl-version-check --disable-cloog-version-check --disable-isl-version-check --enable-cloog-backend=isl --with-host-libstdcxx='-static-libgcc -Wl,-Bstatic,-lstdc++,-Bdynamic -lm' --disable-libssp --enable-threads --disable-nls --disable-libmudflap --disable-libgomp --disable-libstdc__-v3 --disable-sjlj-exceptions --disable-shared --disable-tls --disable-libitm --with-arch=x86-64 --with-tune=intel --with-fpmath=sse --with-multilib-list=m32,m64 --enable-bionic-libs --enable-libatomic-ifuncs=no --enable-initfini-array --disable-nls --prefix=/tmp/2c83971299a753917d8db9a4f5356c5d --with-sysroot=/tmp/2c83971299a753917d8db9a4f5356c5d/sysroot --with-binutils-version=2.27 --with-mpfr-version=3.1.1 --with-mpc-version=1.0.1 --with-gmp-version=5.0.5 --with-gcc-version=4.9 --with-gdb-version=none --with-gxx-include-dir=/tmp/2c83971299a753917d8db9a4f5356c5d/include/c++/4.9.x --with-bugurl=http://source.android.com/source/report-bugs.html --enable-languages=c,c++ --disable-bootstrap --enable-plugins --enable-libgomp --enable-gnu-indirect-function --disable-libcilkrts --disable-libsanitizer --enable-gold --enable-threads --enable-eh-frame-hdr-for-static --enable-graphite=yes --with-isl-version=0.11.1 --with-cloog-version=0.18.0 --program-transform-name='s&^&x86_64-linux-android-&' --enable-gold=default
Thread model: posix
gcc version 4.9.x 20150123 (prerelease) (GCC) 
configure:3493: $? = 0
configure:3482: /home/cxy/AndroidFFmpeg4/toolchain-android/bin/x86_64-linux-android-gcc --sysroot=/home/cxy/AndroidFFmpeg4/toolchain-android/sysroot -V >&5
x86_64-linux-android-gcc: error: unrecognized command line option '-V'
x86_64-linux-android-gcc: fatal error: no input files
compilation terminated.
configure:3493: $? = 1
configure:3482: /home/cxy/AndroidFFmpeg4/toolchain-android/bin/x86_64-linux-android-gcc --sysroot=/home/cxy/AndroidFFmpeg4/toolchain-android/sysroot -qversion >&5
x86_64-linux-android-gcc: error: unrecognized command line option '-qversion'
x86_64-linux-android-gcc: fatal error: no input files
compilation terminated.
configure:3493: $? = 1
configure:3513: checking whether the C compiler works
configure:3535: /home/cxy/AndroidFFmpeg4/toolchain-android/bin/x86_64-linux-android-gcc --sysroot=/home/cxy/AndroidFFmpeg4/toolchain-android/sysroot    conftest.c  >&5
configure:3539: $? = 0
configure:3587: result: yes
configure:3590: checking for C compiler default output file name
configure:3592: result: a.out
configure:3598: checking for suffix of executables
configure:3605: /home/cxy/AndroidFFmpeg4/toolchain-android/bin/x86_64-linux-android-gcc --sysroot=/home/cxy/AndroidFFmpeg4/toolchain-android/sysroot -o conftest    conftest.c  >&5
configure:3609: $? = 0
configure:3631: result: 
configure:3653: checking whether we are cross compiling
configure:3661: /home/cxy/AndroidFFmpeg4/toolchain-android/bin/x86_64-linux-android-gcc --sysroot=/home/cxy/AndroidFFmpeg4/toolchain-android/sysroot -o conftest    conftest.c  >&5
configure:3665: $? = 0
configure:3672: ./conftest
./configure: line 3674: ./conftest: No such file or directory
configure:3676: $? = 127
configure:3691: result: yes
configure:3696: checking for suffix of object files
configure:3718: /home/cxy/AndroidFFmpeg4/toolchain-android/bin/x86_64-linux-android-gcc --sysroot=/home/cxy/AndroidFFmpeg4/toolchain-android/sysroot -c   conftest.c >&5
configure:3722: $? = 0
configure:3743: result: o
configure:3747: checking whether we are using the GNU C compiler
configure:3766: /home/cxy/AndroidFFmpeg4/toolchain-android/bin/x86_64-linux-android-gcc --sysroot=/home/cxy/AndroidFFmpeg4/toolchain-android/sysroot -c   conftest.c >&5
configure:3766: $? = 0
configure:3775: result: yes
configure:3784: checking whether /home/cxy/AndroidFFmpeg4/toolchain-android/bin/x86_64-linux-android-gcc --sysroot=/home/cxy/AndroidFFmpeg4/toolchain-android/sysroot accepts -g
configure:3804: /home/cxy/AndroidFFmpeg4/toolchain-android/bin/x86_64-linux-android-gcc --sysroot=/home/cxy/AndroidFFmpeg4/toolchain-android/sysroot -c -g  conftest.c >&5
configure:3804: $? = 0
configure:3845: result: yes
configure:3862: checking for /home/cxy/AndroidFFmpeg4/toolchain-android/bin/x86_64-linux-android-gcc --sysroot=/home/cxy/AndroidFFmpeg4/toolchain-android/sysroot option to accept ISO C89
configure:3925: /home/cxy/AndroidFFmpeg4/toolchain-android/bin/x86_64-linux-android-gcc --sysroot=/home/cxy/AndroidFFmpeg4/toolchain-android/sysroot  -c -g -O2  conftest.c >&5
configure:3925: $? = 0
configure:3938: result: none needed
configure:3963: checking whether /home/cxy/AndroidFFmpeg4/toolchain-android/bin/x86_64-linux-android-gcc --sysroot=/home/cxy/AndroidFFmpeg4/toolchain-android/sysroot understands -c and -o together
configure:3985: /home/cxy/AndroidFFmpeg4/toolchain-android/bin/x86_64-linux-android-gcc --sysroot=/home/cxy/AndroidFFmpeg4/toolchain-android/sysroot -c conftest.c -o conftest2.o
configure:3988: $? = 0
configure:3985: /home/cxy/AndroidFFmpeg4/toolchain-android/bin/x86_64-linux-android-gcc --sysroot=/home/cxy/AndroidFFmpeg4/toolchain-android/sysroot -c conftest.c -o conftest2.o
configure:3988: $? = 0
configure:4000: result: yes
configure:4019: checking dependency style of /home/cxy/AndroidFFmpeg4/toolchain-android/bin/x86_64-linux-android-gcc --sysroot=/home/cxy/AndroidFFmpeg4/toolchain-android/sysroot
configure:4130: result: gcc3
configure:4151: checking for x86_64-ar
configure:4178: result: /home/cxy/AndroidFFmpeg4/toolchain-android/bin/x86_64-linux-android-ar
configure:4248: checking the archiver (/home/cxy/AndroidFFmpeg4/toolchain-android/bin/x86_64-linux-android-ar) interface
configure:4264: /home/cxy/AndroidFFmpeg4/toolchain-android/bin/x86_64-linux-android-gcc --sysroot=/home/cxy/AndroidFFmpeg4/toolchain-android/sysroot -c -g -O2  conftest.c >&5
configure:4264: $? = 0
configure:4266: /home/cxy/AndroidFFmpeg4/toolchain-android/bin/x86_64-linux-android-ar cru libconftest.a conftest.o >&5
configure:4269: $? = 0
configure:4297: result: ar
configure:4349: checking build system type
configure:4363: result: x86_64-pc-linux-gnu
configure:4383: checking host system type
configure:4396: result: x86_64-pc-none
configure:4437: checking how to print strings
configure:4464: result: printf
configure:4485: checking for a sed that does not truncate output
configure:4549: result: /bin/sed
configure:4567: checking for grep that handles long lines and -e
configure:4625: result: /bin/grep
configure:4630: checking for egrep
configure:4692: result: /bin/grep -E
configure:4697: checking for fgrep
configure:4759: result: /bin/grep -F
configure:4794: checking for ld used by /home/cxy/AndroidFFmpeg4/toolchain-android/bin/x86_64-linux-android-gcc --sysroot=/home/cxy/AndroidFFmpeg4/toolchain-android/sysroot
configure:4861: result: /home/cxy/AndroidFFmpeg4/toolchain-android/bin/x86_64-linux-android-ld
configure:4868: checking if the linker (/home/cxy/AndroidFFmpeg4/toolchain-android/bin/x86_64-linux-android-ld) is GNU ld
configure:4883: result: yes
configure:4895: checking for BSD- or MS-compatible name lister (nm)
configure:4949: result: /home/cxy/AndroidFFmpeg4/toolchain-android/bin/x86_64-linux-android-nm
configure:5079: checking the name lister (/home/cxy/AndroidFFmpeg4/toolchain-android/bin/x86_64-linux-android-nm) interface
configure:5086: /home/cxy/AndroidFFmpeg4/toolchain-android/bin/x86_64-linux-android-gcc --sysroot=/home/cxy/AndroidFFmpeg4/toolchain-android/sysroot -c -g -O2  conftest.c >&5
configure:5089: /home/cxy/AndroidFFmpeg4/toolchain-android/bin/x86_64-linux-android-nm "conftest.o"
configure:5092: output
0000000000000000 B some_variable
configure:5099: result: BSD nm
configure:5102: checking whether ln -s works
configure:5106: result: yes
configure:5114: checking the maximum length of command line arguments
configure:5245: result: 1572864
configure:5293: checking how to convert x86_64-pc-linux-gnu file names to x86_64-pc-none format
configure:5333: result: func_convert_file_noop
configure:5340: checking how to convert x86_64-pc-linux-gnu file names to toolchain format
configure:5360: result: func_convert_file_noop
configure:5367: checking for /home/cxy/AndroidFFmpeg4/toolchain-android/bin/x86_64-linux-android-ld option to reload object files
configure:5374: result: -r
configure:5408: checking for x86_64-objdump
configure:5435: result: /home/cxy/AndroidFFmpeg4/toolchain-android/bin/x86_64-linux-android-objdump
configure:5507: checking how to recognize dependent libraries
configure:5707: result: unknown
configure:5752: checking for x86_64-dlltool
configure:5782: result: no
configure:5792: checking for dlltool
configure:5822: result: no
configure:5852: checking how to associate runtime and link libraries
configure:5879: result: printf %s\n
configure:5895: checking for x86_64-ar
configure:5922: result: /home/cxy/AndroidFFmpeg4/toolchain-android/bin/x86_64-linux-android-ar
configure:6003: checking for archiver @FILE support
configure:6020: /home/cxy/AndroidFFmpeg4/toolchain-android/bin/x86_64-linux-android-gcc --sysroot=/home/cxy/AndroidFFmpeg4/toolchain-android/sysroot -c -g -O2  conftest.c >&5
configure:6020: $? = 0
configure:6023: /home/cxy/AndroidFFmpeg4/toolchain-android/bin/x86_64-linux-android-ar cru libconftest.a @conftest.lst >&5
configure:6026: $? = 0
configure:6031: /home/cxy/AndroidFFmpeg4/toolchain-android/bin/x86_64-linux-android-ar cru libconftest.a @conftest.lst >&5
/home/cxy/AndroidFFmpeg4/toolchain-android/bin/x86_64-linux-android-ar: conftest.o: No such file or directory
configure:6034: $? = 1
configure:6046: result: @
configure:6064: checking for x86_64-strip
configure:6091: result: /home/cxy/AndroidFFmpeg4/toolchain-android/bin/x86_64-linux-android-strip
configure:6163: checking for x86_64-ranlib
configure:6190: result: /home/cxy/AndroidFFmpeg4/toolchain-android/bin/x86_64-linux-android-ranlib
configure:6332: checking command to parse /home/cxy/AndroidFFmpeg4/toolchain-android/bin/x86_64-linux-android-nm output from /home/cxy/AndroidFFmpeg4/toolchain-android/bin/x86_64-linux-android-gcc --sysroot=/home/cxy/AndroidFFmpeg4/toolchain-android/sysroot object
configure:6485: /home/cxy/AndroidFFmpeg4/toolchain-android/bin/x86_64-linux-android-gcc --sysroot=/home/cxy/AndroidFFmpeg4/toolchain-android/sysroot -c -g -O2  conftest.c >&5
configure:6488: $? = 0
configure:6492: /home/cxy/AndroidFFmpeg4/toolchain-android/bin/x86_64-linux-android-nm conftest.o \| sed -n -e 's/^.*[ ]\([ABCDGIRSTW][ABCDGIRSTW]*\)[ ][ ]*\([_A-Za-z][_A-Za-z0-9]*\)$/\1 \2 \2/p' | sed '/ __gnu_lto/d' \> conftest.nm
configure:6495: $? = 0
configure:6561: /home/cxy/AndroidFFmpeg4/toolchain-android/bin/x86_64-linux-android-gcc --sysroot=/home/cxy/AndroidFFmpeg4/toolchain-android/sysroot -o conftest -g -O2   conftest.c conftstm.o >&5
configure:6564: $? = 0
configure:6602: result: ok
configure:6649: checking for sysroot
configure:6679: result: /home/cxy/AndroidFFmpeg4/toolchain-android/sysroot
configure:6686: checking for a working dd
configure:6724: result: /bin/dd
configure:6728: checking how to truncate binary pipes
configure:6743: result: /bin/dd bs=4096 count=1
configure:7032: checking for x86_64-mt
configure:7062: result: no
configure:7072: checking for mt
configure:7088: found /bin/mt
configure:7099: result: mt
configure:7111: WARNING: using cross tools not prefixed with host triplet
configure:7122: checking if mt is a manifest tool
configure:7128: mt '-?'
configure:7136: result: no
configure:7813: checking how to run the C preprocessor
configure:7883: result: /home/cxy/AndroidFFmpeg4/toolchain-android/bin/x86_64-linux-android-cpp
configure:7903: /home/cxy/AndroidFFmpeg4/toolchain-android/bin/x86_64-linux-android-cpp  conftest.c
configure:7903: $? = 0
configure:7917: /home/cxy/AndroidFFmpeg4/toolchain-android/bin/x86_64-linux-android-cpp  conftest.c
conftest.c:9:28: fatal error: ac_nonexistent.h: No such file or directory
 #include <ac_nonexistent.h>
                            ^
compilation terminated.
configure:7917: $? = 1
configure: failed program was:
| /* confdefs.h */
| #define PACKAGE_NAME "GNU FriBidi"
| #define PACKAGE_TARNAME "fribidi"
| #define PACKAGE_VERSION "0.19.7"
| #define PACKAGE_STRING "GNU FriBidi 0.19.7"
| #define PACKAGE_BUGREPORT "http://bugs.freedesktop.org/enter_bug.cgi?product=fribidi"
| #define PACKAGE_URL "http://fribidi.org/"
| /* end confdefs.h.  */
| #include <ac_nonexistent.h>
configure:7946: checking for ANSI C header files
configure:7966: /home/cxy/AndroidFFmpeg4/toolchain-android/bin/x86_64-linux-android-gcc --sysroot=/home/cxy/AndroidFFmpeg4/toolchain-android/sysroot -c -g -O2  conftest.c >&5
configure:7966: $? = 0
configure:8050: result: yes
configure:8063: checking for sys/types.h
configure:8063: /home/cxy/AndroidFFmpeg4/toolchain-android/bin/x86_64-linux-android-gcc --sysroot=/home/cxy/AndroidFFmpeg4/toolchain-android/sysroot -c -g -O2  conftest.c >&5
configure:8063: $? = 0
configure:8063: result: yes
configure:8063: checking for sys/stat.h
configure:8063: /home/cxy/AndroidFFmpeg4/toolchain-android/bin/x86_64-linux-android-gcc --sysroot=/home/cxy/AndroidFFmpeg4/toolchain-android/sysroot -c -g -O2  conftest.c >&5
configure:8063: $? = 0
configure:8063: result: yes
configure:8063: checking for stdlib.h
configure:8063: /home/cxy/AndroidFFmpeg4/toolchain-android/bin/x86_64-linux-android-gcc --sysroot=/home/cxy/AndroidFFmpeg4/toolchain-android/sysroot -c -g -O2  conftest.c >&5
configure:8063: $? = 0
configure:8063: result: yes
configure:8063: checking for string.h
configure:8063: /home/cxy/AndroidFFmpeg4/toolchain-android/bin/x86_64-linux-android-gcc --sysroot=/home/cxy/AndroidFFmpeg4/toolchain-android/sysroot -c -g -O2  conftest.c >&5
configure:8063: $? = 0
configure:8063: result: yes
configure:8063: checking for memory.h
configure:8063: /home/cxy/AndroidFFmpeg4/toolchain-android/bin/x86_64-linux-android-gcc --sysroot=/home/cxy/AndroidFFmpeg4/toolchain-android/sysroot -c -g -O2  conftest.c >&5
configure:8063: $? = 0
configure:8063: result: yes
configure:8063: checking for strings.h
configure:8063: /home/cxy/AndroidFFmpeg4/toolchain-android/bin/x86_64-linux-android-gcc --sysroot=/home/cxy/AndroidFFmpeg4/toolchain-android/sysroot -c -g -O2  conftest.c >&5
configure:8063: $? = 0
configure:8063: result: yes
configure:8063: checking for inttypes.h
configure:8063: /home/cxy/AndroidFFmpeg4/toolchain-android/bin/x86_64-linux-android-gcc --sysroot=/home/cxy/AndroidFFmpeg4/toolchain-android/sysroot -c -g -O2  conftest.c >&5
configure:8063: $? = 0
configure:8063: result: yes
configure:8063: checking for stdint.h
configure:8063: /home/cxy/AndroidFFmpeg4/toolchain-android/bin/x86_64-linux-android-gcc --sysroot=/home/cxy/AndroidFFmpeg4/toolchain-android/sysroot -c -g -O2  conftest.c >&5
configure:8063: $? = 0
configure:8063: result: yes
configure:8063: checking for unistd.h
configure:8063: /home/cxy/AndroidFFmpeg4/toolchain-android/bin/x86_64-linux-android-gcc --sysroot=/home/cxy/AndroidFFmpeg4/toolchain-android/sysroot -c -g -O2  conftest.c >&5
configure:8063: $? = 0
configure:8063: result: yes
configure:8077: checking for dlfcn.h
configure:8077: /home/cxy/AndroidFFmpeg4/toolchain-android/bin/x86_64-linux-android-gcc --sysroot=/home/cxy/AndroidFFmpeg4/toolchain-android/sysroot -c -g -O2  conftest.c >&5
configure:8077: $? = 0
configure:8077: result: yes
configure:8332: checking for objdir
configure:8347: result: .libs
configure:8611: checking if /home/cxy/AndroidFFmpeg4/toolchain-android/bin/x86_64-linux-android-gcc --sysroot=/home/cxy/AndroidFFmpeg4/toolchain-android/sysroot supports -fno-rtti -fno-exceptions
configure:8629: /home/cxy/AndroidFFmpeg4/toolchain-android/bin/x86_64-linux-android-gcc --sysroot=/home/cxy/AndroidFFmpeg4/toolchain-android/sysroot -c -g -O2  -fno-rtti -fno-exceptions conftest.c >&5
cc1: warning: command line option '-fno-rtti' is valid for C++/ObjC++ but not for C
configure:8633: $? = 0
configure:8646: result: no
configure:9004: checking for /home/cxy/AndroidFFmpeg4/toolchain-android/bin/x86_64-linux-android-gcc --sysroot=/home/cxy/AndroidFFmpeg4/toolchain-android/sysroot option to produce PIC
configure:9011: result: -fPIC -DPIC
configure:9019: checking if /home/cxy/AndroidFFmpeg4/toolchain-android/bin/x86_64-linux-android-gcc --sysroot=/home/cxy/AndroidFFmpeg4/toolchain-android/sysroot PIC flag -fPIC -DPIC works
configure:9037: /home/cxy/AndroidFFmpeg4/toolchain-android/bin/x86_64-linux-android-gcc --sysroot=/home/cxy/AndroidFFmpeg4/toolchain-android/sysroot -c -g -O2  -fPIC -DPIC -DPIC conftest.c >&5
configure:9041: $? = 0
configure:9054: result: yes
configure:9083: checking if /home/cxy/AndroidFFmpeg4/toolchain-android/bin/x86_64-linux-android-gcc --sysroot=/home/cxy/AndroidFFmpeg4/toolchain-android/sysroot static flag -static works
configure:9111: result: yes
configure:9126: checking if /home/cxy/AndroidFFmpeg4/toolchain-android/bin/x86_64-linux-android-gcc --sysroot=/home/cxy/AndroidFFmpeg4/toolchain-android/sysroot supports -c -o file.o
configure:9147: /home/cxy/AndroidFFmpeg4/toolchain-android/bin/x86_64-linux-android-gcc --sysroot=/home/cxy/AndroidFFmpeg4/toolchain-android/sysroot -c -g -O2  -o out/conftest2.o conftest.c >&5
configure:9151: $? = 0
configure:9173: result: yes
configure:9181: checking if /home/cxy/AndroidFFmpeg4/toolchain-android/bin/x86_64-linux-android-gcc --sysroot=/home/cxy/AndroidFFmpeg4/toolchain-android/sysroot supports -c -o file.o
configure:9228: result: yes
configure:9261: checking whether the /home/cxy/AndroidFFmpeg4/toolchain-android/bin/x86_64-linux-android-gcc --sysroot=/home/cxy/AndroidFFmpeg4/toolchain-android/sysroot linker (/home/cxy/AndroidFFmpeg4/toolchain-android/bin/x86_64-linux-android-ld) supports shared libraries
configure:10524: result: yes
configure:10764: checking dynamic linker characteristics
configure:11594: result: no
configure:11716: checking how to hardcode library paths into programs
configure:11741: result: immediate
configure:12289: checking whether stripping libraries is possible
configure:12294: result: yes
configure:12329: checking if libtool supports shared libraries
configure:12331: result: no
configure:12334: checking whether to build shared libraries
configure:12359: result: no
configure:12362: checking whether to build static libraries
configure:12366: result: yes
configure:12436: checking for x86_64-gcc
configure:12463: result: /home/cxy/AndroidFFmpeg4/toolchain-android/bin/x86_64-linux-android-gcc --sysroot=/home/cxy/AndroidFFmpeg4/toolchain-android/sysroot
configure:12732: checking for C compiler version
configure:12741: /home/cxy/AndroidFFmpeg4/toolchain-android/bin/x86_64-linux-android-gcc --sysroot=/home/cxy/AndroidFFmpeg4/toolchain-android/sysroot --version >&5
x86_64-linux-android-gcc (GCC) 4.9.x 20150123 (prerelease)
Copyright (C) 2014 Free Software Foundation, Inc.
This is free software; see the source for copying conditions.  There is NO
warranty; not even for MERCHANTABILITY or FITNESS FOR A PARTICULAR PURPOSE.

configure:12752: $? = 0
configure:12741: /home/cxy/AndroidFFmpeg4/toolchain-android/bin/x86_64-linux-android-gcc --sysroot=/home/cxy/AndroidFFmpeg4/toolchain-android/sysroot -v >&5
Using built-in specs.
COLLECT_GCC=/home/cxy/AndroidFFmpeg4/toolchain-android/bin/x86_64-linux-android-gcc
COLLECT_LTO_WRAPPER=/home/cxy/AndroidFFmpeg4/toolchain-android/bin/../libexec/gcc/x86_64-linux-android/4.9.x/lto-wrapper
Target: x86_64-linux-android
Configured with: /usr/local/google/buildbot/src/android/gcc/toolchain/build/../gcc/gcc-4.9/configure --prefix=/tmp/2c83971299a753917d8db9a4f5356c5d --target=x86_64-linux-android --host=x86_64-linux-gnu --build=x86_64-linux-gnu --with-gnu-as --with-gnu-ld --enable-languages=c,c++ --with-gmp=/buildbot/tmp/build/toolchain/temp-install --with-mpfr=/buildbot/tmp/build/toolchain/temp-install --with-mpc=/buildbot/tmp/build/toolchain/temp-install --with-cloog=/buildbot/tmp/build/toolchain/temp-install --with-isl=/buildbot/tmp/build/toolchain/temp-install --with-ppl=/buildbot/tmp/build/toolchain/temp-install --disable-ppl-version-check --disable-cloog-version-check --disable-isl-version-check --enable-cloog-backend=isl --with-host-libstdcxx='-static-libgcc -Wl,-Bstatic,-lstdc++,-Bdynamic -lm' --disable-libssp --enable-threads --disable-nls --disable-libmudflap --disable-libgomp --disable-libstdc__-v3 --disable-sjlj-exceptions --disable-shared --disable-tls --disable-libitm --with-arch=x86-64 --with-tune=intel --with-fpmath=sse --with-multilib-list=m32,m64 --enable-bionic-libs --enable-libatomic-ifuncs=no --enable-initfini-array --disable-nls --prefix=/tmp/2c83971299a753917d8db9a4f5356c5d --with-sysroot=/tmp/2c83971299a753917d8db9a4f5356c5d/sysroot --with-binutils-version=2.27 --with-mpfr-version=3.1.1 --with-mpc-version=1.0.1 --with-gmp-version=5.0.5 --with-gcc-version=4.9 --with-gdb-version=none --with-gxx-include-dir=/tmp/2c83971299a753917d8db9a4f5356c5d/include/c++/4.9.x --with-bugurl=http://source.android.com/source/report-bugs.html --enable-languages=c,c++ --disable-bootstrap --enable-plugins --enable-libgomp --enable-gnu-indirect-function --disable-libcilkrts --disable-libsanitizer --enable-gold --enable-threads --enable-eh-frame-hdr-for-static --enable-graphite=yes --with-isl-version=0.11.1 --with-cloog-version=0.18.0 --program-transform-name='s&^&x86_64-linux-android-&' --enable-gold=default
Thread model: posix
gcc version 4.9.x 20150123 (prerelease) (GCC) 
configure:12752: $? = 0
configure:12741: /home/cxy/AndroidFFmpeg4/toolchain-android/bin/x86_64-linux-android-gcc --sysroot=/home/cxy/AndroidFFmpeg4/toolchain-android/sysroot -V >&5
x86_64-linux-android-gcc: error: unrecognized command line option '-V'
x86_64-linux-android-gcc: fatal error: no input files
compilation terminated.
configure:12752: $? = 1
configure:12741: /home/cxy/AndroidFFmpeg4/toolchain-android/bin/x86_64-linux-android-gcc --sysroot=/home/cxy/AndroidFFmpeg4/toolchain-android/sysroot -qversion >&5
x86_64-linux-android-gcc: error: unrecognized command line option '-qversion'
x86_64-linux-android-gcc: fatal error: no input files
compilation terminated.
configure:12752: $? = 1
configure:12756: checking whether we are using the GNU C compiler
configure:12784: result: yes
configure:12793: checking whether /home/cxy/AndroidFFmpeg4/toolchain-android/bin/x86_64-linux-android-gcc --sysroot=/home/cxy/AndroidFFmpeg4/toolchain-android/sysroot accepts -g
configure:12854: result: yes
configure:12871: checking for /home/cxy/AndroidFFmpeg4/toolchain-android/bin/x86_64-linux-android-gcc --sysroot=/home/cxy/AndroidFFmpeg4/toolchain-android/sysroot option to accept ISO C89
configure:12947: result: none needed
configure:12972: checking whether /home/cxy/AndroidFFmpeg4/toolchain-android/bin/x86_64-linux-android-gcc --sysroot=/home/cxy/AndroidFFmpeg4/toolchain-android/sysroot understands -c and -o together
configure:13009: result: yes
configure:13028: checking dependency style of /home/cxy/AndroidFFmpeg4/toolchain-android/bin/x86_64-linux-android-gcc --sysroot=/home/cxy/AndroidFFmpeg4/toolchain-android/sysroot
configure:13139: result: gcc3
configure:13166: checking for x86_64-pkg-config
configure:13199: result: no
configure:13209: checking for pkg-config
configure:13227: found /usr/bin/pkg-config
configure:13239: result: /usr/bin/pkg-config
configure:13264: checking pkg-config is at least version 0.9.0
configure:13267: result: yes
configure:13275: checking for native Win32
configure:13281: result: no
configure:13291: checking for some Win32 platform
configure:13297: result: no
configure:13310: checking for ANSI C header files
configure:13414: result: yes
configure:13425: checking for stdlib.h
configure:13425: result: yes
configure:13425: checking for string.h
configure:13425: result: yes
configure:13425: checking for strings.h
configure:13425: result: yes
configure:13425: checking for inttypes.h
configure:13425: result: yes
configure:13425: checking wchar.h usability
configure:13425: /home/cxy/AndroidFFmpeg4/toolchain-android/bin/x86_64-linux-android-gcc --sysroot=/home/cxy/AndroidFFmpeg4/toolchain-android/sysroot -c -g -O2  conftest.c >&5
configure:13425: $? = 0
configure:13425: result: yes
configure:13425: checking wchar.h presence
configure:13425: /home/cxy/AndroidFFmpeg4/toolchain-android/bin/x86_64-linux-android-cpp  conftest.c
configure:13425: $? = 0
configure:13425: result: yes
configure:13425: checking for wchar.h
configure:13425: result: yes
configure:13425: checking asm/page.h usability
configure:13425: /home/cxy/AndroidFFmpeg4/toolchain-android/bin/x86_64-linux-android-gcc --sysroot=/home/cxy/AndroidFFmpeg4/toolchain-android/sysroot -c -g -O2  conftest.c >&5
conftest.c:60:22: fatal error: asm/page.h: No such file or directory
 #include <asm/page.h>
                      ^
compilation terminated.
configure:13425: $? = 1
configure: failed program was:
| /* confdefs.h */
| #define PACKAGE_NAME "GNU FriBidi"
| #define PACKAGE_TARNAME "fribidi"
| #define PACKAGE_VERSION "0.19.7"
| #define PACKAGE_STRING "GNU FriBidi 0.19.7"
| #define PACKAGE_BUGREPORT "http://bugs.freedesktop.org/enter_bug.cgi?product=fribidi"
| #define PACKAGE_URL "http://fribidi.org/"
| #define STDC_HEADERS 1
| #define HAVE_SYS_TYPES_H 1
| #define HAVE_SYS_STAT_H 1
| #define HAVE_STDLIB_H 1
| #define HAVE_STRING_H 1
| #define HAVE_MEMORY_H 1
| #define HAVE_STRINGS_H 1
| #define HAVE_INTTYPES_H 1
| #define HAVE_STDINT_H 1
| #define HAVE_UNISTD_H 1
| #define HAVE_DLFCN_H 1
| #define LT_OBJDIR ".libs/"
| #define STDC_HEADERS 1
| #define HAVE_STDLIB_H 1
| #define HAVE_STRING_H 1
| #define HAVE_STRINGS_H 1
| #define HAVE_INTTYPES_H 1
| #define HAVE_WCHAR_H 1
| /* end confdefs.h.  */
| #include <stdio.h>
| #ifdef HAVE_SYS_TYPES_H
| # include <sys/types.h>
| #endif
| #ifdef HAVE_SYS_STAT_H
| # include <sys/stat.h>
| #endif
| #ifdef STDC_HEADERS
| # include <stdlib.h>
| # include <stddef.h>
| #else
| # ifdef HAVE_STDLIB_H
| #  include <stdlib.h>
| # endif
| #endif
| #ifdef HAVE_STRING_H
| # if !defined STDC_HEADERS && defined HAVE_MEMORY_H
| #  include <memory.h>
| # endif
| # include <string.h>
| #endif
| #ifdef HAVE_STRINGS_H
| # include <strings.h>
| #endif
| #ifdef HAVE_INTTYPES_H
| # include <inttypes.h>
| #endif
| #ifdef HAVE_STDINT_H
| # include <stdint.h>
| #endif
| #ifdef HAVE_UNISTD_H
| # include <unistd.h>
| #endif
| #include <asm/page.h>
configure:13425: result: no
configure:13425: checking asm/page.h presence
configure:13425: /home/cxy/AndroidFFmpeg4/toolchain-android/bin/x86_64-linux-android-cpp  conftest.c
conftest.c:27:22: fatal error: asm/page.h: No such file or directory
 #include <asm/page.h>
                      ^
compilation terminated.
configure:13425: $? = 1
configure: failed program was:
| /* confdefs.h */
| #define PACKAGE_NAME "GNU FriBidi"
| #define PACKAGE_TARNAME "fribidi"
| #define PACKAGE_VERSION "0.19.7"
| #define PACKAGE_STRING "GNU FriBidi 0.19.7"
| #define PACKAGE_BUGREPORT "http://bugs.freedesktop.org/enter_bug.cgi?product=fribidi"
| #define PACKAGE_URL "http://fribidi.org/"
| #define STDC_HEADERS 1
| #define HAVE_SYS_TYPES_H 1
| #define HAVE_SYS_STAT_H 1
| #define HAVE_STDLIB_H 1
| #define HAVE_STRING_H 1
| #define HAVE_MEMORY_H 1
| #define HAVE_STRINGS_H 1
| #define HAVE_INTTYPES_H 1
| #define HAVE_STDINT_H 1
| #define HAVE_UNISTD_H 1
| #define HAVE_DLFCN_H 1
| #define LT_OBJDIR ".libs/"
| #define STDC_HEADERS 1
| #define HAVE_STDLIB_H 1
| #define HAVE_STRING_H 1
| #define HAVE_STRINGS_H 1
| #define HAVE_INTTYPES_H 1
| #define HAVE_WCHAR_H 1
| /* end confdefs.h.  */
| #include <asm/page.h>
configure:13425: result: no
configure:13425: checking for asm/page.h
configure:13425: result: no
configure:13425: checking sys/times.h usability
configure:13425: /home/cxy/AndroidFFmpeg4/toolchain-android/bin/x86_64-linux-android-gcc --sysroot=/home/cxy/AndroidFFmpeg4/toolchain-android/sysroot -c -g -O2  conftest.c >&5
configure:13425: $? = 0
configure:13425: result: yes
configure:13425: checking sys/times.h presence
configure:13425: /home/cxy/AndroidFFmpeg4/toolchain-android/bin/x86_64-linux-android-cpp  conftest.c
configure:13425: $? = 0
configure:13425: result: yes
configure:13425: checking for sys/times.h
configure:13425: result: yes
configure:13437: checking for an ANSI C-conforming const
configure:13503: /home/cxy/AndroidFFmpeg4/toolchain-android/bin/x86_64-linux-android-gcc --sysroot=/home/cxy/AndroidFFmpeg4/toolchain-android/sysroot -c -g -O2  conftest.c >&5
configure:13503: $? = 0
configure:13510: result: yes
configure:13518: checking for preprocessor stringizing operator
configure:13538: result: yes
configure:13550: checking size of int
configure:13555: /home/cxy/AndroidFFmpeg4/toolchain-android/bin/x86_64-linux-android-gcc --sysroot=/home/cxy/AndroidFFmpeg4/toolchain-android/sysroot -c -g -O2  conftest.c >&5
configure:13555: $? = 0
configure:13555: /home/cxy/AndroidFFmpeg4/toolchain-android/bin/x86_64-linux-android-gcc --sysroot=/home/cxy/AndroidFFmpeg4/toolchain-android/sysroot -c -g -O2  conftest.c >&5
conftest.c: In function 'main':
conftest.c:65:12: error: size of array 'test_array' is negative
 static int test_array [1 - 2 * !(((long int) (sizeof (int))) <= 0)];
            ^
configure:13555: $? = 1
configure: failed program was:
| /* confdefs.h */
| #define PACKAGE_NAME "GNU FriBidi"
| #define PACKAGE_TARNAME "fribidi"
| #define PACKAGE_VERSION "0.19.7"
| #define PACKAGE_STRING "GNU FriBidi 0.19.7"
| #define PACKAGE_BUGREPORT "http://bugs.freedesktop.org/enter_bug.cgi?product=fribidi"
| #define PACKAGE_URL "http://fribidi.org/"
| #define STDC_HEADERS 1
| #define HAVE_SYS_TYPES_H 1
| #define HAVE_SYS_STAT_H 1
| #define HAVE_STDLIB_H 1
| #define HAVE_STRING_H 1
| #define HAVE_MEMORY_H 1
| #define HAVE_STRINGS_H 1
| #define HAVE_INTTYPES_H 1
| #define HAVE_STDINT_H 1
| #define HAVE_UNISTD_H 1
| #define HAVE_DLFCN_H 1
| #define LT_OBJDIR ".libs/"
| #define STDC_HEADERS 1
| #define HAVE_STDLIB_H 1
| #define HAVE_STRING_H 1
| #define HAVE_STRINGS_H 1
| #define HAVE_INTTYPES_H 1
| #define HAVE_WCHAR_H 1
| #define HAVE_SYS_TIMES_H 1
| #define HAVE_STRINGIZE 1
| /* end confdefs.h.  */
| #include <stdio.h>
| #ifdef HAVE_SYS_TYPES_H
| # include <sys/types.h>
| #endif
| #ifdef HAVE_SYS_STAT_H
| # include <sys/stat.h>
| #endif
| #ifdef STDC_HEADERS
| # include <stdlib.h>
| # include <stddef.h>
| #else
| # ifdef HAVE_STDLIB_H
| #  include <stdlib.h>
| # endif
| #endif
| #ifdef HAVE_STRING_H
| # if !defined STDC_HEADERS && defined HAVE_MEMORY_H
| #  include <memory.h>
| # endif
| # include <string.h>
| #endif
| #ifdef HAVE_STRINGS_H
| # include <strings.h>
| #endif
| #ifdef HAVE_INTTYPES_H
| # include <inttypes.h>
| #endif
| #ifdef HAVE_STDINT_H
| # include <stdint.h>
| #endif
| #ifdef HAVE_UNISTD_H
| # include <unistd.h>
| #endif
| int
| main ()
| {
| static int test_array [1 - 2 * !(((long int) (sizeof (int))) <= 0)];
| test_array [0] = 0;
| return test_array [0];
| 
|   ;
|   return 0;
| }
configure:13555: /home/cxy/AndroidFFmpeg4/toolchain-android/bin/x86_64-linux-android-gcc --sysroot=/home/cxy/AndroidFFmpeg4/toolchain-android/sysroot -c -g -O2  conftest.c >&5
conftest.c: In function 'main':
conftest.c:65:12: error: size of array 'test_array' is negative
 static int test_array [1 - 2 * !(((long int) (sizeof (int))) <= 1)];
            ^
configure:13555: $? = 1
configure: failed program was:
| /* confdefs.h */
| #define PACKAGE_NAME "GNU FriBidi"
| #define PACKAGE_TARNAME "fribidi"
| #define PACKAGE_VERSION "0.19.7"
| #define PACKAGE_STRING "GNU FriBidi 0.19.7"
| #define PACKAGE_BUGREPORT "http://bugs.freedesktop.org/enter_bug.cgi?product=fribidi"
| #define PACKAGE_URL "http://fribidi.org/"
| #define STDC_HEADERS 1
| #define HAVE_SYS_TYPES_H 1
| #define HAVE_SYS_STAT_H 1
| #define HAVE_STDLIB_H 1
| #define HAVE_STRING_H 1
| #define HAVE_MEMORY_H 1
| #define HAVE_STRINGS_H 1
| #define HAVE_INTTYPES_H 1
| #define HAVE_STDINT_H 1
| #define HAVE_UNISTD_H 1
| #define HAVE_DLFCN_H 1
| #define LT_OBJDIR ".libs/"
| #define STDC_HEADERS 1
| #define HAVE_STDLIB_H 1
| #define HAVE_STRING_H 1
| #define HAVE_STRINGS_H 1
| #define HAVE_INTTYPES_H 1
| #define HAVE_WCHAR_H 1
| #define HAVE_SYS_TIMES_H 1
| #define HAVE_STRINGIZE 1
| /* end confdefs.h.  */
| #include <stdio.h>
| #ifdef HAVE_SYS_TYPES_H
| # include <sys/types.h>
| #endif
| #ifdef HAVE_SYS_STAT_H
| # include <sys/stat.h>
| #endif
| #ifdef STDC_HEADERS
| # include <stdlib.h>
| # include <stddef.h>
| #else
| # ifdef HAVE_STDLIB_H
| #  include <stdlib.h>
| # endif
| #endif
| #ifdef HAVE_STRING_H
| # if !defined STDC_HEADERS && defined HAVE_MEMORY_H
| #  include <memory.h>
| # endif
| # include <string.h>
| #endif
| #ifdef HAVE_STRINGS_H
| # include <strings.h>
| #endif
| #ifdef HAVE_INTTYPES_H
| # include <inttypes.h>
| #endif
| #ifdef HAVE_STDINT_H
| # include <stdint.h>
| #endif
| #ifdef HAVE_UNISTD_H
| # include <unistd.h>
| #endif
| int
| main ()
| {
| static int test_array [1 - 2 * !(((long int) (sizeof (int))) <= 1)];
| test_array [0] = 0;
| return test_array [0];
| 
|   ;
|   return 0;
| }
configure:13555: /home/cxy/AndroidFFmpeg4/toolchain-android/bin/x86_64-linux-android-gcc --sysroot=/home/cxy/AndroidFFmpeg4/toolchain-android/sysroot -c -g -O2  conftest.c >&5
conftest.c: In function 'main':
conftest.c:65:12: error: size of array 'test_array' is negative
 static int test_array [1 - 2 * !(((long int) (sizeof (int))) <= 3)];
            ^
configure:13555: $? = 1
configure: failed program was:
| /* confdefs.h */
| #define PACKAGE_NAME "GNU FriBidi"
| #define PACKAGE_TARNAME "fribidi"
| #define PACKAGE_VERSION "0.19.7"
| #define PACKAGE_STRING "GNU FriBidi 0.19.7"
| #define PACKAGE_BUGREPORT "http://bugs.freedesktop.org/enter_bug.cgi?product=fribidi"
| #define PACKAGE_URL "http://fribidi.org/"
| #define STDC_HEADERS 1
| #define HAVE_SYS_TYPES_H 1
| #define HAVE_SYS_STAT_H 1
| #define HAVE_STDLIB_H 1
| #define HAVE_STRING_H 1
| #define HAVE_MEMORY_H 1
| #define HAVE_STRINGS_H 1
| #define HAVE_INTTYPES_H 1
| #define HAVE_STDINT_H 1
| #define HAVE_UNISTD_H 1
| #define HAVE_DLFCN_H 1
| #define LT_OBJDIR ".libs/"
| #define STDC_HEADERS 1
| #define HAVE_STDLIB_H 1
| #define HAVE_STRING_H 1
| #define HAVE_STRINGS_H 1
| #define HAVE_INTTYPES_H 1
| #define HAVE_WCHAR_H 1
| #define HAVE_SYS_TIMES_H 1
| #define HAVE_STRINGIZE 1
| /* end confdefs.h.  */
| #include <stdio.h>
| #ifdef HAVE_SYS_TYPES_H
| # include <sys/types.h>
| #endif
| #ifdef HAVE_SYS_STAT_H
| # include <sys/stat.h>
| #endif
| #ifdef STDC_HEADERS
| # include <stdlib.h>
| # include <stddef.h>
| #else
| # ifdef HAVE_STDLIB_H
| #  include <stdlib.h>
| # endif
| #endif
| #ifdef HAVE_STRING_H
| # if !defined STDC_HEADERS && defined HAVE_MEMORY_H
| #  include <memory.h>
| # endif
| # include <string.h>
| #endif
| #ifdef HAVE_STRINGS_H
| # include <strings.h>
| #endif
| #ifdef HAVE_INTTYPES_H
| # include <inttypes.h>
| #endif
| #ifdef HAVE_STDINT_H
| # include <stdint.h>
| #endif
| #ifdef HAVE_UNISTD_H
| # include <unistd.h>
| #endif
| int
| main ()
| {
| static int test_array [1 - 2 * !(((long int) (sizeof (int))) <= 3)];
| test_array [0] = 0;
| return test_array [0];
| 
|   ;
|   return 0;
| }
configure:13555: /home/cxy/AndroidFFmpeg4/toolchain-android/bin/x86_64-linux-android-gcc --sysroot=/home/cxy/AndroidFFmpeg4/toolchain-android/sysroot -c -g -O2  conftest.c >&5
configure:13555: $? = 0
configure:13555: /home/cxy/AndroidFFmpeg4/toolchain-android/bin/x86_64-linux-android-gcc --sysroot=/home/cxy/AndroidFFmpeg4/toolchain-android/sysroot -c -g -O2  conftest.c >&5
configure:13555: $? = 0
configure:13555: /home/cxy/AndroidFFmpeg4/toolchain-android/bin/x86_64-linux-android-gcc --sysroot=/home/cxy/AndroidFFmpeg4/toolchain-android/sysroot -c -g -O2  conftest.c >&5
configure:13555: $? = 0
configure:13569: result: 4
configure:13585: checking size of short
configure:13590: /home/cxy/AndroidFFmpeg4/toolchain-android/bin/x86_64-linux-android-gcc --sysroot=/home/cxy/AndroidFFmpeg4/toolchain-android/sysroot -c -g -O2  conftest.c >&5
configure:13590: $? = 0
configure:13590: /home/cxy/AndroidFFmpeg4/toolchain-android/bin/x86_64-linux-android-gcc --sysroot=/home/cxy/AndroidFFmpeg4/toolchain-android/sysroot -c -g -O2  conftest.c >&5
conftest.c: In function 'main':
conftest.c:66:12: error: size of array 'test_array' is negative
 static int test_array [1 - 2 * !(((long int) (sizeof (short))) <= 0)];
            ^
configure:13590: $? = 1
configure: failed program was:
| /* confdefs.h */
| #define PACKAGE_NAME "GNU FriBidi"
| #define PACKAGE_TARNAME "fribidi"
| #define PACKAGE_VERSION "0.19.7"
| #define PACKAGE_STRING "GNU FriBidi 0.19.7"
| #define PACKAGE_BUGREPORT "http://bugs.freedesktop.org/enter_bug.cgi?product=fribidi"
| #define PACKAGE_URL "http://fribidi.org/"
| #define STDC_HEADERS 1
| #define HAVE_SYS_TYPES_H 1
| #define HAVE_SYS_STAT_H 1
| #define HAVE_STDLIB_H 1
| #define HAVE_STRING_H 1
| #define HAVE_MEMORY_H 1
| #define HAVE_STRINGS_H 1
| #define HAVE_INTTYPES_H 1
| #define HAVE_STDINT_H 1
| #define HAVE_UNISTD_H 1
| #define HAVE_DLFCN_H 1
| #define LT_OBJDIR ".libs/"
| #define STDC_HEADERS 1
| #define HAVE_STDLIB_H 1
| #define HAVE_STRING_H 1
| #define HAVE_STRINGS_H 1
| #define HAVE_INTTYPES_H 1
| #define HAVE_WCHAR_H 1
| #define HAVE_SYS_TIMES_H 1
| #define HAVE_STRINGIZE 1
| #define SIZEOF_INT 4
| /* end confdefs.h.  */
| #include <stdio.h>
| #ifdef HAVE_SYS_TYPES_H
| # include <sys/types.h>
| #endif
| #ifdef HAVE_SYS_STAT_H
| # include <sys/stat.h>
| #endif
| #ifdef STDC_HEADERS
| # include <stdlib.h>
| # include <stddef.h>
| #else
| # ifdef HAVE_STDLIB_H
| #  include <stdlib.h>
| # endif
| #endif
| #ifdef HAVE_STRING_H
| # if !defined STDC_HEADERS && defined HAVE_MEMORY_H
| #  include <memory.h>
| # endif
| # include <string.h>
| #endif
| #ifdef HAVE_STRINGS_H
| # include <strings.h>
| #endif
| #ifdef HAVE_INTTYPES_H
| # include <inttypes.h>
| #endif
| #ifdef HAVE_STDINT_H
| # include <stdint.h>
| #endif
| #ifdef HAVE_UNISTD_H
| # include <unistd.h>
| #endif
| int
| main ()
| {
| static int test_array [1 - 2 * !(((long int) (sizeof (short))) <= 0)];
| test_array [0] = 0;
| return test_array [0];
| 
|   ;
|   return 0;
| }
configure:13590: /home/cxy/AndroidFFmpeg4/toolchain-android/bin/x86_64-linux-android-gcc --sysroot=/home/cxy/AndroidFFmpeg4/toolchain-android/sysroot -c -g -O2  conftest.c >&5
conftest.c: In function 'main':
conftest.c:66:12: error: size of array 'test_array' is negative
 static int test_array [1 - 2 * !(((long int) (sizeof (short))) <= 1)];
            ^
configure:13590: $? = 1
configure: failed program was:
| /* confdefs.h */
| #define PACKAGE_NAME "GNU FriBidi"
| #define PACKAGE_TARNAME "fribidi"
| #define PACKAGE_VERSION "0.19.7"
| #define PACKAGE_STRING "GNU FriBidi 0.19.7"
| #define PACKAGE_BUGREPORT "http://bugs.freedesktop.org/enter_bug.cgi?product=fribidi"
| #define PACKAGE_URL "http://fribidi.org/"
| #define STDC_HEADERS 1
| #define HAVE_SYS_TYPES_H 1
| #define HAVE_SYS_STAT_H 1
| #define HAVE_STDLIB_H 1
| #define HAVE_STRING_H 1
| #define HAVE_MEMORY_H 1
| #define HAVE_STRINGS_H 1
| #define HAVE_INTTYPES_H 1
| #define HAVE_STDINT_H 1
| #define HAVE_UNISTD_H 1
| #define HAVE_DLFCN_H 1
| #define LT_OBJDIR ".libs/"
| #define STDC_HEADERS 1
| #define HAVE_STDLIB_H 1
| #define HAVE_STRING_H 1
| #define HAVE_STRINGS_H 1
| #define HAVE_INTTYPES_H 1
| #define HAVE_WCHAR_H 1
| #define HAVE_SYS_TIMES_H 1
| #define HAVE_STRINGIZE 1
| #define SIZEOF_INT 4
| /* end confdefs.h.  */
| #include <stdio.h>
| #ifdef HAVE_SYS_TYPES_H
| # include <sys/types.h>
| #endif
| #ifdef HAVE_SYS_STAT_H
| # include <sys/stat.h>
| #endif
| #ifdef STDC_HEADERS
| # include <stdlib.h>
| # include <stddef.h>
| #else
| # ifdef HAVE_STDLIB_H
| #  include <stdlib.h>
| # endif
| #endif
| #ifdef HAVE_STRING_H
| # if !defined STDC_HEADERS && defined HAVE_MEMORY_H
| #  include <memory.h>
| # endif
| # include <string.h>
| #endif
| #ifdef HAVE_STRINGS_H
| # include <strings.h>
| #endif
| #ifdef HAVE_INTTYPES_H
| # include <inttypes.h>
| #endif
| #ifdef HAVE_STDINT_H
| # include <stdint.h>
| #endif
| #ifdef HAVE_UNISTD_H
| # include <unistd.h>
| #endif
| int
| main ()
| {
| static int test_array [1 - 2 * !(((long int) (sizeof (short))) <= 1)];
| test_array [0] = 0;
| return test_array [0];
| 
|   ;
|   return 0;
| }
configure:13590: /home/cxy/AndroidFFmpeg4/toolchain-android/bin/x86_64-linux-android-gcc --sysroot=/home/cxy/AndroidFFmpeg4/toolchain-android/sysroot -c -g -O2  conftest.c >&5
configure:13590: $? = 0
configure:13590: /home/cxy/AndroidFFmpeg4/toolchain-android/bin/x86_64-linux-android-gcc --sysroot=/home/cxy/AndroidFFmpeg4/toolchain-android/sysroot -c -g -O2  conftest.c >&5
configure:13590: $? = 0
configure:13604: result: 2
configure:13618: checking size of void *
configure:13623: /home/cxy/AndroidFFmpeg4/toolchain-android/bin/x86_64-linux-android-gcc --sysroot=/home/cxy/AndroidFFmpeg4/toolchain-android/sysroot -c -g -O2  conftest.c >&5
configure:13623: $? = 0
configure:13623: /home/cxy/AndroidFFmpeg4/toolchain-android/bin/x86_64-linux-android-gcc --sysroot=/home/cxy/AndroidFFmpeg4/toolchain-android/sysroot -c -g -O2  conftest.c >&5
conftest.c: In function 'main':
conftest.c:67:12: error: size of array 'test_array' is negative
 static int test_array [1 - 2 * !(((long int) (sizeof (void *))) <= 0)];
            ^
configure:13623: $? = 1
configure: failed program was:
| /* confdefs.h */
| #define PACKAGE_NAME "GNU FriBidi"
| #define PACKAGE_TARNAME "fribidi"
| #define PACKAGE_VERSION "0.19.7"
| #define PACKAGE_STRING "GNU FriBidi 0.19.7"
| #define PACKAGE_BUGREPORT "http://bugs.freedesktop.org/enter_bug.cgi?product=fribidi"
| #define PACKAGE_URL "http://fribidi.org/"
| #define STDC_HEADERS 1
| #define HAVE_SYS_TYPES_H 1
| #define HAVE_SYS_STAT_H 1
| #define HAVE_STDLIB_H 1
| #define HAVE_STRING_H 1
| #define HAVE_MEMORY_H 1
| #define HAVE_STRINGS_H 1
| #define HAVE_INTTYPES_H 1
| #define HAVE_STDINT_H 1
| #define HAVE_UNISTD_H 1
| #define HAVE_DLFCN_H 1
| #define LT_OBJDIR ".libs/"
| #define STDC_HEADERS 1
| #define HAVE_STDLIB_H 1
| #define HAVE_STRING_H 1
| #define HAVE_STRINGS_H 1
| #define HAVE_INTTYPES_H 1
| #define HAVE_WCHAR_H 1
| #define HAVE_SYS_TIMES_H 1
| #define HAVE_STRINGIZE 1
| #define SIZEOF_INT 4
| #define SIZEOF_SHORT 2
| /* end confdefs.h.  */
| #include <stdio.h>
| #ifdef HAVE_SYS_TYPES_H
| # include <sys/types.h>
| #endif
| #ifdef HAVE_SYS_STAT_H
| # include <sys/stat.h>
| #endif
| #ifdef STDC_HEADERS
| # include <stdlib.h>
| # include <stddef.h>
| #else
| # ifdef HAVE_STDLIB_H
| #  include <stdlib.h>
| # endif
| #endif
| #ifdef HAVE_STRING_H
| # if !defined STDC_HEADERS && defined HAVE_MEMORY_H
| #  include <memory.h>
| # endif
| # include <string.h>
| #endif
| #ifdef HAVE_STRINGS_H
| # include <strings.h>
| #endif
| #ifdef HAVE_INTTYPES_H
| # include <inttypes.h>
| #endif
| #ifdef HAVE_STDINT_H
| # include <stdint.h>
| #endif
| #ifdef HAVE_UNISTD_H
| # include <unistd.h>
| #endif
| int
| main ()
| {
| static int test_array [1 - 2 * !(((long int) (sizeof (void *))) <= 0)];
| test_array [0] = 0;
| return test_array [0];
| 
|   ;
|   return 0;
| }
configure:13623: /home/cxy/AndroidFFmpeg4/toolchain-android/bin/x86_64-linux-android-gcc --sysroot=/home/cxy/AndroidFFmpeg4/toolchain-android/sysroot -c -g -O2  conftest.c >&5
conftest.c: In function 'main':
conftest.c:67:12: error: size of array 'test_array' is negative
 static int test_array [1 - 2 * !(((long int) (sizeof (void *))) <= 1)];
            ^
configure:13623: $? = 1
configure: failed program was:
| /* confdefs.h */
| #define PACKAGE_NAME "GNU FriBidi"
| #define PACKAGE_TARNAME "fribidi"
| #define PACKAGE_VERSION "0.19.7"
| #define PACKAGE_STRING "GNU FriBidi 0.19.7"
| #define PACKAGE_BUGREPORT "http://bugs.freedesktop.org/enter_bug.cgi?product=fribidi"
| #define PACKAGE_URL "http://fribidi.org/"
| #define STDC_HEADERS 1
| #define HAVE_SYS_TYPES_H 1
| #define HAVE_SYS_STAT_H 1
| #define HAVE_STDLIB_H 1
| #define HAVE_STRING_H 1
| #define HAVE_MEMORY_H 1
| #define HAVE_STRINGS_H 1
| #define HAVE_INTTYPES_H 1
| #define HAVE_STDINT_H 1
| #define HAVE_UNISTD_H 1
| #define HAVE_DLFCN_H 1
| #define LT_OBJDIR ".libs/"
| #define STDC_HEADERS 1
| #define HAVE_STDLIB_H 1
| #define HAVE_STRING_H 1
| #define HAVE_STRINGS_H 1
| #define HAVE_INTTYPES_H 1
| #define HAVE_WCHAR_H 1
| #define HAVE_SYS_TIMES_H 1
| #define HAVE_STRINGIZE 1
| #define SIZEOF_INT 4
| #define SIZEOF_SHORT 2
| /* end confdefs.h.  */
| #include <stdio.h>
| #ifdef HAVE_SYS_TYPES_H
| # include <sys/types.h>
| #endif
| #ifdef HAVE_SYS_STAT_H
| # include <sys/stat.h>
| #endif
| #ifdef STDC_HEADERS
| # include <stdlib.h>
| # include <stddef.h>
| #else
| # ifdef HAVE_STDLIB_H
| #  include <stdlib.h>
| # endif
| #endif
| #ifdef HAVE_STRING_H
| # if !defined STDC_HEADERS && defined HAVE_MEMORY_H
| #  include <memory.h>
| # endif
| # include <string.h>
| #endif
| #ifdef HAVE_STRINGS_H
| # include <strings.h>
| #endif
| #ifdef HAVE_INTTYPES_H
| # include <inttypes.h>
| #endif
| #ifdef HAVE_STDINT_H
| # include <stdint.h>
| #endif
| #ifdef HAVE_UNISTD_H
| # include <unistd.h>
| #endif
| int
| main ()
| {
| static int test_array [1 - 2 * !(((long int) (sizeof (void *))) <= 1)];
| test_array [0] = 0;
| return test_array [0];
| 
|   ;
|   return 0;
| }
configure:13623: /home/cxy/AndroidFFmpeg4/toolchain-android/bin/x86_64-linux-android-gcc --sysroot=/home/cxy/AndroidFFmpeg4/toolchain-android/sysroot -c -g -O2  conftest.c >&5
conftest.c: In function 'main':
conftest.c:67:12: error: size of array 'test_array' is negative
 static int test_array [1 - 2 * !(((long int) (sizeof (void *))) <= 3)];
            ^
configure:13623: $? = 1
configure: failed program was:
| /* confdefs.h */
| #define PACKAGE_NAME "GNU FriBidi"
| #define PACKAGE_TARNAME "fribidi"
| #define PACKAGE_VERSION "0.19.7"
| #define PACKAGE_STRING "GNU FriBidi 0.19.7"
| #define PACKAGE_BUGREPORT "http://bugs.freedesktop.org/enter_bug.cgi?product=fribidi"
| #define PACKAGE_URL "http://fribidi.org/"
| #define STDC_HEADERS 1
| #define HAVE_SYS_TYPES_H 1
| #define HAVE_SYS_STAT_H 1
| #define HAVE_STDLIB_H 1
| #define HAVE_STRING_H 1
| #define HAVE_MEMORY_H 1
| #define HAVE_STRINGS_H 1
| #define HAVE_INTTYPES_H 1
| #define HAVE_STDINT_H 1
| #define HAVE_UNISTD_H 1
| #define HAVE_DLFCN_H 1
| #define LT_OBJDIR ".libs/"
| #define STDC_HEADERS 1
| #define HAVE_STDLIB_H 1
| #define HAVE_STRING_H 1
| #define HAVE_STRINGS_H 1
| #define HAVE_INTTYPES_H 1
| #define HAVE_WCHAR_H 1
| #define HAVE_SYS_TIMES_H 1
| #define HAVE_STRINGIZE 1
| #define SIZEOF_INT 4
| #define SIZEOF_SHORT 2
| /* end confdefs.h.  */
| #include <stdio.h>
| #ifdef HAVE_SYS_TYPES_H
| # include <sys/types.h>
| #endif
| #ifdef HAVE_SYS_STAT_H
| # include <sys/stat.h>
| #endif
| #ifdef STDC_HEADERS
| # include <stdlib.h>
| # include <stddef.h>
| #else
| # ifdef HAVE_STDLIB_H
| #  include <stdlib.h>
| # endif
| #endif
| #ifdef HAVE_STRING_H
| # if !defined STDC_HEADERS && defined HAVE_MEMORY_H
| #  include <memory.h>
| # endif
| # include <string.h>
| #endif
| #ifdef HAVE_STRINGS_H
| # include <strings.h>
| #endif
| #ifdef HAVE_INTTYPES_H
| # include <inttypes.h>
| #endif
| #ifdef HAVE_STDINT_H
| # include <stdint.h>
| #endif
| #ifdef HAVE_UNISTD_H
| # include <unistd.h>
| #endif
| int
| main ()
| {
| static int test_array [1 - 2 * !(((long int) (sizeof (void *))) <= 3)];
| test_array [0] = 0;
| return test_array [0];
| 
|   ;
|   return 0;
| }
configure:13623: /home/cxy/AndroidFFmpeg4/toolchain-android/bin/x86_64-linux-android-gcc --sysroot=/home/cxy/AndroidFFmpeg4/toolchain-android/sysroot -c -g -O2  conftest.c >&5
conftest.c: In function 'main':
conftest.c:67:12: error: size of array 'test_array' is negative
 static int test_array [1 - 2 * !(((long int) (sizeof (void *))) <= 7)];
            ^
configure:13623: $? = 1
configure: failed program was:
| /* confdefs.h */
| #define PACKAGE_NAME "GNU FriBidi"
| #define PACKAGE_TARNAME "fribidi"
| #define PACKAGE_VERSION "0.19.7"
| #define PACKAGE_STRING "GNU FriBidi 0.19.7"
| #define PACKAGE_BUGREPORT "http://bugs.freedesktop.org/enter_bug.cgi?product=fribidi"
| #define PACKAGE_URL "http://fribidi.org/"
| #define STDC_HEADERS 1
| #define HAVE_SYS_TYPES_H 1
| #define HAVE_SYS_STAT_H 1
| #define HAVE_STDLIB_H 1
| #define HAVE_STRING_H 1
| #define HAVE_MEMORY_H 1
| #define HAVE_STRINGS_H 1
| #define HAVE_INTTYPES_H 1
| #define HAVE_STDINT_H 1
| #define HAVE_UNISTD_H 1
| #define HAVE_DLFCN_H 1
| #define LT_OBJDIR ".libs/"
| #define STDC_HEADERS 1
| #define HAVE_STDLIB_H 1
| #define HAVE_STRING_H 1
| #define HAVE_STRINGS_H 1
| #define HAVE_INTTYPES_H 1
| #define HAVE_WCHAR_H 1
| #define HAVE_SYS_TIMES_H 1
| #define HAVE_STRINGIZE 1
| #define SIZEOF_INT 4
| #define SIZEOF_SHORT 2
| /* end confdefs.h.  */
| #include <stdio.h>
| #ifdef HAVE_SYS_TYPES_H
| # include <sys/types.h>
| #endif
| #ifdef HAVE_SYS_STAT_H
| # include <sys/stat.h>
| #endif
| #ifdef STDC_HEADERS
| # include <stdlib.h>
| # include <stddef.h>
| #else
| # ifdef HAVE_STDLIB_H
| #  include <stdlib.h>
| # endif
| #endif
| #ifdef HAVE_STRING_H
| # if !defined STDC_HEADERS && defined HAVE_MEMORY_H
| #  include <memory.h>
| # endif
| # include <string.h>
| #endif
| #ifdef HAVE_STRINGS_H
| # include <strings.h>
| #endif
| #ifdef HAVE_INTTYPES_H
| # include <inttypes.h>
| #endif
| #ifdef HAVE_STDINT_H
| # include <stdint.h>
| #endif
| #ifdef HAVE_UNISTD_H
| # include <unistd.h>
| #endif
| int
| main ()
| {
| static int test_array [1 - 2 * !(((long int) (sizeof (void *))) <= 7)];
| test_array [0] = 0;
| return test_array [0];
| 
|   ;
|   return 0;
| }
configure:13623: /home/cxy/AndroidFFmpeg4/toolchain-android/bin/x86_64-linux-android-gcc --sysroot=/home/cxy/AndroidFFmpeg4/toolchain-android/sysroot -c -g -O2  conftest.c >&5
configure:13623: $? = 0
configure:13623: /home/cxy/AndroidFFmpeg4/toolchain-android/bin/x86_64-linux-android-gcc --sysroot=/home/cxy/AndroidFFmpeg4/toolchain-android/sysroot -c -g -O2  conftest.c >&5
configure:13623: $? = 0
configure:13623: /home/cxy/AndroidFFmpeg4/toolchain-android/bin/x86_64-linux-android-gcc --sysroot=/home/cxy/AndroidFFmpeg4/toolchain-android/sysroot -c -g -O2  conftest.c >&5
configure:13623: $? = 0
configure:13623: /home/cxy/AndroidFFmpeg4/toolchain-android/bin/x86_64-linux-android-gcc --sysroot=/home/cxy/AndroidFFmpeg4/toolchain-android/sysroot -c -g -O2  conftest.c >&5
configure:13623: $? = 0
configure:13637: result: 8
configure:13651: checking size of wchar_t
configure:13656: /home/cxy/AndroidFFmpeg4/toolchain-android/bin/x86_64-linux-android-gcc --sysroot=/home/cxy/AndroidFFmpeg4/toolchain-android/sysroot -c -g -O2  conftest.c >&5
configure:13656: $? = 0
configure:13656: /home/cxy/AndroidFFmpeg4/toolchain-android/bin/x86_64-linux-android-gcc --sysroot=/home/cxy/AndroidFFmpeg4/toolchain-android/sysroot -c -g -O2  conftest.c >&5
conftest.c: In function 'main':
conftest.c:68:12: error: size of array 'test_array' is negative
 static int test_array [1 - 2 * !(((long int) (sizeof (wchar_t))) <= 0)];
            ^
configure:13656: $? = 1
configure: failed program was:
| /* confdefs.h */
| #define PACKAGE_NAME "GNU FriBidi"
| #define PACKAGE_TARNAME "fribidi"
| #define PACKAGE_VERSION "0.19.7"
| #define PACKAGE_STRING "GNU FriBidi 0.19.7"
| #define PACKAGE_BUGREPORT "http://bugs.freedesktop.org/enter_bug.cgi?product=fribidi"
| #define PACKAGE_URL "http://fribidi.org/"
| #define STDC_HEADERS 1
| #define HAVE_SYS_TYPES_H 1
| #define HAVE_SYS_STAT_H 1
| #define HAVE_STDLIB_H 1
| #define HAVE_STRING_H 1
| #define HAVE_MEMORY_H 1
| #define HAVE_STRINGS_H 1
| #define HAVE_INTTYPES_H 1
| #define HAVE_STDINT_H 1
| #define HAVE_UNISTD_H 1
| #define HAVE_DLFCN_H 1
| #define LT_OBJDIR ".libs/"
| #define STDC_HEADERS 1
| #define HAVE_STDLIB_H 1
| #define HAVE_STRING_H 1
| #define HAVE_STRINGS_H 1
| #define HAVE_INTTYPES_H 1
| #define HAVE_WCHAR_H 1
| #define HAVE_SYS_TIMES_H 1
| #define HAVE_STRINGIZE 1
| #define SIZEOF_INT 4
| #define SIZEOF_SHORT 2
| #define SIZEOF_VOID_P 8
| /* end confdefs.h.  */
| #include <stdio.h>
| #ifdef HAVE_SYS_TYPES_H
| # include <sys/types.h>
| #endif
| #ifdef HAVE_SYS_STAT_H
| # include <sys/stat.h>
| #endif
| #ifdef STDC_HEADERS
| # include <stdlib.h>
| # include <stddef.h>
| #else
| # ifdef HAVE_STDLIB_H
| #  include <stdlib.h>
| # endif
| #endif
| #ifdef HAVE_STRING_H
| # if !defined STDC_HEADERS && defined HAVE_MEMORY_H
| #  include <memory.h>
| # endif
| # include <string.h>
| #endif
| #ifdef HAVE_STRINGS_H
| # include <strings.h>
| #endif
| #ifdef HAVE_INTTYPES_H
| # include <inttypes.h>
| #endif
| #ifdef HAVE_STDINT_H
| # include <stdint.h>
| #endif
| #ifdef HAVE_UNISTD_H
| # include <unistd.h>
| #endif
| int
| main ()
| {
| static int test_array [1 - 2 * !(((long int) (sizeof (wchar_t))) <= 0)];
| test_array [0] = 0;
| return test_array [0];
| 
|   ;
|   return 0;
| }
configure:13656: /home/cxy/AndroidFFmpeg4/toolchain-android/bin/x86_64-linux-android-gcc --sysroot=/home/cxy/AndroidFFmpeg4/toolchain-android/sysroot -c -g -O2  conftest.c >&5
conftest.c: In function 'main':
conftest.c:68:12: error: size of array 'test_array' is negative
 static int test_array [1 - 2 * !(((long int) (sizeof (wchar_t))) <= 1)];
            ^
configure:13656: $? = 1
configure: failed program was:
| /* confdefs.h */
| #define PACKAGE_NAME "GNU FriBidi"
| #define PACKAGE_TARNAME "fribidi"
| #define PACKAGE_VERSION "0.19.7"
| #define PACKAGE_STRING "GNU FriBidi 0.19.7"
| #define PACKAGE_BUGREPORT "http://bugs.freedesktop.org/enter_bug.cgi?product=fribidi"
| #define PACKAGE_URL "http://fribidi.org/"
| #define STDC_HEADERS 1
| #define HAVE_SYS_TYPES_H 1
| #define HAVE_SYS_STAT_H 1
| #define HAVE_STDLIB_H 1
| #define HAVE_STRING_H 1
| #define HAVE_MEMORY_H 1
| #define HAVE_STRINGS_H 1
| #define HAVE_INTTYPES_H 1
| #define HAVE_STDINT_H 1
| #define HAVE_UNISTD_H 1
| #define HAVE_DLFCN_H 1
| #define LT_OBJDIR ".libs/"
| #define STDC_HEADERS 1
| #define HAVE_STDLIB_H 1
| #define HAVE_STRING_H 1
| #define HAVE_STRINGS_H 1
| #define HAVE_INTTYPES_H 1
| #define HAVE_WCHAR_H 1
| #define HAVE_SYS_TIMES_H 1
| #define HAVE_STRINGIZE 1
| #define SIZEOF_INT 4
| #define SIZEOF_SHORT 2
| #define SIZEOF_VOID_P 8
| /* end confdefs.h.  */
| #include <stdio.h>
| #ifdef HAVE_SYS_TYPES_H
| # include <sys/types.h>
| #endif
| #ifdef HAVE_SYS_STAT_H
| # include <sys/stat.h>
| #endif
| #ifdef STDC_HEADERS
| # include <stdlib.h>
| # include <stddef.h>
| #else
| # ifdef HAVE_STDLIB_H
| #  include <stdlib.h>
| # endif
| #endif
| #ifdef HAVE_STRING_H
| # if !defined STDC_HEADERS && defined HAVE_MEMORY_H
| #  include <memory.h>
| # endif
| # include <string.h>
| #endif
| #ifdef HAVE_STRINGS_H
| # include <strings.h>
| #endif
| #ifdef HAVE_INTTYPES_H
| # include <inttypes.h>
| #endif
| #ifdef HAVE_STDINT_H
| # include <stdint.h>
| #endif
| #ifdef HAVE_UNISTD_H
| # include <unistd.h>
| #endif
| int
| main ()
| {
| static int test_array [1 - 2 * !(((long int) (sizeof (wchar_t))) <= 1)];
| test_array [0] = 0;
| return test_array [0];
| 
|   ;
|   return 0;
| }
configure:13656: /home/cxy/AndroidFFmpeg4/toolchain-android/bin/x86_64-linux-android-gcc --sysroot=/home/cxy/AndroidFFmpeg4/toolchain-android/sysroot -c -g -O2  conftest.c >&5
conftest.c: In function 'main':
conftest.c:68:12: error: size of array 'test_array' is negative
 static int test_array [1 - 2 * !(((long int) (sizeof (wchar_t))) <= 3)];
            ^
configure:13656: $? = 1
configure: failed program was:
| /* confdefs.h */
| #define PACKAGE_NAME "GNU FriBidi"
| #define PACKAGE_TARNAME "fribidi"
| #define PACKAGE_VERSION "0.19.7"
| #define PACKAGE_STRING "GNU FriBidi 0.19.7"
| #define PACKAGE_BUGREPORT "http://bugs.freedesktop.org/enter_bug.cgi?product=fribidi"
| #define PACKAGE_URL "http://fribidi.org/"
| #define STDC_HEADERS 1
| #define HAVE_SYS_TYPES_H 1
| #define HAVE_SYS_STAT_H 1
| #define HAVE_STDLIB_H 1
| #define HAVE_STRING_H 1
| #define HAVE_MEMORY_H 1
| #define HAVE_STRINGS_H 1
| #define HAVE_INTTYPES_H 1
| #define HAVE_STDINT_H 1
| #define HAVE_UNISTD_H 1
| #define HAVE_DLFCN_H 1
| #define LT_OBJDIR ".libs/"
| #define STDC_HEADERS 1
| #define HAVE_STDLIB_H 1
| #define HAVE_STRING_H 1
| #define HAVE_STRINGS_H 1
| #define HAVE_INTTYPES_H 1
| #define HAVE_WCHAR_H 1
| #define HAVE_SYS_TIMES_H 1
| #define HAVE_STRINGIZE 1
| #define SIZEOF_INT 4
| #define SIZEOF_SHORT 2
| #define SIZEOF_VOID_P 8
| /* end confdefs.h.  */
| #include <stdio.h>
| #ifdef HAVE_SYS_TYPES_H
| # include <sys/types.h>
| #endif
| #ifdef HAVE_SYS_STAT_H
| # include <sys/stat.h>
| #endif
| #ifdef STDC_HEADERS
| # include <stdlib.h>
| # include <stddef.h>
| #else
| # ifdef HAVE_STDLIB_H
| #  include <stdlib.h>
| # endif
| #endif
| #ifdef HAVE_STRING_H
| # if !defined STDC_HEADERS && defined HAVE_MEMORY_H
| #  include <memory.h>
| # endif
| # include <string.h>
| #endif
| #ifdef HAVE_STRINGS_H
| # include <strings.h>
| #endif
| #ifdef HAVE_INTTYPES_H
| # include <inttypes.h>
| #endif
| #ifdef HAVE_STDINT_H
| # include <stdint.h>
| #endif
| #ifdef HAVE_UNISTD_H
| # include <unistd.h>
| #endif
| int
| main ()
| {
| static int test_array [1 - 2 * !(((long int) (sizeof (wchar_t))) <= 3)];
| test_array [0] = 0;
| return test_array [0];
| 
|   ;
|   return 0;
| }
configure:13656: /home/cxy/AndroidFFmpeg4/toolchain-android/bin/x86_64-linux-android-gcc --sysroot=/home/cxy/AndroidFFmpeg4/toolchain-android/sysroot -c -g -O2  conftest.c >&5
configure:13656: $? = 0
configure:13656: /home/cxy/AndroidFFmpeg4/toolchain-android/bin/x86_64-linux-android-gcc --sysroot=/home/cxy/AndroidFFmpeg4/toolchain-android/sysroot -c -g -O2  conftest.c >&5
configure:13656: $? = 0
configure:13656: /home/cxy/AndroidFFmpeg4/toolchain-android/bin/x86_64-linux-android-gcc --sysroot=/home/cxy/AndroidFFmpeg4/toolchain-android/sysroot -c -g -O2  conftest.c >&5
configure:13656: $? = 0
configure:13670: result: 4
configure:13690: checking for memmove
configure:13690: /home/cxy/AndroidFFmpeg4/toolchain-android/bin/x86_64-linux-android-gcc --sysroot=/home/cxy/AndroidFFmpeg4/toolchain-android/sysroot -o conftest -g -O2 -Wall -ansi    conftest.c  >&5
conftest.c:56:6: warning: conflicting types for built-in function 'memmove'
 char memmove ();
      ^
configure:13690: $? = 0
configure:13690: result: yes
configure:13690: checking for memset
configure:13690: /home/cxy/AndroidFFmpeg4/toolchain-android/bin/x86_64-linux-android-gcc --sysroot=/home/cxy/AndroidFFmpeg4/toolchain-android/sysroot -o conftest -g -O2 -Wall -ansi    conftest.c  >&5
conftest.c:57:6: warning: conflicting types for built-in function 'memset'
 char memset ();
      ^
configure:13690: $? = 0
configure:13690: result: yes
configure:13690: checking for strdup
configure:13690: /home/cxy/AndroidFFmpeg4/toolchain-android/bin/x86_64-linux-android-gcc --sysroot=/home/cxy/AndroidFFmpeg4/toolchain-android/sysroot -o conftest -g -O2 -Wall -ansi    conftest.c  >&5
configure:13690: $? = 0
configure:13690: result: yes
configure:13699: checking return type of signal handlers
configure:13717: /home/cxy/AndroidFFmpeg4/toolchain-android/bin/x86_64-linux-android-gcc --sysroot=/home/cxy/AndroidFFmpeg4/toolchain-android/sysroot -c -g -O2 -Wall -ansi   conftest.c >&5
conftest.c: In function 'main':
conftest.c:42:1: error: void value not ignored as it ought to be
 return *(signal (0, 0)) (0) == 1;
 ^
configure:13717: $? = 1
configure: failed program was:
| /* confdefs.h */
| #define PACKAGE_NAME "GNU FriBidi"
| #define PACKAGE_TARNAME "fribidi"
| #define PACKAGE_VERSION "0.19.7"
| #define PACKAGE_STRING "GNU FriBidi 0.19.7"
| #define PACKAGE_BUGREPORT "http://bugs.freedesktop.org/enter_bug.cgi?product=fribidi"
| #define PACKAGE_URL "http://fribidi.org/"
| #define STDC_HEADERS 1
| #define HAVE_SYS_TYPES_H 1
| #define HAVE_SYS_STAT_H 1
| #define HAVE_STDLIB_H 1
| #define HAVE_STRING_H 1
| #define HAVE_MEMORY_H 1
| #define HAVE_STRINGS_H 1
| #define HAVE_INTTYPES_H 1
| #define HAVE_STDINT_H 1
| #define HAVE_UNISTD_H 1
| #define HAVE_DLFCN_H 1
| #define LT_OBJDIR ".libs/"
| #define STDC_HEADERS 1
| #define HAVE_STDLIB_H 1
| #define HAVE_STRING_H 1
| #define HAVE_STRINGS_H 1
| #define HAVE_INTTYPES_H 1
| #define HAVE_WCHAR_H 1
| #define HAVE_SYS_TIMES_H 1
| #define HAVE_STRINGIZE 1
| #define SIZEOF_INT 4
| #define SIZEOF_SHORT 2
| #define SIZEOF_VOID_P 8
| #define SIZEOF_WCHAR_T 4
| #define HAVE_MEMMOVE 1
| #define HAVE_MEMSET 1
| #define HAVE_STRDUP 1
| /* end confdefs.h.  */
| #include <sys/types.h>
| #include <signal.h>
| 
| int
| main ()
| {
| return *(signal (0, 0)) (0) == 1;
|   ;
|   return 0;
| }
configure:13724: result: void
configure:14102: checking that generated files are newer than configure
configure:14108: result: done
configure:14151: creating ./config.status

## ---------------------- ##
## Running config.status. ##
## ---------------------- ##

This file was extended by GNU FriBidi config.status 0.19.7, which was
generated by GNU Autoconf 2.69.  Invocation command line was

  CONFIG_FILES    = 
  CONFIG_HEADERS  = 
  CONFIG_LINKS    = 
  CONFIG_COMMANDS = 
  $ ./config.status 

on ubuntu

config.status:1136: creating fribidi.pc
config.status:1136: creating lib/fribidi-config.h
config.status:1136: creating Makefile
config.status:1136: creating charset/Makefile
config.status:1136: creating gen.tab/Makefile
config.status:1136: creating lib/Makefile
config.status:1136: creating bin/Makefile
config.status:1136: creating doc/Makefile
config.status:1136: creating test/Makefile
config.status:1136: creating config.h
config.status:1365: executing depfiles commands
config.status:1365: executing libtool commands

## ---------------- ##
## Cache variables. ##
## ---------------- ##

ac_cv_build=x86_64-pc-linux-gnu
ac_cv_c_compiler_gnu=yes
ac_cv_c_const=yes
ac_cv_c_stringize=yes
ac_cv_env_CC_set=set
ac_cv_env_CC_value='/home/cxy/AndroidFFmpeg4/toolchain-android/bin/x86_64-linux-android-gcc --sysroot=/home/cxy/AndroidFFmpeg4/toolchain-android/sysroot'
ac_cv_env_CFLAGS_set=
ac_cv_env_CFLAGS_value=
ac_cv_env_CPPFLAGS_set=
ac_cv_env_CPPFLAGS_value=
ac_cv_env_CPP_set=set
ac_cv_env_CPP_value=/home/cxy/AndroidFFmpeg4/toolchain-android/bin/x86_64-linux-android-cpp
ac_cv_env_GLIB_CFLAGS_set=
ac_cv_env_GLIB_CFLAGS_value=
ac_cv_env_GLIB_LIBS_set=
ac_cv_env_GLIB_LIBS_value=
ac_cv_env_LDFLAGS_set=
ac_cv_env_LDFLAGS_value=
ac_cv_env_LIBS_set=
ac_cv_env_LIBS_value=
ac_cv_env_LT_SYS_LIBRARY_PATH_set=
ac_cv_env_LT_SYS_LIBRARY_PATH_value=
ac_cv_env_PKG_CONFIG_LIBDIR_set=set
ac_cv_env_PKG_CONFIG_LIBDIR_value=/home/cxy/AndroidFFmpeg4/toolchain-android/lib/pkgconfig
ac_cv_env_PKG_CONFIG_PATH_set=
ac_cv_env_PKG_CONFIG_PATH_value=
ac_cv_env_PKG_CONFIG_set=
ac_cv_env_PKG_CONFIG_value=
ac_cv_env_build_alias_set=
ac_cv_env_build_alias_value=
ac_cv_env_host_alias_set=set
ac_cv_env_host_alias_value=x86_64
ac_cv_env_target_alias_set=
ac_cv_env_target_alias_value=
ac_cv_func_memmove=yes
ac_cv_func_memset=yes
ac_cv_func_strdup=yes
ac_cv_header_asm_page_h=no
ac_cv_header_dlfcn_h=yes
ac_cv_header_inttypes_h=yes
ac_cv_header_memory_h=yes
ac_cv_header_stdc=yes
ac_cv_header_stdint_h=yes
ac_cv_header_stdlib_h=yes
ac_cv_header_string_h=yes
ac_cv_header_strings_h=yes
ac_cv_header_sys_stat_h=yes
ac_cv_header_sys_times_h=yes
ac_cv_header_sys_types_h=yes
ac_cv_header_unistd_h=yes
ac_cv_header_wchar_h=yes
ac_cv_host=x86_64-pc-none
ac_cv_objext=o
ac_cv_path_EGREP='/bin/grep -E'
ac_cv_path_FGREP='/bin/grep -F'
ac_cv_path_GREP=/bin/grep
ac_cv_path_SED=/bin/sed
ac_cv_path_ac_pt_PKG_CONFIG=/usr/bin/pkg-config
ac_cv_path_install='/usr/bin/install -c'
ac_cv_path_lt_DD=/bin/dd
ac_cv_path_mkdir=/bin/mkdir
ac_cv_prog_AR=/home/cxy/AndroidFFmpeg4/toolchain-android/bin/x86_64-linux-android-ar
ac_cv_prog_AWK=mawk
ac_cv_prog_CC='/home/cxy/AndroidFFmpeg4/toolchain-android/bin/x86_64-linux-android-gcc --sysroot=/home/cxy/AndroidFFmpeg4/toolchain-android/sysroot'
ac_cv_prog_CPP=/home/cxy/AndroidFFmpeg4/toolchain-android/bin/x86_64-linux-android-cpp
ac_cv_prog_OBJDUMP=/home/cxy/AndroidFFmpeg4/toolchain-android/bin/x86_64-linux-android-objdump
ac_cv_prog_RANLIB=/home/cxy/AndroidFFmpeg4/toolchain-android/bin/x86_64-linux-android-ranlib
ac_cv_prog_STRIP=/home/cxy/AndroidFFmpeg4/toolchain-android/bin/x86_64-linux-android-strip
ac_cv_prog_ac_ct_MANIFEST_TOOL=mt
ac_cv_prog_cc_c89=
ac_cv_prog_cc_g=yes
ac_cv_prog_make_make_set=yes
ac_cv_sizeof_int=4
ac_cv_sizeof_short=2
ac_cv_sizeof_void_p=8
ac_cv_sizeof_wchar_t=4
ac_cv_type_signal=void
am_cv_CC_dependencies_compiler_type=gcc3
am_cv_ar_interface=ar
am_cv_make_support_nested_variables=yes
am_cv_prog_cc_c_o=yes
lt_cv_ar_at_file=@
lt_cv_deplibs_check_method=unknown
lt_cv_file_magic_cmd='$MAGIC_CMD'
lt_cv_file_magic_test_file=
lt_cv_ld_reload_flag=-r
lt_cv_nm_interface='BSD nm'
lt_cv_objdir=.libs
lt_cv_path_LD=/home/cxy/AndroidFFmpeg4/toolchain-android/bin/x86_64-linux-android-ld
lt_cv_path_NM=/home/cxy/AndroidFFmpeg4/toolchain-android/bin/x86_64-linux-android-nm
lt_cv_path_mainfest_tool=no
lt_cv_prog_compiler_c_o=yes
lt_cv_prog_compiler_pic='-fPIC -DPIC'
lt_cv_prog_compiler_pic_works=yes
lt_cv_prog_compiler_rtti_exceptions=no
lt_cv_prog_compiler_static_works=yes
lt_cv_prog_gnu_ld=yes
lt_cv_sharedlib_from_linklib_cmd='printf %s\n'
lt_cv_sys_global_symbol_pipe='sed -n -e '\''s/^.*[	 ]\([ABCDGIRSTW][ABCDGIRSTW]*\)[	 ][	 ]*\([_A-Za-z][_A-Za-z0-9]*\)$/\1 \2 \2/p'\'' | sed '\''/ __gnu_lto/d'\'''
lt_cv_sys_global_symbol_to_c_name_address='sed -n -e '\''s/^: \(.*\) .*$/  {"\1", (void *) 0},/p'\'' -e '\''s/^[ABCDGIRSTW][ABCDGIRSTW]* .* \(.*\)$/  {"\1", (void *) \&\1},/p'\'''
lt_cv_sys_global_symbol_to_c_name_address_lib_prefix='sed -n -e '\''s/^: \(.*\) .*$/  {"\1", (void *) 0},/p'\'' -e '\''s/^[ABCDGIRSTW][ABCDGIRSTW]* .* \(lib.*\)$/  {"\1", (void *) \&\1},/p'\'' -e '\''s/^[ABCDGIRSTW][ABCDGIRSTW]* .* \(.*\)$/  {"lib\1", (void *) \&\1},/p'\'''
lt_cv_sys_global_symbol_to_cdecl='sed -n -e '\''s/^T .* \(.*\)$/extern int \1();/p'\'' -e '\''s/^[ABCDGIRSTW][ABCDGIRSTW]* .* \(.*\)$/extern char \1;/p'\'''
lt_cv_sys_global_symbol_to_import=
lt_cv_sys_max_cmd_len=1572864
lt_cv_to_host_file_cmd=func_convert_file_noop
lt_cv_to_tool_file_cmd=func_convert_file_noop
lt_cv_truncate_bin='/bin/dd bs=4096 count=1'

## ----------------- ##
## Output variables. ##
## ----------------- ##

ACLOCAL='${SHELL} /home/cxy/AndroidFFmpeg4/fribidi-0.19.7/missing aclocal-1.15'
AMDEPBACKSLASH='\'
AMDEP_FALSE='#'
AMDEP_TRUE=''
AMTAR='$${TAR-tar}'
AM_BACKSLASH='\'
AM_DEFAULT_V='$(AM_DEFAULT_VERBOSITY)'
AM_DEFAULT_VERBOSITY='0'
AM_V='$(V)'
AR='/home/cxy/AndroidFFmpeg4/toolchain-android/bin/x86_64-linux-android-ar'
AUTOCONF='${SHELL} /home/cxy/AndroidFFmpeg4/fribidi-0.19.7/missing autoconf'
AUTOHEADER='${SHELL} /home/cxy/AndroidFFmpeg4/fribidi-0.19.7/missing autoheader'
AUTOMAKE='${SHELL} /home/cxy/AndroidFFmpeg4/fribidi-0.19.7/missing automake-1.15'
AWK='mawk'
CC='/home/cxy/AndroidFFmpeg4/toolchain-android/bin/x86_64-linux-android-gcc --sysroot=/home/cxy/AndroidFFmpeg4/toolchain-android/sysroot'
CCDEPMODE='depmode=gcc3'
CFLAGS='-g -O2 -Wall -ansi '
CPP='/home/cxy/AndroidFFmpeg4/toolchain-android/bin/x86_64-linux-android-cpp'
CPPFLAGS=''
CYGPATH_W='echo'
DEFS='-DHAVE_CONFIG_H'
DEPDIR='.deps'
DLLTOOL='false'
DSYMUTIL=''
DUMPBIN=''
ECHO_C=''
ECHO_N='-n'
ECHO_T=''
EGREP='/bin/grep -E'
EXEEXT=''
FGREP='/bin/grep -F'
FRIBIDI_BINARY_AGE='3'
FRIBIDI_CHARSETS='1'
FRIBIDI_CHARSETS_FALSE='#'
FRIBIDI_CHARSETS_TRUE=''
FRIBIDI_INTERFACE_AGE='6'
FRIBIDI_INTERFACE_VERSION='3'
FRIBIDI_MAJOR_VERSION='0'
FRIBIDI_MICRO_VERSION='7'
FRIBIDI_MINOR_VERSION='19'
FRIBIDI_NO_DEPRECATED='0'
FRIBIDI_USE_GLIB='0'
FRIBIDI_USE_GLIB_FALSE=''
FRIBIDI_USE_GLIB_TRUE='#'
FRIBIDI_VERSION='0.19.7'
GLIB_CFLAGS=''
GLIB_LIBS=''
GREP='/bin/grep'
INSTALL_DATA='${INSTALL} -m 644'
INSTALL_PROGRAM='${INSTALL}'
INSTALL_SCRIPT='${INSTALL}'
INSTALL_STRIP_PROGRAM='$(install_sh) -c -s'
LD='/home/cxy/AndroidFFmpeg4/toolchain-android/bin/x86_64-linux-android-ld'
LDFLAGS=''
LIBOBJS=''
LIBS=''
LIBTOOL='$(SHELL) $(top_builddir)/libtool'
LIPO=''
LN_S='ln -s'
LTLIBOBJS=''
LT_CURRENT_MINUS_AGE='0'
LT_SYS_LIBRARY_PATH=''
LT_VERSION_INFO='3:6:3'
MAKEINFO='${SHELL} /home/cxy/AndroidFFmpeg4/fribidi-0.19.7/missing makeinfo'
MANIFEST_TOOL=':'
MISC_CFLAGS=''
MISC_LIBS=''
MISC_PACKAGES=''
MKDIR_P='/bin/mkdir -p'
NM='/home/cxy/AndroidFFmpeg4/toolchain-android/bin/x86_64-linux-android-nm'
NMEDIT=''
OBJDUMP='/home/cxy/AndroidFFmpeg4/toolchain-android/bin/x86_64-linux-android-objdump'
OBJEXT='o'
OS_WIN32_FALSE=''
OS_WIN32_TRUE='#'
OTOOL64=''
OTOOL=''
PACKAGE='fribidi'
PACKAGE_BUGREPORT='http://bugs.freedesktop.org/enter_bug.cgi?product=fribidi'
PACKAGE_NAME='GNU FriBidi'
PACKAGE_STRING='GNU FriBidi 0.19.7'
PACKAGE_TARNAME='fribidi'
PACKAGE_URL='http://fribidi.org/'
PACKAGE_VERSION='0.19.7'
PATH_SEPARATOR=':'
PKG_CONFIG='/usr/bin/pkg-config'
PKG_CONFIG_LIBDIR='/home/cxy/AndroidFFmpeg4/toolchain-android/lib/pkgconfig'
PKG_CONFIG_PATH=''
PLATFORM_WIN32_FALSE=''
PLATFORM_WIN32_TRUE='#'
RANLIB='/home/cxy/AndroidFFmpeg4/toolchain-android/bin/x86_64-linux-android-ranlib'
SED='/bin/sed'
SET_MAKE=''
SHELL='/bin/bash'
SIZEOF_INT='4'
STRIP='/home/cxy/AndroidFFmpeg4/toolchain-android/bin/x86_64-linux-android-strip'
VERSION='0.19.7'
ac_ct_AR=''
ac_ct_CC=''
ac_ct_DUMPBIN=''
am__EXEEXT_FALSE=''
am__EXEEXT_TRUE='#'
am__fastdepCC_FALSE='#'
am__fastdepCC_TRUE=''
am__include='include'
am__isrc=''
am__leading_dot='.'
am__nodep='_no'
am__quote=''
am__tar='$${TAR-tar} chof - "$$tardir"'
am__untar='$${TAR-tar} xf -'
bindir='${exec_prefix}/bin'
build='x86_64-pc-linux-gnu'
build_alias=''
build_cpu='x86_64'
build_os='linux-gnu'
build_vendor='pc'
datadir='${datarootdir}'
datarootdir='${prefix}/share'
docdir='${datarootdir}/doc/${PACKAGE_TARNAME}'
dvidir='${docdir}'
exec_prefix='${prefix}'
host='x86_64-pc-none'
host_alias='x86_64'
host_cpu='x86_64'
host_os='none'
host_vendor='pc'
htmldir='${docdir}'
includedir='${prefix}/include'
infodir='${datarootdir}/info'
install_sh='${SHELL} /home/cxy/AndroidFFmpeg4/fribidi-0.19.7/install-sh'
libdir='${exec_prefix}/lib'
libexecdir='${exec_prefix}/libexec'
localedir='${datarootdir}/locale'
localstatedir='${prefix}/var'
mandir='${datarootdir}/man'
mkdir_p='$(MKDIR_P)'
oldincludedir='/usr/include'
pdfdir='${docdir}'
prefix='/home/cxy/AndroidFFmpeg4/toolchain-android'
program_transform_name='s,x,x,'
psdir='${docdir}'
runstatedir='${localstatedir}/run'
sbindir='${exec_prefix}/sbin'
sharedstatedir='${prefix}/com'
sysconfdir='${prefix}/etc'
target_alias=''

## ----------- ##
## confdefs.h. ##
## ----------- ##

/* confdefs.h */
#define PACKAGE_NAME "GNU FriBidi"
#define PACKAGE_TARNAME "fribidi"
#define PACKAGE_VERSION "0.19.7"
#define PACKAGE_STRING "GNU FriBidi 0.19.7"
#define PACKAGE_BUGREPORT "http://bugs.freedesktop.org/enter_bug.cgi?product=fribidi"
#define PACKAGE_URL "http://fribidi.org/"
#define STDC_HEADERS 1
#define HAVE_SYS_TYPES_H 1
#define HAVE_SYS_STAT_H 1
#define HAVE_STDLIB_H 1
#define HAVE_STRING_H 1
#define HAVE_MEMORY_H 1
#define HAVE_STRINGS_H 1
#define HAVE_INTTYPES_H 1
#define HAVE_STDINT_H 1
#define HAVE_UNISTD_H 1
#define HAVE_DLFCN_H 1
#define LT_OBJDIR ".libs/"
#define STDC_HEADERS 1
#define HAVE_STDLIB_H 1
#define HAVE_STRING_H 1
#define HAVE_STRINGS_H 1
#define HAVE_INTTYPES_H 1
#define HAVE_WCHAR_H 1
#define HAVE_SYS_TIMES_H 1
#define HAVE_STRINGIZE 1
#define SIZEOF_INT 4
#define SIZEOF_SHORT 2
#define SIZEOF_VOID_P 8
#define SIZEOF_WCHAR_T 4
#define HAVE_MEMMOVE 1
#define HAVE_MEMSET 1
#define HAVE_STRDUP 1
#define RETSIGTYPE void
#define DEBUG 1
#define USE_SIMPLE_MALLOC 1

configure: exit 0
