This file contains any messages produced by compilers while
running configure, to aid debugging if configure makes a mistake.

It was created by libass configure 0.14.0, which was
generated by GNU Autoconf 2.69.  Invocation command line was

  $ ./configure --disable-dependency-tracking --with-pic --host=x86_64 --disable-asm --enable-fontconfig --disable-harfbuzz --enable-static --enable-shared --prefix=/home/cxy/AndroidFFmpeg4/toolchain-android

## --------- ##
## Platform. ##
## --------- ##

hostname = ubuntu
uname -m = x86_64
uname -r = 5.0.0-25-generic
uname -s = Linux
uname -v = #26~18.04.1-Ubuntu SMP Thu Aug 1 13:51:02 UTC 2019

/usr/bin/uname -p = unknown
/bin/uname -X     = unknown

/bin/arch              = unknown
/usr/bin/arch -k       = unknown
/usr/convex/getsysinfo = unknown
/usr/bin/hostinfo      = unknown
/bin/machine           = unknown
/usr/bin/oslevel       = unknown
/bin/universe          = unknown

PATH: /usr/local/sbin
PATH: /usr/local/bin
PATH: /usr/sbin
PATH: /usr/bin
PATH: /sbin
PATH: /bin
PATH: /usr/games
PATH: /usr/local/games
PATH: /snap/bin
PATH: /home/cxy/environment/android-ndk-r17c


## ----------- ##
## Core tests. ##
## ----------- ##

configure:2414: checking for a BSD-compatible install
configure:2482: result: /usr/bin/install -c
configure:2493: checking whether build environment is sane
configure:2548: result: yes
configure:2607: checking for x86_64-strip
configure:2634: result: /home/cxy/AndroidFFmpeg4/toolchain-android/bin/x86_64-linux-android-strip
configure:2699: checking for a thread-safe mkdir -p
configure:2738: result: /bin/mkdir -p
configure:2745: checking for gawk
configure:2775: result: no
configure:2745: checking for mawk
configure:2761: found /usr/bin/mawk
configure:2772: result: mawk
configure:2783: checking whether make sets $(MAKE)
configure:2805: result: yes
configure:2834: checking whether make supports nested variables
configure:2851: result: yes
configure:3009: checking build system type
configure:3023: result: x86_64-unknown-linux-gnu
configure:3043: checking host system type
configure:3056: result: x86_64-pc-none
configure:3097: checking how to print strings
configure:3124: result: printf
configure:3157: checking for style of include used by make
configure:3185: result: GNU
configure:3216: checking for x86_64-gcc
configure:3243: result: /home/cxy/AndroidFFmpeg4/toolchain-android/bin/x86_64-linux-android-gcc --sysroot=/home/cxy/AndroidFFmpeg4/toolchain-android/sysroot
configure:3512: checking for C compiler version
configure:3521: /home/cxy/AndroidFFmpeg4/toolchain-android/bin/x86_64-linux-android-gcc --sysroot=/home/cxy/AndroidFFmpeg4/toolchain-android/sysroot --version >&5
x86_64-linux-android-gcc (GCC) 4.9.x 20150123 (prerelease)
Copyright (C) 2014 Free Software Foundation, Inc.
This is free software; see the source for copying conditions.  There is NO
warranty; not even for MERCHANTABILITY or FITNESS FOR A PARTICULAR PURPOSE.

configure:3532: $? = 0
configure:3521: /home/cxy/AndroidFFmpeg4/toolchain-android/bin/x86_64-linux-android-gcc --sysroot=/home/cxy/AndroidFFmpeg4/toolchain-android/sysroot -v >&5
Using built-in specs.
COLLECT_GCC=/home/cxy/AndroidFFmpeg4/toolchain-android/bin/x86_64-linux-android-gcc
COLLECT_LTO_WRAPPER=/home/cxy/AndroidFFmpeg4/toolchain-android/bin/../libexec/gcc/x86_64-linux-android/4.9.x/lto-wrapper
Target: x86_64-linux-android
Configured with: /usr/local/google/buildbot/src/android/gcc/toolchain/build/../gcc/gcc-4.9/configure --prefix=/tmp/2c83971299a753917d8db9a4f5356c5d --target=x86_64-linux-android --host=x86_64-linux-gnu --build=x86_64-linux-gnu --with-gnu-as --with-gnu-ld --enable-languages=c,c++ --with-gmp=/buildbot/tmp/build/toolchain/temp-install --with-mpfr=/buildbot/tmp/build/toolchain/temp-install --with-mpc=/buildbot/tmp/build/toolchain/temp-install --with-cloog=/buildbot/tmp/build/toolchain/temp-install --with-isl=/buildbot/tmp/build/toolchain/temp-install --with-ppl=/buildbot/tmp/build/toolchain/temp-install --disable-ppl-version-check --disable-cloog-version-check --disable-isl-version-check --enable-cloog-backend=isl --with-host-libstdcxx='-static-libgcc -Wl,-Bstatic,-lstdc++,-Bdynamic -lm' --disable-libssp --enable-threads --disable-nls --disable-libmudflap --disable-libgomp --disable-libstdc__-v3 --disable-sjlj-exceptions --disable-shared --disable-tls --disable-libitm --with-arch=x86-64 --with-tune=intel --with-fpmath=sse --with-multilib-list=m32,m64 --enable-bionic-libs --enable-libatomic-ifuncs=no --enable-initfini-array --disable-nls --prefix=/tmp/2c83971299a753917d8db9a4f5356c5d --with-sysroot=/tmp/2c83971299a753917d8db9a4f5356c5d/sysroot --with-binutils-version=2.27 --with-mpfr-version=3.1.1 --with-mpc-version=1.0.1 --with-gmp-version=5.0.5 --with-gcc-version=4.9 --with-gdb-version=none --with-gxx-include-dir=/tmp/2c83971299a753917d8db9a4f5356c5d/include/c++/4.9.x --with-bugurl=http://source.android.com/source/report-bugs.html --enable-languages=c,c++ --disable-bootstrap --enable-plugins --enable-libgomp --enable-gnu-indirect-function --disable-libcilkrts --disable-libsanitizer --enable-gold --enable-threads --enable-eh-frame-hdr-for-static --enable-graphite=yes --with-isl-version=0.11.1 --with-cloog-version=0.18.0 --program-transform-name='s&^&x86_64-linux-android-&' --enable-gold=default
Thread model: posix
gcc version 4.9.x 20150123 (prerelease) (GCC) 
configure:3532: $? = 0
configure:3521: /home/cxy/AndroidFFmpeg4/toolchain-android/bin/x86_64-linux-android-gcc --sysroot=/home/cxy/AndroidFFmpeg4/toolchain-android/sysroot -V >&5
x86_64-linux-android-gcc: error: unrecognized command line option '-V'
x86_64-linux-android-gcc: fatal error: no input files
compilation terminated.
configure:3532: $? = 1
configure:3521: /home/cxy/AndroidFFmpeg4/toolchain-android/bin/x86_64-linux-android-gcc --sysroot=/home/cxy/AndroidFFmpeg4/toolchain-android/sysroot -qversion >&5
x86_64-linux-android-gcc: error: unrecognized command line option '-qversion'
x86_64-linux-android-gcc: fatal error: no input files
compilation terminated.
configure:3532: $? = 1
configure:3552: checking whether the C compiler works
configure:3574: /home/cxy/AndroidFFmpeg4/toolchain-android/bin/x86_64-linux-android-gcc --sysroot=/home/cxy/AndroidFFmpeg4/toolchain-android/sysroot    conftest.c  >&5
configure:3578: $? = 0
configure:3626: result: yes
configure:3629: checking for C compiler default output file name
configure:3631: result: a.out
configure:3637: checking for suffix of executables
configure:3644: /home/cxy/AndroidFFmpeg4/toolchain-android/bin/x86_64-linux-android-gcc --sysroot=/home/cxy/AndroidFFmpeg4/toolchain-android/sysroot -o conftest    conftest.c  >&5
configure:3648: $? = 0
configure:3670: result: 
configure:3692: checking whether we are cross compiling
configure:3700: /home/cxy/AndroidFFmpeg4/toolchain-android/bin/x86_64-linux-android-gcc --sysroot=/home/cxy/AndroidFFmpeg4/toolchain-android/sysroot -o conftest    conftest.c  >&5
configure:3704: $? = 0
configure:3711: ./conftest
./configure: line 3713: ./conftest: No such file or directory
configure:3715: $? = 127
configure:3730: result: yes
configure:3735: checking for suffix of object files
configure:3757: /home/cxy/AndroidFFmpeg4/toolchain-android/bin/x86_64-linux-android-gcc --sysroot=/home/cxy/AndroidFFmpeg4/toolchain-android/sysroot -c   conftest.c >&5
configure:3761: $? = 0
configure:3782: result: o
configure:3786: checking whether we are using the GNU C compiler
configure:3805: /home/cxy/AndroidFFmpeg4/toolchain-android/bin/x86_64-linux-android-gcc --sysroot=/home/cxy/AndroidFFmpeg4/toolchain-android/sysroot -c   conftest.c >&5
configure:3805: $? = 0
configure:3814: result: yes
configure:3823: checking whether /home/cxy/AndroidFFmpeg4/toolchain-android/bin/x86_64-linux-android-gcc --sysroot=/home/cxy/AndroidFFmpeg4/toolchain-android/sysroot accepts -g
configure:3843: /home/cxy/AndroidFFmpeg4/toolchain-android/bin/x86_64-linux-android-gcc --sysroot=/home/cxy/AndroidFFmpeg4/toolchain-android/sysroot -c -g  conftest.c >&5
configure:3843: $? = 0
configure:3884: result: yes
configure:3901: checking for /home/cxy/AndroidFFmpeg4/toolchain-android/bin/x86_64-linux-android-gcc --sysroot=/home/cxy/AndroidFFmpeg4/toolchain-android/sysroot option to accept ISO C89
configure:3964: /home/cxy/AndroidFFmpeg4/toolchain-android/bin/x86_64-linux-android-gcc --sysroot=/home/cxy/AndroidFFmpeg4/toolchain-android/sysroot  -c -g -O2  conftest.c >&5
configure:3964: $? = 0
configure:3977: result: none needed
configure:4002: checking whether /home/cxy/AndroidFFmpeg4/toolchain-android/bin/x86_64-linux-android-gcc --sysroot=/home/cxy/AndroidFFmpeg4/toolchain-android/sysroot understands -c and -o together
configure:4024: /home/cxy/AndroidFFmpeg4/toolchain-android/bin/x86_64-linux-android-gcc --sysroot=/home/cxy/AndroidFFmpeg4/toolchain-android/sysroot -c conftest.c -o conftest2.o
configure:4027: $? = 0
configure:4024: /home/cxy/AndroidFFmpeg4/toolchain-android/bin/x86_64-linux-android-gcc --sysroot=/home/cxy/AndroidFFmpeg4/toolchain-android/sysroot -c conftest.c -o conftest2.o
configure:4027: $? = 0
configure:4039: result: yes
configure:4058: checking dependency style of /home/cxy/AndroidFFmpeg4/toolchain-android/bin/x86_64-linux-android-gcc --sysroot=/home/cxy/AndroidFFmpeg4/toolchain-android/sysroot
configure:4169: result: none
configure:4184: checking for a sed that does not truncate output
configure:4248: result: /bin/sed
configure:4266: checking for grep that handles long lines and -e
configure:4324: result: /bin/grep
configure:4329: checking for egrep
configure:4391: result: /bin/grep -E
configure:4396: checking for fgrep
configure:4458: result: /bin/grep -F
configure:4493: checking for ld used by /home/cxy/AndroidFFmpeg4/toolchain-android/bin/x86_64-linux-android-gcc --sysroot=/home/cxy/AndroidFFmpeg4/toolchain-android/sysroot
configure:4560: result: /home/cxy/AndroidFFmpeg4/toolchain-android/bin/x86_64-linux-android-ld
configure:4567: checking if the linker (/home/cxy/AndroidFFmpeg4/toolchain-android/bin/x86_64-linux-android-ld) is GNU ld
configure:4582: result: yes
configure:4594: checking for BSD- or MS-compatible name lister (nm)
configure:4648: result: /home/cxy/AndroidFFmpeg4/toolchain-android/bin/x86_64-linux-android-nm
configure:4778: checking the name lister (/home/cxy/AndroidFFmpeg4/toolchain-android/bin/x86_64-linux-android-nm) interface
configure:4785: /home/cxy/AndroidFFmpeg4/toolchain-android/bin/x86_64-linux-android-gcc --sysroot=/home/cxy/AndroidFFmpeg4/toolchain-android/sysroot -c -g -O2  conftest.c >&5
configure:4788: /home/cxy/AndroidFFmpeg4/toolchain-android/bin/x86_64-linux-android-nm "conftest.o"
configure:4791: output
0000000000000000 B some_variable
configure:4798: result: BSD nm
configure:4801: checking whether ln -s works
configure:4805: result: yes
configure:4813: checking the maximum length of command line arguments
configure:4944: result: 1572864
configure:4992: checking how to convert x86_64-unknown-linux-gnu file names to x86_64-pc-none format
configure:5032: result: func_convert_file_noop
configure:5039: checking how to convert x86_64-unknown-linux-gnu file names to toolchain format
configure:5059: result: func_convert_file_noop
configure:5066: checking for /home/cxy/AndroidFFmpeg4/toolchain-android/bin/x86_64-linux-android-ld option to reload object files
configure:5073: result: -r
configure:5107: checking for x86_64-objdump
configure:5134: result: /home/cxy/AndroidFFmpeg4/toolchain-android/bin/x86_64-linux-android-objdump
configure:5206: checking how to recognize dependent libraries
configure:5406: result: unknown
configure:5451: checking for x86_64-dlltool
configure:5481: result: no
configure:5491: checking for dlltool
configure:5521: result: no
configure:5551: checking how to associate runtime and link libraries
configure:5578: result: printf %s\n
configure:5595: checking for x86_64-ar
configure:5622: result: /home/cxy/AndroidFFmpeg4/toolchain-android/bin/x86_64-linux-android-ar
configure:5703: checking for archiver @FILE support
configure:5720: /home/cxy/AndroidFFmpeg4/toolchain-android/bin/x86_64-linux-android-gcc --sysroot=/home/cxy/AndroidFFmpeg4/toolchain-android/sysroot -c -g -O2  conftest.c >&5
configure:5720: $? = 0
configure:5723: /home/cxy/AndroidFFmpeg4/toolchain-android/bin/x86_64-linux-android-ar cru libconftest.a @conftest.lst >&5
configure:5726: $? = 0
configure:5731: /home/cxy/AndroidFFmpeg4/toolchain-android/bin/x86_64-linux-android-ar cru libconftest.a @conftest.lst >&5
/home/cxy/AndroidFFmpeg4/toolchain-android/bin/x86_64-linux-android-ar: conftest.o: No such file or directory
configure:5734: $? = 1
configure:5746: result: @
configure:5764: checking for x86_64-strip
configure:5791: result: /home/cxy/AndroidFFmpeg4/toolchain-android/bin/x86_64-linux-android-strip
configure:5863: checking for x86_64-ranlib
configure:5890: result: /home/cxy/AndroidFFmpeg4/toolchain-android/bin/x86_64-linux-android-ranlib
configure:6032: checking command to parse /home/cxy/AndroidFFmpeg4/toolchain-android/bin/x86_64-linux-android-nm output from /home/cxy/AndroidFFmpeg4/toolchain-android/bin/x86_64-linux-android-gcc --sysroot=/home/cxy/AndroidFFmpeg4/toolchain-android/sysroot object
configure:6185: /home/cxy/AndroidFFmpeg4/toolchain-android/bin/x86_64-linux-android-gcc --sysroot=/home/cxy/AndroidFFmpeg4/toolchain-android/sysroot -c -g -O2  conftest.c >&5
configure:6188: $? = 0
configure:6192: /home/cxy/AndroidFFmpeg4/toolchain-android/bin/x86_64-linux-android-nm conftest.o \| sed -n -e 's/^.*[ ]\([ABCDGIRSTW][ABCDGIRSTW]*\)[ ][ ]*\([_A-Za-z][_A-Za-z0-9]*\)$/\1 \2 \2/p' | sed '/ __gnu_lto/d' \> conftest.nm
configure:6195: $? = 0
configure:6261: /home/cxy/AndroidFFmpeg4/toolchain-android/bin/x86_64-linux-android-gcc --sysroot=/home/cxy/AndroidFFmpeg4/toolchain-android/sysroot -o conftest -g -O2   conftest.c conftstm.o >&5
configure:6264: $? = 0
configure:6302: result: ok
configure:6349: checking for sysroot
configure:6379: result: no
configure:6386: checking for a working dd
configure:6424: result: /bin/dd
configure:6428: checking how to truncate binary pipes
configure:6443: result: /bin/dd bs=4096 count=1
configure:6732: checking for x86_64-mt
configure:6762: result: no
configure:6772: checking for mt
configure:6788: found /bin/mt
configure:6799: result: mt
configure:6811: WARNING: using cross tools not prefixed with host triplet
configure:6822: checking if mt is a manifest tool
configure:6828: mt '-?'
configure:6836: result: no
configure:7513: checking how to run the C preprocessor
configure:7583: result: /home/cxy/AndroidFFmpeg4/toolchain-android/bin/x86_64-linux-android-cpp
configure:7603: /home/cxy/AndroidFFmpeg4/toolchain-android/bin/x86_64-linux-android-cpp  conftest.c
configure:7603: $? = 0
configure:7617: /home/cxy/AndroidFFmpeg4/toolchain-android/bin/x86_64-linux-android-cpp  conftest.c
conftest.c:11:28: fatal error: ac_nonexistent.h: No such file or directory
 #include <ac_nonexistent.h>
                            ^
compilation terminated.
configure:7617: $? = 1
configure: failed program was:
| /* confdefs.h */
| #define PACKAGE_NAME "libass"
| #define PACKAGE_TARNAME "libass"
| #define PACKAGE_VERSION "0.14.0"
| #define PACKAGE_STRING "libass 0.14.0"
| #define PACKAGE_BUGREPORT ""
| #define PACKAGE_URL ""
| #define PACKAGE "libass"
| #define VERSION "0.14.0"
| /* end confdefs.h.  */
| #include <ac_nonexistent.h>
configure:7646: checking for ANSI C header files
configure:7666: /home/cxy/AndroidFFmpeg4/toolchain-android/bin/x86_64-linux-android-gcc --sysroot=/home/cxy/AndroidFFmpeg4/toolchain-android/sysroot -c -g -O2  conftest.c >&5
configure:7666: $? = 0
configure:7750: result: yes
configure:7763: checking for sys/types.h
configure:7763: /home/cxy/AndroidFFmpeg4/toolchain-android/bin/x86_64-linux-android-gcc --sysroot=/home/cxy/AndroidFFmpeg4/toolchain-android/sysroot -c -g -O2  conftest.c >&5
configure:7763: $? = 0
configure:7763: result: yes
configure:7763: checking for sys/stat.h
configure:7763: /home/cxy/AndroidFFmpeg4/toolchain-android/bin/x86_64-linux-android-gcc --sysroot=/home/cxy/AndroidFFmpeg4/toolchain-android/sysroot -c -g -O2  conftest.c >&5
configure:7763: $? = 0
configure:7763: result: yes
configure:7763: checking for stdlib.h
configure:7763: /home/cxy/AndroidFFmpeg4/toolchain-android/bin/x86_64-linux-android-gcc --sysroot=/home/cxy/AndroidFFmpeg4/toolchain-android/sysroot -c -g -O2  conftest.c >&5
configure:7763: $? = 0
configure:7763: result: yes
configure:7763: checking for string.h
configure:7763: /home/cxy/AndroidFFmpeg4/toolchain-android/bin/x86_64-linux-android-gcc --sysroot=/home/cxy/AndroidFFmpeg4/toolchain-android/sysroot -c -g -O2  conftest.c >&5
configure:7763: $? = 0
configure:7763: result: yes
configure:7763: checking for memory.h
configure:7763: /home/cxy/AndroidFFmpeg4/toolchain-android/bin/x86_64-linux-android-gcc --sysroot=/home/cxy/AndroidFFmpeg4/toolchain-android/sysroot -c -g -O2  conftest.c >&5
configure:7763: $? = 0
configure:7763: result: yes
configure:7763: checking for strings.h
configure:7763: /home/cxy/AndroidFFmpeg4/toolchain-android/bin/x86_64-linux-android-gcc --sysroot=/home/cxy/AndroidFFmpeg4/toolchain-android/sysroot -c -g -O2  conftest.c >&5
configure:7763: $? = 0
configure:7763: result: yes
configure:7763: checking for inttypes.h
configure:7763: /home/cxy/AndroidFFmpeg4/toolchain-android/bin/x86_64-linux-android-gcc --sysroot=/home/cxy/AndroidFFmpeg4/toolchain-android/sysroot -c -g -O2  conftest.c >&5
configure:7763: $? = 0
configure:7763: result: yes
configure:7763: checking for stdint.h
configure:7763: /home/cxy/AndroidFFmpeg4/toolchain-android/bin/x86_64-linux-android-gcc --sysroot=/home/cxy/AndroidFFmpeg4/toolchain-android/sysroot -c -g -O2  conftest.c >&5
configure:7763: $? = 0
configure:7763: result: yes
configure:7763: checking for unistd.h
configure:7763: /home/cxy/AndroidFFmpeg4/toolchain-android/bin/x86_64-linux-android-gcc --sysroot=/home/cxy/AndroidFFmpeg4/toolchain-android/sysroot -c -g -O2  conftest.c >&5
configure:7763: $? = 0
configure:7763: result: yes
configure:7777: checking for dlfcn.h
configure:7777: /home/cxy/AndroidFFmpeg4/toolchain-android/bin/x86_64-linux-android-gcc --sysroot=/home/cxy/AndroidFFmpeg4/toolchain-android/sysroot -c -g -O2  conftest.c >&5
configure:7777: $? = 0
configure:7777: result: yes
configure:8033: checking for objdir
configure:8048: result: .libs
configure:8312: checking if /home/cxy/AndroidFFmpeg4/toolchain-android/bin/x86_64-linux-android-gcc --sysroot=/home/cxy/AndroidFFmpeg4/toolchain-android/sysroot supports -fno-rtti -fno-exceptions
configure:8330: /home/cxy/AndroidFFmpeg4/toolchain-android/bin/x86_64-linux-android-gcc --sysroot=/home/cxy/AndroidFFmpeg4/toolchain-android/sysroot -c -g -O2  -fno-rtti -fno-exceptions conftest.c >&5
cc1: warning: command line option '-fno-rtti' is valid for C++/ObjC++ but not for C
configure:8334: $? = 0
configure:8347: result: no
configure:8705: checking for /home/cxy/AndroidFFmpeg4/toolchain-android/bin/x86_64-linux-android-gcc --sysroot=/home/cxy/AndroidFFmpeg4/toolchain-android/sysroot option to produce PIC
configure:8712: result: -fPIC -DPIC
configure:8720: checking if /home/cxy/AndroidFFmpeg4/toolchain-android/bin/x86_64-linux-android-gcc --sysroot=/home/cxy/AndroidFFmpeg4/toolchain-android/sysroot PIC flag -fPIC -DPIC works
configure:8738: /home/cxy/AndroidFFmpeg4/toolchain-android/bin/x86_64-linux-android-gcc --sysroot=/home/cxy/AndroidFFmpeg4/toolchain-android/sysroot -c -g -O2  -fPIC -DPIC -DPIC conftest.c >&5
configure:8742: $? = 0
configure:8755: result: yes
configure:8784: checking if /home/cxy/AndroidFFmpeg4/toolchain-android/bin/x86_64-linux-android-gcc --sysroot=/home/cxy/AndroidFFmpeg4/toolchain-android/sysroot static flag -static works
configure:8812: result: yes
configure:8827: checking if /home/cxy/AndroidFFmpeg4/toolchain-android/bin/x86_64-linux-android-gcc --sysroot=/home/cxy/AndroidFFmpeg4/toolchain-android/sysroot supports -c -o file.o
configure:8848: /home/cxy/AndroidFFmpeg4/toolchain-android/bin/x86_64-linux-android-gcc --sysroot=/home/cxy/AndroidFFmpeg4/toolchain-android/sysroot -c -g -O2  -o out/conftest2.o conftest.c >&5
configure:8852: $? = 0
configure:8874: result: yes
configure:8882: checking if /home/cxy/AndroidFFmpeg4/toolchain-android/bin/x86_64-linux-android-gcc --sysroot=/home/cxy/AndroidFFmpeg4/toolchain-android/sysroot supports -c -o file.o
configure:8929: result: yes
configure:8962: checking whether the /home/cxy/AndroidFFmpeg4/toolchain-android/bin/x86_64-linux-android-gcc --sysroot=/home/cxy/AndroidFFmpeg4/toolchain-android/sysroot linker (/home/cxy/AndroidFFmpeg4/toolchain-android/bin/x86_64-linux-android-ld) supports shared libraries
configure:10221: result: yes
configure:10258: checking whether -lc should be explicitly linked in
configure:10266: /home/cxy/AndroidFFmpeg4/toolchain-android/bin/x86_64-linux-android-gcc --sysroot=/home/cxy/AndroidFFmpeg4/toolchain-android/sysroot -c -g -O2  conftest.c >&5
configure:10269: $? = 0
configure:10284: /home/cxy/AndroidFFmpeg4/toolchain-android/bin/x86_64-linux-android-gcc --sysroot=/home/cxy/AndroidFFmpeg4/toolchain-android/sysroot -shared  -fPIC -DPIC conftest.o  -v -Wl,-soname -Wl,conftest -o conftest 2\>\&1 \| /bin/grep  -lc  \>/dev/null 2\>\&1
configure:10287: $? = 0
configure:10301: result: no
configure:10461: checking dynamic linker characteristics
configure:11279: result: no
configure:11401: checking how to hardcode library paths into programs
configure:11426: result: immediate
configure:11974: checking whether stripping libraries is possible
configure:11979: result: yes
configure:12014: checking if libtool supports shared libraries
configure:12016: result: no
configure:12019: checking whether to build shared libraries
configure:12044: result: no
configure:12047: checking whether to build static libraries
configure:12051: result: yes
configure:12101: checking for x86_64-gcc
configure:12128: result: /home/cxy/AndroidFFmpeg4/toolchain-android/bin/x86_64-linux-android-gcc --sysroot=/home/cxy/AndroidFFmpeg4/toolchain-android/sysroot
configure:12397: checking for C compiler version
configure:12406: /home/cxy/AndroidFFmpeg4/toolchain-android/bin/x86_64-linux-android-gcc --sysroot=/home/cxy/AndroidFFmpeg4/toolchain-android/sysroot --version >&5
x86_64-linux-android-gcc (GCC) 4.9.x 20150123 (prerelease)
Copyright (C) 2014 Free Software Foundation, Inc.
This is free software; see the source for copying conditions.  There is NO
warranty; not even for MERCHANTABILITY or FITNESS FOR A PARTICULAR PURPOSE.

configure:12417: $? = 0
configure:12406: /home/cxy/AndroidFFmpeg4/toolchain-android/bin/x86_64-linux-android-gcc --sysroot=/home/cxy/AndroidFFmpeg4/toolchain-android/sysroot -v >&5
Using built-in specs.
COLLECT_GCC=/home/cxy/AndroidFFmpeg4/toolchain-android/bin/x86_64-linux-android-gcc
COLLECT_LTO_WRAPPER=/home/cxy/AndroidFFmpeg4/toolchain-android/bin/../libexec/gcc/x86_64-linux-android/4.9.x/lto-wrapper
Target: x86_64-linux-android
Configured with: /usr/local/google/buildbot/src/android/gcc/toolchain/build/../gcc/gcc-4.9/configure --prefix=/tmp/2c83971299a753917d8db9a4f5356c5d --target=x86_64-linux-android --host=x86_64-linux-gnu --build=x86_64-linux-gnu --with-gnu-as --with-gnu-ld --enable-languages=c,c++ --with-gmp=/buildbot/tmp/build/toolchain/temp-install --with-mpfr=/buildbot/tmp/build/toolchain/temp-install --with-mpc=/buildbot/tmp/build/toolchain/temp-install --with-cloog=/buildbot/tmp/build/toolchain/temp-install --with-isl=/buildbot/tmp/build/toolchain/temp-install --with-ppl=/buildbot/tmp/build/toolchain/temp-install --disable-ppl-version-check --disable-cloog-version-check --disable-isl-version-check --enable-cloog-backend=isl --with-host-libstdcxx='-static-libgcc -Wl,-Bstatic,-lstdc++,-Bdynamic -lm' --disable-libssp --enable-threads --disable-nls --disable-libmudflap --disable-libgomp --disable-libstdc__-v3 --disable-sjlj-exceptions --disable-shared --disable-tls --disable-libitm --with-arch=x86-64 --with-tune=intel --with-fpmath=sse --with-multilib-list=m32,m64 --enable-bionic-libs --enable-libatomic-ifuncs=no --enable-initfini-array --disable-nls --prefix=/tmp/2c83971299a753917d8db9a4f5356c5d --with-sysroot=/tmp/2c83971299a753917d8db9a4f5356c5d/sysroot --with-binutils-version=2.27 --with-mpfr-version=3.1.1 --with-mpc-version=1.0.1 --with-gmp-version=5.0.5 --with-gcc-version=4.9 --with-gdb-version=none --with-gxx-include-dir=/tmp/2c83971299a753917d8db9a4f5356c5d/include/c++/4.9.x --with-bugurl=http://source.android.com/source/report-bugs.html --enable-languages=c,c++ --disable-bootstrap --enable-plugins --enable-libgomp --enable-gnu-indirect-function --disable-libcilkrts --disable-libsanitizer --enable-gold --enable-threads --enable-eh-frame-hdr-for-static --enable-graphite=yes --with-isl-version=0.11.1 --with-cloog-version=0.18.0 --program-transform-name='s&^&x86_64-linux-android-&' --enable-gold=default
Thread model: posix
gcc version 4.9.x 20150123 (prerelease) (GCC) 
configure:12417: $? = 0
configure:12406: /home/cxy/AndroidFFmpeg4/toolchain-android/bin/x86_64-linux-android-gcc --sysroot=/home/cxy/AndroidFFmpeg4/toolchain-android/sysroot -V >&5
x86_64-linux-android-gcc: error: unrecognized command line option '-V'
x86_64-linux-android-gcc: fatal error: no input files
compilation terminated.
configure:12417: $? = 1
configure:12406: /home/cxy/AndroidFFmpeg4/toolchain-android/bin/x86_64-linux-android-gcc --sysroot=/home/cxy/AndroidFFmpeg4/toolchain-android/sysroot -qversion >&5
x86_64-linux-android-gcc: error: unrecognized command line option '-qversion'
x86_64-linux-android-gcc: fatal error: no input files
compilation terminated.
configure:12417: $? = 1
configure:12421: checking whether we are using the GNU C compiler
configure:12449: result: yes
configure:12458: checking whether /home/cxy/AndroidFFmpeg4/toolchain-android/bin/x86_64-linux-android-gcc --sysroot=/home/cxy/AndroidFFmpeg4/toolchain-android/sysroot accepts -g
configure:12519: result: yes
configure:12536: checking for /home/cxy/AndroidFFmpeg4/toolchain-android/bin/x86_64-linux-android-gcc --sysroot=/home/cxy/AndroidFFmpeg4/toolchain-android/sysroot option to accept ISO C89
configure:12612: result: none needed
configure:12637: checking whether /home/cxy/AndroidFFmpeg4/toolchain-android/bin/x86_64-linux-android-gcc --sysroot=/home/cxy/AndroidFFmpeg4/toolchain-android/sysroot understands -c and -o together
configure:12674: result: yes
configure:12693: checking dependency style of /home/cxy/AndroidFFmpeg4/toolchain-android/bin/x86_64-linux-android-gcc --sysroot=/home/cxy/AndroidFFmpeg4/toolchain-android/sysroot
configure:12804: result: none
configure:12824: checking how to run the C preprocessor
configure:12894: result: /home/cxy/AndroidFFmpeg4/toolchain-android/bin/x86_64-linux-android-cpp
configure:12914: /home/cxy/AndroidFFmpeg4/toolchain-android/bin/x86_64-linux-android-cpp  conftest.c
configure:12914: $? = 0
configure:12928: /home/cxy/AndroidFFmpeg4/toolchain-android/bin/x86_64-linux-android-cpp  conftest.c
conftest.c:23:28: fatal error: ac_nonexistent.h: No such file or directory
 #include <ac_nonexistent.h>
                            ^
compilation terminated.
configure:12928: $? = 1
configure: failed program was:
| /* confdefs.h */
| #define PACKAGE_NAME "libass"
| #define PACKAGE_TARNAME "libass"
| #define PACKAGE_VERSION "0.14.0"
| #define PACKAGE_STRING "libass 0.14.0"
| #define PACKAGE_BUGREPORT ""
| #define PACKAGE_URL ""
| #define PACKAGE "libass"
| #define VERSION "0.14.0"
| #define STDC_HEADERS 1
| #define HAVE_SYS_TYPES_H 1
| #define HAVE_SYS_STAT_H 1
| #define HAVE_STDLIB_H 1
| #define HAVE_STRING_H 1
| #define HAVE_MEMORY_H 1
| #define HAVE_STRINGS_H 1
| #define HAVE_INTTYPES_H 1
| #define HAVE_STDINT_H 1
| #define HAVE_UNISTD_H 1
| #define HAVE_DLFCN_H 1
| #define LT_OBJDIR ".libs/"
| /* end confdefs.h.  */
| #include <ac_nonexistent.h>
configure:12966: checking dependency style of /home/cxy/AndroidFFmpeg4/toolchain-android/bin/x86_64-linux-android-gcc --sysroot=/home/cxy/AndroidFFmpeg4/toolchain-android/sysroot
configure:13075: result: none
configure:13092: checking for ANSI C header files
configure:13196: result: yes
configure:13204: checking for stdbool.h that conforms to C99
configure:13271: /home/cxy/AndroidFFmpeg4/toolchain-android/bin/x86_64-linux-android-gcc --sysroot=/home/cxy/AndroidFFmpeg4/toolchain-android/sysroot -c -g -O2  conftest.c >&5
configure:13271: $? = 0
configure:13278: result: yes
configure:13280: checking for _Bool
configure:13280: /home/cxy/AndroidFFmpeg4/toolchain-android/bin/x86_64-linux-android-gcc --sysroot=/home/cxy/AndroidFFmpeg4/toolchain-android/sysroot -c -g -O2  conftest.c >&5
configure:13280: $? = 0
configure:13280: /home/cxy/AndroidFFmpeg4/toolchain-android/bin/x86_64-linux-android-gcc --sysroot=/home/cxy/AndroidFFmpeg4/toolchain-android/sysroot -c -g -O2  conftest.c >&5
conftest.c: In function 'main':
conftest.c:60:20: error: expected expression before ')' token
 if (sizeof ((_Bool)))
                    ^
configure:13280: $? = 1
configure: failed program was:
| /* confdefs.h */
| #define PACKAGE_NAME "libass"
| #define PACKAGE_TARNAME "libass"
| #define PACKAGE_VERSION "0.14.0"
| #define PACKAGE_STRING "libass 0.14.0"
| #define PACKAGE_BUGREPORT ""
| #define PACKAGE_URL ""
| #define PACKAGE "libass"
| #define VERSION "0.14.0"
| #define STDC_HEADERS 1
| #define HAVE_SYS_TYPES_H 1
| #define HAVE_SYS_STAT_H 1
| #define HAVE_STDLIB_H 1
| #define HAVE_STRING_H 1
| #define HAVE_MEMORY_H 1
| #define HAVE_STRINGS_H 1
| #define HAVE_INTTYPES_H 1
| #define HAVE_STDINT_H 1
| #define HAVE_UNISTD_H 1
| #define HAVE_DLFCN_H 1
| #define LT_OBJDIR ".libs/"
| #define STDC_HEADERS 1
| /* end confdefs.h.  */
| #include <stdio.h>
| #ifdef HAVE_SYS_TYPES_H
| # include <sys/types.h>
| #endif
| #ifdef HAVE_SYS_STAT_H
| # include <sys/stat.h>
| #endif
| #ifdef STDC_HEADERS
| # include <stdlib.h>
| # include <stddef.h>
| #else
| # ifdef HAVE_STDLIB_H
| #  include <stdlib.h>
| # endif
| #endif
| #ifdef HAVE_STRING_H
| # if !defined STDC_HEADERS && defined HAVE_MEMORY_H
| #  include <memory.h>
| # endif
| # include <string.h>
| #endif
| #ifdef HAVE_STRINGS_H
| # include <strings.h>
| #endif
| #ifdef HAVE_INTTYPES_H
| # include <inttypes.h>
| #endif
| #ifdef HAVE_STDINT_H
| # include <stdint.h>
| #endif
| #ifdef HAVE_UNISTD_H
| # include <unistd.h>
| #endif
| int
| main ()
| {
| if (sizeof ((_Bool)))
| 	    return 0;
|   ;
|   return 0;
| }
configure:13280: result: yes
configure:13300: checking for stdint.h
configure:13300: result: yes
configure:13300: checking iconv.h usability
configure:13300: /home/cxy/AndroidFFmpeg4/toolchain-android/bin/x86_64-linux-android-gcc --sysroot=/home/cxy/AndroidFFmpeg4/toolchain-android/sysroot -c -g -O2  conftest.c >&5
configure:13300: $? = 0
configure:13300: result: yes
configure:13300: checking iconv.h presence
configure:13300: /home/cxy/AndroidFFmpeg4/toolchain-android/bin/x86_64-linux-android-cpp  conftest.c
configure:13300: $? = 0
configure:13300: result: yes
configure:13300: checking for iconv.h
configure:13300: result: yes
configure:13315: checking for strdup
configure:13315: /home/cxy/AndroidFFmpeg4/toolchain-android/bin/x86_64-linux-android-gcc --sysroot=/home/cxy/AndroidFFmpeg4/toolchain-android/sysroot -o conftest -g -O2   conftest.c  >&5
conftest.c:51:6: warning: conflicting types for built-in function 'strdup'
 char strdup ();
      ^
configure:13315: $? = 0
configure:13315: result: yes
configure:13315: checking for strndup
configure:13315: /home/cxy/AndroidFFmpeg4/toolchain-android/bin/x86_64-linux-android-gcc --sysroot=/home/cxy/AndroidFFmpeg4/toolchain-android/sysroot -o conftest -g -O2   conftest.c  >&5
conftest.c:52:6: warning: conflicting types for built-in function 'strndup'
 char strndup ();
      ^
configure:13315: $? = 0
configure:13315: result: yes
configure:13330: checking for library containing libiconv_open
configure:13361: /home/cxy/AndroidFFmpeg4/toolchain-android/bin/x86_64-linux-android-gcc --sysroot=/home/cxy/AndroidFFmpeg4/toolchain-android/sysroot -o conftest -g -O2   conftest.c  >&5
conftest.c:41: error: undefined reference to 'libiconv_open'
collect2: error: ld returned 1 exit status
configure:13361: $? = 1
configure: failed program was:
| /* confdefs.h */
| #define PACKAGE_NAME "libass"
| #define PACKAGE_TARNAME "libass"
| #define PACKAGE_VERSION "0.14.0"
| #define PACKAGE_STRING "libass 0.14.0"
| #define PACKAGE_BUGREPORT ""
| #define PACKAGE_URL ""
| #define PACKAGE "libass"
| #define VERSION "0.14.0"
| #define STDC_HEADERS 1
| #define HAVE_SYS_TYPES_H 1
| #define HAVE_SYS_STAT_H 1
| #define HAVE_STDLIB_H 1
| #define HAVE_STRING_H 1
| #define HAVE_MEMORY_H 1
| #define HAVE_STRINGS_H 1
| #define HAVE_INTTYPES_H 1
| #define HAVE_STDINT_H 1
| #define HAVE_UNISTD_H 1
| #define HAVE_DLFCN_H 1
| #define LT_OBJDIR ".libs/"
| #define STDC_HEADERS 1
| #define HAVE__BOOL 1
| #define HAVE_STDBOOL_H 1
| #define HAVE_STDINT_H 1
| #define HAVE_ICONV_H 1
| #define HAVE_STRDUP 1
| #define HAVE_STRNDUP 1
| /* end confdefs.h.  */
| 
| /* Override any GCC internal prototype to avoid an error.
|    Use char because int might match the return type of a GCC
|    builtin and then its argument prototype would still apply.  */
| #ifdef __cplusplus
| extern "C"
| #endif
| char libiconv_open ();
| int
| main ()
| {
| return libiconv_open ();
|   ;
|   return 0;
| }
configure:13361: /home/cxy/AndroidFFmpeg4/toolchain-android/bin/x86_64-linux-android-gcc --sysroot=/home/cxy/AndroidFFmpeg4/toolchain-android/sysroot -o conftest -g -O2   conftest.c -liconv   >&5
/home/cxy/AndroidFFmpeg4/toolchain-android/bin/../lib/gcc/x86_64-linux-android/4.9.x/../../../../x86_64-linux-android/bin/ld: error: cannot find -liconv
conftest.c:41: error: undefined reference to 'libiconv_open'
collect2: error: ld returned 1 exit status
configure:13361: $? = 1
configure: failed program was:
| /* confdefs.h */
| #define PACKAGE_NAME "libass"
| #define PACKAGE_TARNAME "libass"
| #define PACKAGE_VERSION "0.14.0"
| #define PACKAGE_STRING "libass 0.14.0"
| #define PACKAGE_BUGREPORT ""
| #define PACKAGE_URL ""
| #define PACKAGE "libass"
| #define VERSION "0.14.0"
| #define STDC_HEADERS 1
| #define HAVE_SYS_TYPES_H 1
| #define HAVE_SYS_STAT_H 1
| #define HAVE_STDLIB_H 1
| #define HAVE_STRING_H 1
| #define HAVE_MEMORY_H 1
| #define HAVE_STRINGS_H 1
| #define HAVE_INTTYPES_H 1
| #define HAVE_STDINT_H 1
| #define HAVE_UNISTD_H 1
| #define HAVE_DLFCN_H 1
| #define LT_OBJDIR ".libs/"
| #define STDC_HEADERS 1
| #define HAVE__BOOL 1
| #define HAVE_STDBOOL_H 1
| #define HAVE_STDINT_H 1
| #define HAVE_ICONV_H 1
| #define HAVE_STRDUP 1
| #define HAVE_STRNDUP 1
| /* end confdefs.h.  */
| 
| /* Override any GCC internal prototype to avoid an error.
|    Use char because int might match the return type of a GCC
|    builtin and then its argument prototype would still apply.  */
| #ifdef __cplusplus
| extern "C"
| #endif
| char libiconv_open ();
| int
| main ()
| {
| return libiconv_open ();
|   ;
|   return 0;
| }
configure:13378: result: no
configure:13386: checking for library containing iconv_open
configure:13417: /home/cxy/AndroidFFmpeg4/toolchain-android/bin/x86_64-linux-android-gcc --sysroot=/home/cxy/AndroidFFmpeg4/toolchain-android/sysroot -o conftest -g -O2   conftest.c  >&5
conftest.c:41: error: undefined reference to 'iconv_open'
collect2: error: ld returned 1 exit status
configure:13417: $? = 1
configure: failed program was:
| /* confdefs.h */
| #define PACKAGE_NAME "libass"
| #define PACKAGE_TARNAME "libass"
| #define PACKAGE_VERSION "0.14.0"
| #define PACKAGE_STRING "libass 0.14.0"
| #define PACKAGE_BUGREPORT ""
| #define PACKAGE_URL ""
| #define PACKAGE "libass"
| #define VERSION "0.14.0"
| #define STDC_HEADERS 1
| #define HAVE_SYS_TYPES_H 1
| #define HAVE_SYS_STAT_H 1
| #define HAVE_STDLIB_H 1
| #define HAVE_STRING_H 1
| #define HAVE_MEMORY_H 1
| #define HAVE_STRINGS_H 1
| #define HAVE_INTTYPES_H 1
| #define HAVE_STDINT_H 1
| #define HAVE_UNISTD_H 1
| #define HAVE_DLFCN_H 1
| #define LT_OBJDIR ".libs/"
| #define STDC_HEADERS 1
| #define HAVE__BOOL 1
| #define HAVE_STDBOOL_H 1
| #define HAVE_STDINT_H 1
| #define HAVE_ICONV_H 1
| #define HAVE_STRDUP 1
| #define HAVE_STRNDUP 1
| /* end confdefs.h.  */
| 
| /* Override any GCC internal prototype to avoid an error.
|    Use char because int might match the return type of a GCC
|    builtin and then its argument prototype would still apply.  */
| #ifdef __cplusplus
| extern "C"
| #endif
| char iconv_open ();
| int
| main ()
| {
| return iconv_open ();
|   ;
|   return 0;
| }
configure:13417: /home/cxy/AndroidFFmpeg4/toolchain-android/bin/x86_64-linux-android-gcc --sysroot=/home/cxy/AndroidFFmpeg4/toolchain-android/sysroot -o conftest -g -O2   conftest.c -liconv   >&5
/home/cxy/AndroidFFmpeg4/toolchain-android/bin/../lib/gcc/x86_64-linux-android/4.9.x/../../../../x86_64-linux-android/bin/ld: error: cannot find -liconv
conftest.c:41: error: undefined reference to 'iconv_open'
collect2: error: ld returned 1 exit status
configure:13417: $? = 1
configure: failed program was:
| /* confdefs.h */
| #define PACKAGE_NAME "libass"
| #define PACKAGE_TARNAME "libass"
| #define PACKAGE_VERSION "0.14.0"
| #define PACKAGE_STRING "libass 0.14.0"
| #define PACKAGE_BUGREPORT ""
| #define PACKAGE_URL ""
| #define PACKAGE "libass"
| #define VERSION "0.14.0"
| #define STDC_HEADERS 1
| #define HAVE_SYS_TYPES_H 1
| #define HAVE_SYS_STAT_H 1
| #define HAVE_STDLIB_H 1
| #define HAVE_STRING_H 1
| #define HAVE_MEMORY_H 1
| #define HAVE_STRINGS_H 1
| #define HAVE_INTTYPES_H 1
| #define HAVE_STDINT_H 1
| #define HAVE_UNISTD_H 1
| #define HAVE_DLFCN_H 1
| #define LT_OBJDIR ".libs/"
| #define STDC_HEADERS 1
| #define HAVE__BOOL 1
| #define HAVE_STDBOOL_H 1
| #define HAVE_STDINT_H 1
| #define HAVE_ICONV_H 1
| #define HAVE_STRDUP 1
| #define HAVE_STRNDUP 1
| /* end confdefs.h.  */
| 
| /* Override any GCC internal prototype to avoid an error.
|    Use char because int might match the return type of a GCC
|    builtin and then its argument prototype would still apply.  */
| #ifdef __cplusplus
| extern "C"
| #endif
| char iconv_open ();
| int
| main ()
| {
| return iconv_open ();
|   ;
|   return 0;
| }
configure:13434: result: no
configure:13442: checking for fabs in -lm
configure:13467: /home/cxy/AndroidFFmpeg4/toolchain-android/bin/x86_64-linux-android-gcc --sysroot=/home/cxy/AndroidFFmpeg4/toolchain-android/sysroot -o conftest -g -O2   conftest.c -lm   >&5
conftest.c:37:6: warning: conflicting types for built-in function 'fabs'
 char fabs ();
      ^
configure:13467: $? = 0
configure:13476: result: yes
configure:13746: checking for x86_64-pkg-config
configure:13779: result: no
configure:13789: checking for pkg-config
configure:13807: found /usr/bin/pkg-config
configure:13819: result: /usr/bin/pkg-config
configure:13844: checking pkg-config is at least version 0.9.0
configure:13847: result: yes
configure:13857: checking for freetype2 >= 9.10.3
configure:13864: $PKG_CONFIG --exists --print-errors "freetype2 >= 9.10.3"
configure:13867: $? = 0
configure:13881: $PKG_CONFIG --exists --print-errors "freetype2 >= 9.10.3"
configure:13884: $? = 0
configure:13942: result: yes
configure:13956: checking for fribidi >= 0.19.0
configure:13963: $PKG_CONFIG --exists --print-errors "fribidi >= 0.19.0"
configure:13966: $? = 0
configure:13980: $PKG_CONFIG --exists --print-errors "fribidi >= 0.19.0"
configure:13983: $? = 0
configure:14041: result: yes
configure:14055: checking for fontconfig >= 2.10.92
configure:14062: $PKG_CONFIG --exists --print-errors "fontconfig >= 2.10.92"
configure:14065: $? = 0
configure:14079: $PKG_CONFIG --exists --print-errors "fontconfig >= 2.10.92"
configure:14082: $? = 0
configure:14120: result: yes
configure:14145: checking for CORETEXT
configure:14160: /home/cxy/AndroidFFmpeg4/toolchain-android/bin/x86_64-linux-android-gcc --sysroot=/home/cxy/AndroidFFmpeg4/toolchain-android/sysroot -c -g -O2 -I/home/cxy/AndroidFFmpeg4/toolchain-android/include/freetype2 -I/home/cxy/AndroidFFmpeg4/toolchain-android/include/fribidi -I/home/cxy/AndroidFFmpeg4/toolchain-android/include -I/home/cxy/AndroidFFmpeg4/toolchain-android/include/freetype2  conftest.c >&5
conftest.c:36:55: fatal error: ApplicationServices/ApplicationServices.h: No such file or directory
   #include <ApplicationServices/ApplicationServices.h>
                                                       ^
compilation terminated.
configure:14160: $? = 1
configure: failed program was:
| /* confdefs.h */
| #define PACKAGE_NAME "libass"
| #define PACKAGE_TARNAME "libass"
| #define PACKAGE_VERSION "0.14.0"
| #define PACKAGE_STRING "libass 0.14.0"
| #define PACKAGE_BUGREPORT ""
| #define PACKAGE_URL ""
| #define PACKAGE "libass"
| #define VERSION "0.14.0"
| #define STDC_HEADERS 1
| #define HAVE_SYS_TYPES_H 1
| #define HAVE_SYS_STAT_H 1
| #define HAVE_STDLIB_H 1
| #define HAVE_STRING_H 1
| #define HAVE_MEMORY_H 1
| #define HAVE_STRINGS_H 1
| #define HAVE_INTTYPES_H 1
| #define HAVE_STDINT_H 1
| #define HAVE_UNISTD_H 1
| #define HAVE_DLFCN_H 1
| #define LT_OBJDIR ".libs/"
| #define STDC_HEADERS 1
| #define HAVE__BOOL 1
| #define HAVE_STDBOOL_H 1
| #define HAVE_STDINT_H 1
| #define HAVE_ICONV_H 1
| #define HAVE_STRDUP 1
| #define HAVE_STRNDUP 1
| #define HAVE_LIBM 1
| #define CONFIG_ASM 0
| #define CONFIG_FREETYPE 1
| #define CONFIG_FRIBIDI 1
| #define CONFIG_FONTCONFIG 1
| /* end confdefs.h.  */
| 
|   #include <ApplicationServices/ApplicationServices.h>
| int
| main ()
| {
| CTFontDescriptorCopyAttribute(NULL, kCTFontURLAttribute);
|   ;
|   return 0;
| }
| 
configure:14185: /home/cxy/AndroidFFmpeg4/toolchain-android/bin/x86_64-linux-android-gcc --sysroot=/home/cxy/AndroidFFmpeg4/toolchain-android/sysroot -c -g -O2 -I/home/cxy/AndroidFFmpeg4/toolchain-android/include/freetype2 -I/home/cxy/AndroidFFmpeg4/toolchain-android/include/fribidi -I/home/cxy/AndroidFFmpeg4/toolchain-android/include -I/home/cxy/AndroidFFmpeg4/toolchain-android/include/freetype2  conftest.c >&5
conftest.c:36:37: fatal error: CoreText/CoreText.h: No such file or directory
       #include <CoreText/CoreText.h>
                                     ^
compilation terminated.
configure:14185: $? = 1
configure: failed program was:
| /* confdefs.h */
| #define PACKAGE_NAME "libass"
| #define PACKAGE_TARNAME "libass"
| #define PACKAGE_VERSION "0.14.0"
| #define PACKAGE_STRING "libass 0.14.0"
| #define PACKAGE_BUGREPORT ""
| #define PACKAGE_URL ""
| #define PACKAGE "libass"
| #define VERSION "0.14.0"
| #define STDC_HEADERS 1
| #define HAVE_SYS_TYPES_H 1
| #define HAVE_SYS_STAT_H 1
| #define HAVE_STDLIB_H 1
| #define HAVE_STRING_H 1
| #define HAVE_MEMORY_H 1
| #define HAVE_STRINGS_H 1
| #define HAVE_INTTYPES_H 1
| #define HAVE_STDINT_H 1
| #define HAVE_UNISTD_H 1
| #define HAVE_DLFCN_H 1
| #define LT_OBJDIR ".libs/"
| #define STDC_HEADERS 1
| #define HAVE__BOOL 1
| #define HAVE_STDBOOL_H 1
| #define HAVE_STDINT_H 1
| #define HAVE_ICONV_H 1
| #define HAVE_STRDUP 1
| #define HAVE_STRNDUP 1
| #define HAVE_LIBM 1
| #define CONFIG_ASM 0
| #define CONFIG_FREETYPE 1
| #define CONFIG_FRIBIDI 1
| #define CONFIG_FONTCONFIG 1
| /* end confdefs.h.  */
| 
|       #include <CoreText/CoreText.h>
| int
| main ()
| {
| CTFontDescriptorCopyAttribute(NULL, kCTFontURLAttribute);
|   ;
|   return 0;
| }
| 
configure:14198: result: no
configure:14220: checking for DIRECTWRITE
configure:14235: /home/cxy/AndroidFFmpeg4/toolchain-android/bin/x86_64-linux-android-gcc --sysroot=/home/cxy/AndroidFFmpeg4/toolchain-android/sysroot -o conftest -g -O2 -I/home/cxy/AndroidFFmpeg4/toolchain-android/include/freetype2 -I/home/cxy/AndroidFFmpeg4/toolchain-android/include/fribidi -I/home/cxy/AndroidFFmpeg4/toolchain-android/include -I/home/cxy/AndroidFFmpeg4/toolchain-android/include/freetype2   conftest.c  -lm  -L/home/cxy/AndroidFFmpeg4/toolchain-android/lib -lfreetype -L/home/cxy/AndroidFFmpeg4/toolchain-android/lib -lfribidi -L/home/cxy/AndroidFFmpeg4/toolchain-android/lib -lfontconfig -lfreetype >&5
conftest.c:36:23: fatal error: windows.h: No such file or directory
   #include <windows.h>
                       ^
compilation terminated.
configure:14235: $? = 1
configure: failed program was:
| /* confdefs.h */
| #define PACKAGE_NAME "libass"
| #define PACKAGE_TARNAME "libass"
| #define PACKAGE_VERSION "0.14.0"
| #define PACKAGE_STRING "libass 0.14.0"
| #define PACKAGE_BUGREPORT ""
| #define PACKAGE_URL ""
| #define PACKAGE "libass"
| #define VERSION "0.14.0"
| #define STDC_HEADERS 1
| #define HAVE_SYS_TYPES_H 1
| #define HAVE_SYS_STAT_H 1
| #define HAVE_STDLIB_H 1
| #define HAVE_STRING_H 1
| #define HAVE_MEMORY_H 1
| #define HAVE_STRINGS_H 1
| #define HAVE_INTTYPES_H 1
| #define HAVE_STDINT_H 1
| #define HAVE_UNISTD_H 1
| #define HAVE_DLFCN_H 1
| #define LT_OBJDIR ".libs/"
| #define STDC_HEADERS 1
| #define HAVE__BOOL 1
| #define HAVE_STDBOOL_H 1
| #define HAVE_STDINT_H 1
| #define HAVE_ICONV_H 1
| #define HAVE_STRDUP 1
| #define HAVE_STRNDUP 1
| #define HAVE_LIBM 1
| #define CONFIG_ASM 0
| #define CONFIG_FREETYPE 1
| #define CONFIG_FRIBIDI 1
| #define CONFIG_FONTCONFIG 1
| /* end confdefs.h.  */
| 
|   #include <windows.h>
| int
| main ()
| {
| ;
|   ;
|   return 0;
| }
| 
configure:14247: result: no
configure:14513: checking whether make supports nested variables
configure:14530: result: yes
configure:14653: checking that generated files are newer than configure
configure:14659: result: done
configure:14730: creating ./config.status

## ---------------------- ##
## Running config.status. ##
## ---------------------- ##

This file was extended by libass config.status 0.14.0, which was
generated by GNU Autoconf 2.69.  Invocation command line was

  CONFIG_FILES    = 
  CONFIG_HEADERS  = 
  CONFIG_LINKS    = 
  CONFIG_COMMANDS = 
  $ ./config.status 

on ubuntu

config.status:1143: creating Makefile
config.status:1143: creating libass/Makefile
config.status:1143: creating test/Makefile
config.status:1143: creating profile/Makefile
config.status:1143: creating libass.pc
config.status:1143: creating config.h
config.status:1324: config.h is unchanged
config.status:1372: executing depfiles commands
config.status:1372: executing libtool commands

## ---------------- ##
## Cache variables. ##
## ---------------- ##

ac_cv_build=x86_64-unknown-linux-gnu
ac_cv_c_compiler_gnu=yes
ac_cv_env_CCASFLAGS_set=
ac_cv_env_CCASFLAGS_value=
ac_cv_env_CCAS_set=
ac_cv_env_CCAS_value=
ac_cv_env_CC_set=set
ac_cv_env_CC_value='/home/cxy/AndroidFFmpeg4/toolchain-android/bin/x86_64-linux-android-gcc --sysroot=/home/cxy/AndroidFFmpeg4/toolchain-android/sysroot'
ac_cv_env_CFLAGS_set=
ac_cv_env_CFLAGS_value=
ac_cv_env_CPPFLAGS_set=
ac_cv_env_CPPFLAGS_value=
ac_cv_env_CPP_set=set
ac_cv_env_CPP_value=/home/cxy/AndroidFFmpeg4/toolchain-android/bin/x86_64-linux-android-cpp
ac_cv_env_FONTCONFIG_CFLAGS_set=
ac_cv_env_FONTCONFIG_CFLAGS_value=
ac_cv_env_FONTCONFIG_LIBS_set=
ac_cv_env_FONTCONFIG_LIBS_value=
ac_cv_env_FREETYPE_CFLAGS_set=
ac_cv_env_FREETYPE_CFLAGS_value=
ac_cv_env_FREETYPE_LIBS_set=
ac_cv_env_FREETYPE_LIBS_value=
ac_cv_env_FRIBIDI_CFLAGS_set=
ac_cv_env_FRIBIDI_CFLAGS_value=
ac_cv_env_FRIBIDI_LIBS_set=
ac_cv_env_FRIBIDI_LIBS_value=
ac_cv_env_HARFBUZZ_CFLAGS_set=
ac_cv_env_HARFBUZZ_CFLAGS_value=
ac_cv_env_HARFBUZZ_LIBS_set=
ac_cv_env_HARFBUZZ_LIBS_value=
ac_cv_env_LDFLAGS_set=
ac_cv_env_LDFLAGS_value=
ac_cv_env_LIBPNG_CFLAGS_set=
ac_cv_env_LIBPNG_CFLAGS_value=
ac_cv_env_LIBPNG_LIBS_set=
ac_cv_env_LIBPNG_LIBS_value=
ac_cv_env_LIBS_set=
ac_cv_env_LIBS_value=
ac_cv_env_LT_SYS_LIBRARY_PATH_set=
ac_cv_env_LT_SYS_LIBRARY_PATH_value=
ac_cv_env_PKG_CONFIG_LIBDIR_set=set
ac_cv_env_PKG_CONFIG_LIBDIR_value=/home/cxy/AndroidFFmpeg4/toolchain-android/lib/pkgconfig
ac_cv_env_PKG_CONFIG_PATH_set=
ac_cv_env_PKG_CONFIG_PATH_value=
ac_cv_env_PKG_CONFIG_set=
ac_cv_env_PKG_CONFIG_value=
ac_cv_env_build_alias_set=
ac_cv_env_build_alias_value=
ac_cv_env_host_alias_set=set
ac_cv_env_host_alias_value=x86_64
ac_cv_env_target_alias_set=
ac_cv_env_target_alias_value=
ac_cv_func_strdup=yes
ac_cv_func_strndup=yes
ac_cv_header_dlfcn_h=yes
ac_cv_header_iconv_h=yes
ac_cv_header_inttypes_h=yes
ac_cv_header_memory_h=yes
ac_cv_header_stdbool_h=yes
ac_cv_header_stdc=yes
ac_cv_header_stdint_h=yes
ac_cv_header_stdlib_h=yes
ac_cv_header_string_h=yes
ac_cv_header_strings_h=yes
ac_cv_header_sys_stat_h=yes
ac_cv_header_sys_types_h=yes
ac_cv_header_unistd_h=yes
ac_cv_host=x86_64-pc-none
ac_cv_lib_m_fabs=yes
ac_cv_objext=o
ac_cv_path_EGREP='/bin/grep -E'
ac_cv_path_FGREP='/bin/grep -F'
ac_cv_path_GREP=/bin/grep
ac_cv_path_SED=/bin/sed
ac_cv_path_ac_pt_PKG_CONFIG=/usr/bin/pkg-config
ac_cv_path_install='/usr/bin/install -c'
ac_cv_path_lt_DD=/bin/dd
ac_cv_path_mkdir=/bin/mkdir
ac_cv_prog_AR=/home/cxy/AndroidFFmpeg4/toolchain-android/bin/x86_64-linux-android-ar
ac_cv_prog_AWK=mawk
ac_cv_prog_CC='/home/cxy/AndroidFFmpeg4/toolchain-android/bin/x86_64-linux-android-gcc --sysroot=/home/cxy/AndroidFFmpeg4/toolchain-android/sysroot'
ac_cv_prog_CPP=/home/cxy/AndroidFFmpeg4/toolchain-android/bin/x86_64-linux-android-cpp
ac_cv_prog_OBJDUMP=/home/cxy/AndroidFFmpeg4/toolchain-android/bin/x86_64-linux-android-objdump
ac_cv_prog_RANLIB=/home/cxy/AndroidFFmpeg4/toolchain-android/bin/x86_64-linux-android-ranlib
ac_cv_prog_STRIP=/home/cxy/AndroidFFmpeg4/toolchain-android/bin/x86_64-linux-android-strip
ac_cv_prog_ac_ct_MANIFEST_TOOL=mt
ac_cv_prog_cc_c89=
ac_cv_prog_cc_g=yes
ac_cv_prog_make_make_set=yes
ac_cv_search_iconv_open=no
ac_cv_search_libiconv_open=no
ac_cv_type__Bool=yes
am_cv_CCAS_dependencies_compiler_type=none
am_cv_CC_dependencies_compiler_type=none
am_cv_make_support_nested_variables=yes
am_cv_prog_cc_c_o=yes
lt_cv_ar_at_file=@
lt_cv_archive_cmds_need_lc=no
lt_cv_deplibs_check_method=unknown
lt_cv_file_magic_cmd='$MAGIC_CMD'
lt_cv_file_magic_test_file=
lt_cv_ld_reload_flag=-r
lt_cv_nm_interface='BSD nm'
lt_cv_objdir=.libs
lt_cv_path_LD=/home/cxy/AndroidFFmpeg4/toolchain-android/bin/x86_64-linux-android-ld
lt_cv_path_NM=/home/cxy/AndroidFFmpeg4/toolchain-android/bin/x86_64-linux-android-nm
lt_cv_path_mainfest_tool=no
lt_cv_prog_compiler_c_o=yes
lt_cv_prog_compiler_pic='-fPIC -DPIC'
lt_cv_prog_compiler_pic_works=yes
lt_cv_prog_compiler_rtti_exceptions=no
lt_cv_prog_compiler_static_works=yes
lt_cv_prog_gnu_ld=yes
lt_cv_sharedlib_from_linklib_cmd='printf %s\n'
lt_cv_sys_global_symbol_pipe='sed -n -e '\''s/^.*[	 ]\([ABCDGIRSTW][ABCDGIRSTW]*\)[	 ][	 ]*\([_A-Za-z][_A-Za-z0-9]*\)$/\1 \2 \2/p'\'' | sed '\''/ __gnu_lto/d'\'''
lt_cv_sys_global_symbol_to_c_name_address='sed -n -e '\''s/^: \(.*\) .*$/  {"\1", (void *) 0},/p'\'' -e '\''s/^[ABCDGIRSTW][ABCDGIRSTW]* .* \(.*\)$/  {"\1", (void *) \&\1},/p'\'''
lt_cv_sys_global_symbol_to_c_name_address_lib_prefix='sed -n -e '\''s/^: \(.*\) .*$/  {"\1", (void *) 0},/p'\'' -e '\''s/^[ABCDGIRSTW][ABCDGIRSTW]* .* \(lib.*\)$/  {"\1", (void *) \&\1},/p'\'' -e '\''s/^[ABCDGIRSTW][ABCDGIRSTW]* .* \(.*\)$/  {"lib\1", (void *) \&\1},/p'\'''
lt_cv_sys_global_symbol_to_cdecl='sed -n -e '\''s/^T .* \(.*\)$/extern int \1();/p'\'' -e '\''s/^[ABCDGIRSTW][ABCDGIRSTW]* .* \(.*\)$/extern char \1;/p'\'''
lt_cv_sys_global_symbol_to_import=
lt_cv_sys_max_cmd_len=1572864
lt_cv_to_host_file_cmd=func_convert_file_noop
lt_cv_to_tool_file_cmd=func_convert_file_noop
lt_cv_truncate_bin='/bin/dd bs=4096 count=1'
pkg_cv_FONTCONFIG_CFLAGS='-I/home/cxy/AndroidFFmpeg4/toolchain-android/include -I/home/cxy/AndroidFFmpeg4/toolchain-android/include/freetype2'
pkg_cv_FONTCONFIG_LIBS='-L/home/cxy/AndroidFFmpeg4/toolchain-android/lib -lfontconfig -lfreetype'
pkg_cv_FREETYPE_CFLAGS=-I/home/cxy/AndroidFFmpeg4/toolchain-android/include/freetype2
pkg_cv_FREETYPE_LIBS='-L/home/cxy/AndroidFFmpeg4/toolchain-android/lib -lfreetype'
pkg_cv_FRIBIDI_CFLAGS=-I/home/cxy/AndroidFFmpeg4/toolchain-android/include/fribidi
pkg_cv_FRIBIDI_LIBS='-L/home/cxy/AndroidFFmpeg4/toolchain-android/lib -lfribidi'

## ----------------- ##
## Output variables. ##
## ----------------- ##

ACLOCAL='${SHELL} /home/cxy/AndroidFFmpeg4/libass-0.14.0/missing aclocal-1.15'
AMDEPBACKSLASH=''
AMDEP_FALSE=''
AMDEP_TRUE='#'
AMTAR='$${TAR-tar}'
AM_BACKSLASH='\'
AM_DEFAULT_V='$(AM_DEFAULT_VERBOSITY)'
AM_DEFAULT_VERBOSITY='0'
AM_V='$(V)'
AR='/home/cxy/AndroidFFmpeg4/toolchain-android/bin/x86_64-linux-android-ar'
AS='/home/cxy/AndroidFFmpeg4/toolchain-android/bin/x86_64-linux-android-as'
ASFLAGS=''
ASM_FALSE=''
ASM_TRUE='#'
AUTOCONF='${SHELL} /home/cxy/AndroidFFmpeg4/libass-0.14.0/missing autoconf'
AUTOHEADER='${SHELL} /home/cxy/AndroidFFmpeg4/libass-0.14.0/missing autoheader'
AUTOMAKE='${SHELL} /home/cxy/AndroidFFmpeg4/libass-0.14.0/missing automake-1.15'
AWK='mawk'
CC='/home/cxy/AndroidFFmpeg4/toolchain-android/bin/x86_64-linux-android-gcc --sysroot=/home/cxy/AndroidFFmpeg4/toolchain-android/sysroot'
CCAS='/home/cxy/AndroidFFmpeg4/toolchain-android/bin/x86_64-linux-android-gcc --sysroot=/home/cxy/AndroidFFmpeg4/toolchain-android/sysroot'
CCASDEPMODE='depmode=none'
CCASFLAGS='-g -O2'
CCDEPMODE='depmode=none'
CFLAGS='-g -O2 -I/home/cxy/AndroidFFmpeg4/toolchain-android/include/freetype2 -I/home/cxy/AndroidFFmpeg4/toolchain-android/include/fribidi -I/home/cxy/AndroidFFmpeg4/toolchain-android/include -I/home/cxy/AndroidFFmpeg4/toolchain-android/include/freetype2'
CORETEXT_FALSE=''
CORETEXT_TRUE='#'
CPP='/home/cxy/AndroidFFmpeg4/toolchain-android/bin/x86_64-linux-android-cpp'
CPPFLAGS=''
CYGPATH_W='echo'
DEFS='-DHAVE_CONFIG_H'
DEPDIR='.deps'
DIRECTWRITE_FALSE=''
DIRECTWRITE_TRUE='#'
DLLTOOL='false'
DSYMUTIL=''
DUMPBIN=''
ECHO_C=''
ECHO_N='-n'
ECHO_T=''
EGREP='/bin/grep -E'
ENABLE_LARGE_TILES_FALSE=''
ENABLE_LARGE_TILES_TRUE='#'
ENABLE_PROFILE_FALSE=''
ENABLE_PROFILE_TRUE='#'
EXEEXT=''
FGREP='/bin/grep -F'
FONTCONFIG_CFLAGS='-I/home/cxy/AndroidFFmpeg4/toolchain-android/include -I/home/cxy/AndroidFFmpeg4/toolchain-android/include/freetype2'
FONTCONFIG_FALSE='#'
FONTCONFIG_LIBS='-L/home/cxy/AndroidFFmpeg4/toolchain-android/lib -lfontconfig -lfreetype'
FONTCONFIG_TRUE=''
FREETYPE_CFLAGS='-I/home/cxy/AndroidFFmpeg4/toolchain-android/include/freetype2'
FREETYPE_LIBS='-L/home/cxy/AndroidFFmpeg4/toolchain-android/lib -lfreetype'
FRIBIDI_CFLAGS='-I/home/cxy/AndroidFFmpeg4/toolchain-android/include/fribidi'
FRIBIDI_LIBS='-L/home/cxy/AndroidFFmpeg4/toolchain-android/lib -lfribidi'
GREP='/bin/grep'
HARFBUZZ_CFLAGS=''
HARFBUZZ_LIBS=''
HAVE_LIBPNG_FALSE=''
HAVE_LIBPNG_TRUE='#'
INSTALL_DATA='${INSTALL} -m 644'
INSTALL_PROGRAM='${INSTALL}'
INSTALL_SCRIPT='${INSTALL}'
INSTALL_STRIP_PROGRAM='$(install_sh) -c -s'
INTEL_FALSE=''
INTEL_TRUE='#'
LD='/home/cxy/AndroidFFmpeg4/toolchain-android/bin/x86_64-linux-android-ld'
LDFLAGS=''
LIBOBJS=''
LIBPNG_CFLAGS=''
LIBPNG_LIBS=''
LIBS=' -lm  -L/home/cxy/AndroidFFmpeg4/toolchain-android/lib -lfreetype -L/home/cxy/AndroidFFmpeg4/toolchain-android/lib -lfribidi -L/home/cxy/AndroidFFmpeg4/toolchain-android/lib -lfontconfig -lfreetype'
LIBTOOL='$(SHELL) $(top_builddir)/libtool'
LIPO=''
LN_S='ln -s'
LTLIBOBJS=''
LT_SYS_LIBRARY_PATH=''
MAKEINFO='${SHELL} /home/cxy/AndroidFFmpeg4/libass-0.14.0/missing makeinfo'
MANIFEST_TOOL=':'
MKDIR_P='/bin/mkdir -p'
NM='/home/cxy/AndroidFFmpeg4/toolchain-android/bin/x86_64-linux-android-nm'
NMEDIT=''
OBJDUMP='/home/cxy/AndroidFFmpeg4/toolchain-android/bin/x86_64-linux-android-objdump'
OBJEXT='o'
OTOOL64=''
OTOOL=''
PACKAGE='libass'
PACKAGE_BUGREPORT=''
PACKAGE_NAME='libass'
PACKAGE_STRING='libass 0.14.0'
PACKAGE_TARNAME='libass'
PACKAGE_URL=''
PACKAGE_VERSION='0.14.0'
PATH_SEPARATOR=':'
PKG_CONFIG='/usr/bin/pkg-config'
PKG_CONFIG_LIBDIR='/home/cxy/AndroidFFmpeg4/toolchain-android/lib/pkgconfig'
PKG_CONFIG_PATH=''
PKG_LIBS_DEFAULT='-lm'
PKG_LIBS_PRIVATE=''
PKG_REQUIRES_DEFAULT='fontconfig >= 2.10.92, fribidi >= 0.19.0, freetype2 >= 9.10.3'
PKG_REQUIRES_PRIVATE=''
RANLIB='/home/cxy/AndroidFFmpeg4/toolchain-android/bin/x86_64-linux-android-ranlib'
SED='/bin/sed'
SET_MAKE=''
SHELL='/bin/bash'
STRIP='/home/cxy/AndroidFFmpeg4/toolchain-android/bin/x86_64-linux-android-strip'
VERSION='0.14.0'
X64_FALSE=''
X64_TRUE='#'
X86_FALSE=''
X86_TRUE='#'
ac_ct_AR=''
ac_ct_CC=''
ac_ct_DUMPBIN=''
am__EXEEXT_FALSE=''
am__EXEEXT_TRUE='#'
am__fastdepCCAS_FALSE=''
am__fastdepCCAS_TRUE='#'
am__fastdepCC_FALSE=''
am__fastdepCC_TRUE='#'
am__include='include'
am__isrc=''
am__leading_dot='.'
am__nodep=''
am__quote=''
am__tar='$${TAR-tar} chof - "$$tardir"'
am__untar='$${TAR-tar} xf -'
bindir='${exec_prefix}/bin'
build='x86_64-unknown-linux-gnu'
build_alias=''
build_cpu='x86_64'
build_os='linux-gnu'
build_vendor='unknown'
datadir='${datarootdir}'
datarootdir='${prefix}/share'
docdir='${datarootdir}/doc/${PACKAGE_TARNAME}'
dvidir='${docdir}'
exec_prefix='${prefix}'
host='x86_64-pc-none'
host_alias='x86_64'
host_cpu='x86_64'
host_os='none'
host_vendor='pc'
htmldir='${docdir}'
includedir='${prefix}/include'
infodir='${datarootdir}/info'
install_sh='${SHELL} /home/cxy/AndroidFFmpeg4/libass-0.14.0/install-sh'
libdir='${exec_prefix}/lib'
libexecdir='${exec_prefix}/libexec'
localedir='${datarootdir}/locale'
localstatedir='${prefix}/var'
mandir='${datarootdir}/man'
mkdir_p='$(MKDIR_P)'
nasm_check=''
oldincludedir='/usr/include'
pdfdir='${docdir}'
prefix='/home/cxy/AndroidFFmpeg4/toolchain-android'
program_transform_name='s,x,x,'
psdir='${docdir}'
sbindir='${exec_prefix}/sbin'
sharedstatedir='${prefix}/com'
sysconfdir='${prefix}/etc'
target_alias=''

## ----------- ##
## confdefs.h. ##
## ----------- ##

/* confdefs.h */
#define PACKAGE_NAME "libass"
#define PACKAGE_TARNAME "libass"
#define PACKAGE_VERSION "0.14.0"
#define PACKAGE_STRING "libass 0.14.0"
#define PACKAGE_BUGREPORT ""
#define PACKAGE_URL ""
#define PACKAGE "libass"
#define VERSION "0.14.0"
#define STDC_HEADERS 1
#define HAVE_SYS_TYPES_H 1
#define HAVE_SYS_STAT_H 1
#define HAVE_STDLIB_H 1
#define HAVE_STRING_H 1
#define HAVE_MEMORY_H 1
#define HAVE_STRINGS_H 1
#define HAVE_INTTYPES_H 1
#define HAVE_STDINT_H 1
#define HAVE_UNISTD_H 1
#define HAVE_DLFCN_H 1
#define LT_OBJDIR ".libs/"
#define STDC_HEADERS 1
#define HAVE__BOOL 1
#define HAVE_STDBOOL_H 1
#define HAVE_STDINT_H 1
#define HAVE_ICONV_H 1
#define HAVE_STRDUP 1
#define HAVE_STRNDUP 1
#define HAVE_LIBM 1
#define CONFIG_ASM 0
#define CONFIG_FREETYPE 1
#define CONFIG_FRIBIDI 1
#define CONFIG_FONTCONFIG 1

configure: exit 0
