This file contains any messages produced by compilers while
running configure, to aid debugging if configure makes a mistake.

It was created by libpng configure 1.6.21, which was
generated by GNU Autoconf 2.69.  Invocation command line was

  $ ./configure --with-pic --with-sysroot=/home/cxy/Desktop/ffmpeg-0818/ffmpeg-android/toolchain-android/sysroot --host=x86_64 --enable-static --disable-shared --prefix=/home/cxy/Desktop/ffmpeg-0818/ffmpeg-android/toolchain-android --disable-shared

## --------- ##
## Platform. ##
## --------- ##

hostname = ubuntu
uname -m = x86_64
uname -r = 5.0.0-25-generic
uname -s = Linux
uname -v = #26~18.04.1-Ubuntu SMP Thu Aug 1 13:51:02 UTC 2019

/usr/bin/uname -p = unknown
/bin/uname -X     = unknown

/bin/arch              = unknown
/usr/bin/arch -k       = unknown
/usr/convex/getsysinfo = unknown
/usr/bin/hostinfo      = unknown
/bin/machine           = unknown
/usr/bin/oslevel       = unknown
/bin/universe          = unknown

PATH: /usr/local/sbin
PATH: /usr/local/bin
PATH: /usr/sbin
PATH: /usr/bin
PATH: /sbin
PATH: /bin
PATH: /usr/games
PATH: /usr/local/games
PATH: /snap/bin
PATH: /home/cxy/environment/android-ndk-r17c


## ----------- ##
## Core tests. ##
## ----------- ##

configure:2327: checking for a BSD-compatible install
configure:2395: result: /usr/bin/install -c
configure:2406: checking whether build environment is sane
configure:2461: result: yes
configure:2520: checking for x86_64-strip
configure:2547: result: /home/cxy/Desktop/ffmpeg-0818/ffmpeg-android/toolchain-android/bin/x86_64-linux-android-strip
configure:2612: checking for a thread-safe mkdir -p
configure:2651: result: /bin/mkdir -p
configure:2658: checking for gawk
configure:2688: result: no
configure:2658: checking for mawk
configure:2674: found /usr/bin/mawk
configure:2685: result: mawk
configure:2696: checking whether make sets $(MAKE)
configure:2718: result: yes
configure:2747: checking whether make supports nested variables
configure:2764: result: yes
configure:2894: checking whether to enable maintainer-specific portions of Makefiles
configure:2903: result: no
configure:2943: checking for x86_64-gcc
configure:2970: result: /home/cxy/Desktop/ffmpeg-0818/ffmpeg-android/toolchain-android/bin/x86_64-linux-android-gcc --sysroot=/home/cxy/Desktop/ffmpeg-0818/ffmpeg-android/toolchain-android/sysroot
configure:3239: checking for C compiler version
configure:3248: /home/cxy/Desktop/ffmpeg-0818/ffmpeg-android/toolchain-android/bin/x86_64-linux-android-gcc --sysroot=/home/cxy/Desktop/ffmpeg-0818/ffmpeg-android/toolchain-android/sysroot --version >&5
x86_64-linux-android-gcc (GCC) 4.9.x 20150123 (prerelease)
Copyright (C) 2014 Free Software Foundation, Inc.
This is free software; see the source for copying conditions.  There is NO
warranty; not even for MERCHANTABILITY or FITNESS FOR A PARTICULAR PURPOSE.

configure:3259: $? = 0
configure:3248: /home/cxy/Desktop/ffmpeg-0818/ffmpeg-android/toolchain-android/bin/x86_64-linux-android-gcc --sysroot=/home/cxy/Desktop/ffmpeg-0818/ffmpeg-android/toolchain-android/sysroot -v >&5
Using built-in specs.
COLLECT_GCC=/home/cxy/Desktop/ffmpeg-0818/ffmpeg-android/toolchain-android/bin/x86_64-linux-android-gcc
COLLECT_LTO_WRAPPER=/home/cxy/Desktop/ffmpeg-0818/ffmpeg-android/toolchain-android/bin/../libexec/gcc/x86_64-linux-android/4.9.x/lto-wrapper
Target: x86_64-linux-android
Configured with: /usr/local/google/buildbot/src/android/gcc/toolchain/build/../gcc/gcc-4.9/configure --prefix=/tmp/2c83971299a753917d8db9a4f5356c5d --target=x86_64-linux-android --host=x86_64-linux-gnu --build=x86_64-linux-gnu --with-gnu-as --with-gnu-ld --enable-languages=c,c++ --with-gmp=/buildbot/tmp/build/toolchain/temp-install --with-mpfr=/buildbot/tmp/build/toolchain/temp-install --with-mpc=/buildbot/tmp/build/toolchain/temp-install --with-cloog=/buildbot/tmp/build/toolchain/temp-install --with-isl=/buildbot/tmp/build/toolchain/temp-install --with-ppl=/buildbot/tmp/build/toolchain/temp-install --disable-ppl-version-check --disable-cloog-version-check --disable-isl-version-check --enable-cloog-backend=isl --with-host-libstdcxx='-static-libgcc -Wl,-Bstatic,-lstdc++,-Bdynamic -lm' --disable-libssp --enable-threads --disable-nls --disable-libmudflap --disable-libgomp --disable-libstdc__-v3 --disable-sjlj-exceptions --disable-shared --disable-tls --disable-libitm --with-arch=x86-64 --with-tune=intel --with-fpmath=sse --with-multilib-list=m32,m64 --enable-bionic-libs --enable-libatomic-ifuncs=no --enable-initfini-array --disable-nls --prefix=/tmp/2c83971299a753917d8db9a4f5356c5d --with-sysroot=/tmp/2c83971299a753917d8db9a4f5356c5d/sysroot --with-binutils-version=2.27 --with-mpfr-version=3.1.1 --with-mpc-version=1.0.1 --with-gmp-version=5.0.5 --with-gcc-version=4.9 --with-gdb-version=none --with-gxx-include-dir=/tmp/2c83971299a753917d8db9a4f5356c5d/include/c++/4.9.x --with-bugurl=http://source.android.com/source/report-bugs.html --enable-languages=c,c++ --disable-bootstrap --enable-plugins --enable-libgomp --enable-gnu-indirect-function --disable-libcilkrts --disable-libsanitizer --enable-gold --enable-threads --enable-eh-frame-hdr-for-static --enable-graphite=yes --with-isl-version=0.11.1 --with-cloog-version=0.18.0 --program-transform-name='s&^&x86_64-linux-android-&' --enable-gold=default
Thread model: posix
gcc version 4.9.x 20150123 (prerelease) (GCC) 
configure:3259: $? = 0
configure:3248: /home/cxy/Desktop/ffmpeg-0818/ffmpeg-android/toolchain-android/bin/x86_64-linux-android-gcc --sysroot=/home/cxy/Desktop/ffmpeg-0818/ffmpeg-android/toolchain-android/sysroot -V >&5
x86_64-linux-android-gcc: error: unrecognized command line option '-V'
x86_64-linux-android-gcc: fatal error: no input files
compilation terminated.
configure:3259: $? = 1
configure:3248: /home/cxy/Desktop/ffmpeg-0818/ffmpeg-android/toolchain-android/bin/x86_64-linux-android-gcc --sysroot=/home/cxy/Desktop/ffmpeg-0818/ffmpeg-android/toolchain-android/sysroot -qversion >&5
x86_64-linux-android-gcc: error: unrecognized command line option '-qversion'
x86_64-linux-android-gcc: fatal error: no input files
compilation terminated.
configure:3259: $? = 1
configure:3279: checking whether the C compiler works
configure:3301: /home/cxy/Desktop/ffmpeg-0818/ffmpeg-android/toolchain-android/bin/x86_64-linux-android-gcc --sysroot=/home/cxy/Desktop/ffmpeg-0818/ffmpeg-android/toolchain-android/sysroot    conftest.c  >&5
configure:3305: $? = 0
configure:3353: result: yes
configure:3356: checking for C compiler default output file name
configure:3358: result: a.out
configure:3364: checking for suffix of executables
configure:3371: /home/cxy/Desktop/ffmpeg-0818/ffmpeg-android/toolchain-android/bin/x86_64-linux-android-gcc --sysroot=/home/cxy/Desktop/ffmpeg-0818/ffmpeg-android/toolchain-android/sysroot -o conftest    conftest.c  >&5
configure:3375: $? = 0
configure:3397: result: 
configure:3419: checking whether we are cross compiling
configure:3427: /home/cxy/Desktop/ffmpeg-0818/ffmpeg-android/toolchain-android/bin/x86_64-linux-android-gcc --sysroot=/home/cxy/Desktop/ffmpeg-0818/ffmpeg-android/toolchain-android/sysroot -o conftest    conftest.c  >&5
configure:3431: $? = 0
configure:3438: ./conftest
./configure: line 3440: ./conftest: No such file or directory
configure:3442: $? = 127
configure:3457: result: yes
configure:3462: checking for suffix of object files
configure:3484: /home/cxy/Desktop/ffmpeg-0818/ffmpeg-android/toolchain-android/bin/x86_64-linux-android-gcc --sysroot=/home/cxy/Desktop/ffmpeg-0818/ffmpeg-android/toolchain-android/sysroot -c   conftest.c >&5
configure:3488: $? = 0
configure:3509: result: o
configure:3513: checking whether we are using the GNU C compiler
configure:3532: /home/cxy/Desktop/ffmpeg-0818/ffmpeg-android/toolchain-android/bin/x86_64-linux-android-gcc --sysroot=/home/cxy/Desktop/ffmpeg-0818/ffmpeg-android/toolchain-android/sysroot -c   conftest.c >&5
configure:3532: $? = 0
configure:3541: result: yes
configure:3550: checking whether /home/cxy/Desktop/ffmpeg-0818/ffmpeg-android/toolchain-android/bin/x86_64-linux-android-gcc --sysroot=/home/cxy/Desktop/ffmpeg-0818/ffmpeg-android/toolchain-android/sysroot accepts -g
configure:3570: /home/cxy/Desktop/ffmpeg-0818/ffmpeg-android/toolchain-android/bin/x86_64-linux-android-gcc --sysroot=/home/cxy/Desktop/ffmpeg-0818/ffmpeg-android/toolchain-android/sysroot -c -g  conftest.c >&5
configure:3570: $? = 0
configure:3611: result: yes
configure:3628: checking for /home/cxy/Desktop/ffmpeg-0818/ffmpeg-android/toolchain-android/bin/x86_64-linux-android-gcc --sysroot=/home/cxy/Desktop/ffmpeg-0818/ffmpeg-android/toolchain-android/sysroot option to accept ISO C89
configure:3691: /home/cxy/Desktop/ffmpeg-0818/ffmpeg-android/toolchain-android/bin/x86_64-linux-android-gcc --sysroot=/home/cxy/Desktop/ffmpeg-0818/ffmpeg-android/toolchain-android/sysroot  -c -g -O2  conftest.c >&5
configure:3691: $? = 0
configure:3704: result: none needed
configure:3729: checking whether /home/cxy/Desktop/ffmpeg-0818/ffmpeg-android/toolchain-android/bin/x86_64-linux-android-gcc --sysroot=/home/cxy/Desktop/ffmpeg-0818/ffmpeg-android/toolchain-android/sysroot understands -c and -o together
configure:3751: /home/cxy/Desktop/ffmpeg-0818/ffmpeg-android/toolchain-android/bin/x86_64-linux-android-gcc --sysroot=/home/cxy/Desktop/ffmpeg-0818/ffmpeg-android/toolchain-android/sysroot -c conftest.c -o conftest2.o
configure:3754: $? = 0
configure:3751: /home/cxy/Desktop/ffmpeg-0818/ffmpeg-android/toolchain-android/bin/x86_64-linux-android-gcc --sysroot=/home/cxy/Desktop/ffmpeg-0818/ffmpeg-android/toolchain-android/sysroot -c conftest.c -o conftest2.o
configure:3754: $? = 0
configure:3766: result: yes
configure:3794: checking for style of include used by make
configure:3822: result: GNU
configure:3848: checking dependency style of /home/cxy/Desktop/ffmpeg-0818/ffmpeg-android/toolchain-android/bin/x86_64-linux-android-gcc --sysroot=/home/cxy/Desktop/ffmpeg-0818/ffmpeg-android/toolchain-android/sysroot
configure:3959: result: gcc3
configure:3983: checking dependency style of /home/cxy/Desktop/ffmpeg-0818/ffmpeg-android/toolchain-android/bin/x86_64-linux-android-gcc --sysroot=/home/cxy/Desktop/ffmpeg-0818/ffmpeg-android/toolchain-android/sysroot
configure:4092: result: gcc3
configure:4111: checking build system type
configure:4125: result: x86_64-unknown-linux-gnu
configure:4145: checking host system type
configure:4158: result: x86_64-pc-none
configure:4178: checking for a sed that does not truncate output
configure:4242: result: /bin/sed
configure:4260: checking for grep that handles long lines and -e
configure:4318: result: /bin/grep
configure:4323: checking for egrep
configure:4385: result: /bin/grep -E
configure:4390: checking for fgrep
configure:4452: result: /bin/grep -F
configure:4479: checking how to print strings
configure:4506: result: printf
configure:4539: checking for ld used by /home/cxy/Desktop/ffmpeg-0818/ffmpeg-android/toolchain-android/bin/x86_64-linux-android-gcc --sysroot=/home/cxy/Desktop/ffmpeg-0818/ffmpeg-android/toolchain-android/sysroot
configure:4606: result: /home/cxy/Desktop/ffmpeg-0818/ffmpeg-android/toolchain-android/bin/x86_64-linux-android-ld
configure:4613: checking if the linker (/home/cxy/Desktop/ffmpeg-0818/ffmpeg-android/toolchain-android/bin/x86_64-linux-android-ld) is GNU ld
configure:4628: result: yes
configure:4645: checking how to run the C preprocessor
configure:4715: result: /home/cxy/Desktop/ffmpeg-0818/ffmpeg-android/toolchain-android/bin/x86_64-linux-android-cpp
configure:4735: /home/cxy/Desktop/ffmpeg-0818/ffmpeg-android/toolchain-android/bin/x86_64-linux-android-cpp  conftest.c
configure:4735: $? = 0
configure:4749: /home/cxy/Desktop/ffmpeg-0818/ffmpeg-android/toolchain-android/bin/x86_64-linux-android-cpp  conftest.c
conftest.c:11:28: fatal error: ac_nonexistent.h: No such file or directory
 #include <ac_nonexistent.h>
                            ^
compilation terminated.
configure:4749: $? = 1
configure: failed program was:
| /* confdefs.h */
| #define PACKAGE_NAME "libpng"
| #define PACKAGE_TARNAME "libpng"
| #define PACKAGE_VERSION "1.6.21"
| #define PACKAGE_STRING "libpng 1.6.21"
| #define PACKAGE_BUGREPORT "png-mng-implement@lists.sourceforge.net"
| #define PACKAGE_URL ""
| #define PACKAGE "libpng"
| #define VERSION "1.6.21"
| /* end confdefs.h.  */
| #include <ac_nonexistent.h>
configure:4781: checking for gawk
configure:4808: result: mawk
configure:4820: checking whether ln -s works
configure:4824: result: yes
configure:4831: checking whether make sets $(MAKE)
configure:4853: result: yes
configure:4905: checking for BSD- or MS-compatible name lister (nm)
configure:4959: result: /home/cxy/Desktop/ffmpeg-0818/ffmpeg-android/toolchain-android/bin/x86_64-linux-android-nm
configure:5089: checking the name lister (/home/cxy/Desktop/ffmpeg-0818/ffmpeg-android/toolchain-android/bin/x86_64-linux-android-nm) interface
configure:5096: /home/cxy/Desktop/ffmpeg-0818/ffmpeg-android/toolchain-android/bin/x86_64-linux-android-gcc --sysroot=/home/cxy/Desktop/ffmpeg-0818/ffmpeg-android/toolchain-android/sysroot -c -g -O2  conftest.c >&5
configure:5099: /home/cxy/Desktop/ffmpeg-0818/ffmpeg-android/toolchain-android/bin/x86_64-linux-android-nm "conftest.o"
configure:5102: output
0000000000000000 B some_variable
configure:5109: result: BSD nm
configure:5113: checking the maximum length of command line arguments
configure:5244: result: 1572864
configure:5292: checking how to convert x86_64-unknown-linux-gnu file names to x86_64-pc-none format
configure:5332: result: func_convert_file_noop
configure:5339: checking how to convert x86_64-unknown-linux-gnu file names to toolchain format
configure:5359: result: func_convert_file_noop
configure:5366: checking for /home/cxy/Desktop/ffmpeg-0818/ffmpeg-android/toolchain-android/bin/x86_64-linux-android-ld option to reload object files
configure:5373: result: -r
configure:5407: checking for x86_64-objdump
configure:5434: result: /home/cxy/Desktop/ffmpeg-0818/ffmpeg-android/toolchain-android/bin/x86_64-linux-android-objdump
configure:5503: checking how to recognize dependent libraries
configure:5703: result: unknown
configure:5748: checking for x86_64-dlltool
configure:5778: result: no
configure:5788: checking for dlltool
configure:5818: result: no
configure:5845: checking how to associate runtime and link libraries
configure:5872: result: printf %s\n
configure:5889: checking for x86_64-ar
configure:5916: result: /home/cxy/Desktop/ffmpeg-0818/ffmpeg-android/toolchain-android/bin/x86_64-linux-android-ar
configure:5997: checking for archiver @FILE support
configure:6014: /home/cxy/Desktop/ffmpeg-0818/ffmpeg-android/toolchain-android/bin/x86_64-linux-android-gcc --sysroot=/home/cxy/Desktop/ffmpeg-0818/ffmpeg-android/toolchain-android/sysroot -c -g -O2  conftest.c >&5
configure:6014: $? = 0
configure:6017: /home/cxy/Desktop/ffmpeg-0818/ffmpeg-android/toolchain-android/bin/x86_64-linux-android-ar cru libconftest.a @conftest.lst >&5
configure:6020: $? = 0
configure:6025: /home/cxy/Desktop/ffmpeg-0818/ffmpeg-android/toolchain-android/bin/x86_64-linux-android-ar cru libconftest.a @conftest.lst >&5
/home/cxy/Desktop/ffmpeg-0818/ffmpeg-android/toolchain-android/bin/x86_64-linux-android-ar: conftest.o: No such file or directory
configure:6028: $? = 1
configure:6040: result: @
configure:6058: checking for x86_64-strip
configure:6085: result: /home/cxy/Desktop/ffmpeg-0818/ffmpeg-android/toolchain-android/bin/x86_64-linux-android-strip
configure:6157: checking for x86_64-ranlib
configure:6184: result: /home/cxy/Desktop/ffmpeg-0818/ffmpeg-android/toolchain-android/bin/x86_64-linux-android-ranlib
configure:6326: checking command to parse /home/cxy/Desktop/ffmpeg-0818/ffmpeg-android/toolchain-android/bin/x86_64-linux-android-nm output from /home/cxy/Desktop/ffmpeg-0818/ffmpeg-android/toolchain-android/bin/x86_64-linux-android-gcc --sysroot=/home/cxy/Desktop/ffmpeg-0818/ffmpeg-android/toolchain-android/sysroot object
configure:6479: /home/cxy/Desktop/ffmpeg-0818/ffmpeg-android/toolchain-android/bin/x86_64-linux-android-gcc --sysroot=/home/cxy/Desktop/ffmpeg-0818/ffmpeg-android/toolchain-android/sysroot -c -g -O2  conftest.c >&5
configure:6482: $? = 0
configure:6486: /home/cxy/Desktop/ffmpeg-0818/ffmpeg-android/toolchain-android/bin/x86_64-linux-android-nm conftest.o \| sed -n -e 's/^.*[ ]\([ABCDGIRSTW][ABCDGIRSTW]*\)[ ][ ]*\([_A-Za-z][_A-Za-z0-9]*\)$/\1 \2 \2/p' | sed '/ __gnu_lto/d' \> conftest.nm
configure:6489: $? = 0
configure:6555: /home/cxy/Desktop/ffmpeg-0818/ffmpeg-android/toolchain-android/bin/x86_64-linux-android-gcc --sysroot=/home/cxy/Desktop/ffmpeg-0818/ffmpeg-android/toolchain-android/sysroot -o conftest -g -O2   conftest.c conftstm.o >&5
configure:6558: $? = 0
configure:6596: result: ok
configure:6643: checking for sysroot
configure:6673: result: /home/cxy/Desktop/ffmpeg-0818/ffmpeg-android/toolchain-android/sysroot
configure:6680: checking for a working dd
configure:6718: result: /bin/dd
configure:6722: checking how to truncate binary pipes
configure:6737: result: /bin/dd bs=4096 count=1
configure:7026: checking for x86_64-mt
configure:7056: result: no
configure:7066: checking for mt
configure:7082: found /bin/mt
configure:7093: result: mt
configure:7105: WARNING: using cross tools not prefixed with host triplet
configure:7116: checking if mt is a manifest tool
configure:7122: mt '-?'
configure:7130: result: no
configure:7803: checking for ANSI C header files
configure:7823: /home/cxy/Desktop/ffmpeg-0818/ffmpeg-android/toolchain-android/bin/x86_64-linux-android-gcc --sysroot=/home/cxy/Desktop/ffmpeg-0818/ffmpeg-android/toolchain-android/sysroot -c -g -O2  conftest.c >&5
configure:7823: $? = 0
configure:7907: result: yes
configure:7920: checking for sys/types.h
configure:7920: /home/cxy/Desktop/ffmpeg-0818/ffmpeg-android/toolchain-android/bin/x86_64-linux-android-gcc --sysroot=/home/cxy/Desktop/ffmpeg-0818/ffmpeg-android/toolchain-android/sysroot -c -g -O2  conftest.c >&5
configure:7920: $? = 0
configure:7920: result: yes
configure:7920: checking for sys/stat.h
configure:7920: /home/cxy/Desktop/ffmpeg-0818/ffmpeg-android/toolchain-android/bin/x86_64-linux-android-gcc --sysroot=/home/cxy/Desktop/ffmpeg-0818/ffmpeg-android/toolchain-android/sysroot -c -g -O2  conftest.c >&5
configure:7920: $? = 0
configure:7920: result: yes
configure:7920: checking for stdlib.h
configure:7920: /home/cxy/Desktop/ffmpeg-0818/ffmpeg-android/toolchain-android/bin/x86_64-linux-android-gcc --sysroot=/home/cxy/Desktop/ffmpeg-0818/ffmpeg-android/toolchain-android/sysroot -c -g -O2  conftest.c >&5
configure:7920: $? = 0
configure:7920: result: yes
configure:7920: checking for string.h
configure:7920: /home/cxy/Desktop/ffmpeg-0818/ffmpeg-android/toolchain-android/bin/x86_64-linux-android-gcc --sysroot=/home/cxy/Desktop/ffmpeg-0818/ffmpeg-android/toolchain-android/sysroot -c -g -O2  conftest.c >&5
configure:7920: $? = 0
configure:7920: result: yes
configure:7920: checking for memory.h
configure:7920: /home/cxy/Desktop/ffmpeg-0818/ffmpeg-android/toolchain-android/bin/x86_64-linux-android-gcc --sysroot=/home/cxy/Desktop/ffmpeg-0818/ffmpeg-android/toolchain-android/sysroot -c -g -O2  conftest.c >&5
configure:7920: $? = 0
configure:7920: result: yes
configure:7920: checking for strings.h
configure:7920: /home/cxy/Desktop/ffmpeg-0818/ffmpeg-android/toolchain-android/bin/x86_64-linux-android-gcc --sysroot=/home/cxy/Desktop/ffmpeg-0818/ffmpeg-android/toolchain-android/sysroot -c -g -O2  conftest.c >&5
configure:7920: $? = 0
configure:7920: result: yes
configure:7920: checking for inttypes.h
configure:7920: /home/cxy/Desktop/ffmpeg-0818/ffmpeg-android/toolchain-android/bin/x86_64-linux-android-gcc --sysroot=/home/cxy/Desktop/ffmpeg-0818/ffmpeg-android/toolchain-android/sysroot -c -g -O2  conftest.c >&5
configure:7920: $? = 0
configure:7920: result: yes
configure:7920: checking for stdint.h
configure:7920: /home/cxy/Desktop/ffmpeg-0818/ffmpeg-android/toolchain-android/bin/x86_64-linux-android-gcc --sysroot=/home/cxy/Desktop/ffmpeg-0818/ffmpeg-android/toolchain-android/sysroot -c -g -O2  conftest.c >&5
configure:7920: $? = 0
configure:7920: result: yes
configure:7920: checking for unistd.h
configure:7920: /home/cxy/Desktop/ffmpeg-0818/ffmpeg-android/toolchain-android/bin/x86_64-linux-android-gcc --sysroot=/home/cxy/Desktop/ffmpeg-0818/ffmpeg-android/toolchain-android/sysroot -c -g -O2  conftest.c >&5
configure:7920: $? = 0
configure:7920: result: yes
configure:7934: checking for dlfcn.h
configure:7934: /home/cxy/Desktop/ffmpeg-0818/ffmpeg-android/toolchain-android/bin/x86_64-linux-android-gcc --sysroot=/home/cxy/Desktop/ffmpeg-0818/ffmpeg-android/toolchain-android/sysroot -c -g -O2  conftest.c >&5
configure:7934: $? = 0
configure:7934: result: yes
configure:8488: checking for objdir
configure:8503: result: .libs
configure:8767: checking if /home/cxy/Desktop/ffmpeg-0818/ffmpeg-android/toolchain-android/bin/x86_64-linux-android-gcc --sysroot=/home/cxy/Desktop/ffmpeg-0818/ffmpeg-android/toolchain-android/sysroot supports -fno-rtti -fno-exceptions
configure:8785: /home/cxy/Desktop/ffmpeg-0818/ffmpeg-android/toolchain-android/bin/x86_64-linux-android-gcc --sysroot=/home/cxy/Desktop/ffmpeg-0818/ffmpeg-android/toolchain-android/sysroot -c -g -O2  -fno-rtti -fno-exceptions conftest.c >&5
cc1: warning: command line option '-fno-rtti' is valid for C++/ObjC++ but not for C
configure:8789: $? = 0
configure:8802: result: no
configure:9160: checking for /home/cxy/Desktop/ffmpeg-0818/ffmpeg-android/toolchain-android/bin/x86_64-linux-android-gcc --sysroot=/home/cxy/Desktop/ffmpeg-0818/ffmpeg-android/toolchain-android/sysroot option to produce PIC
configure:9167: result: -fPIC -DPIC
configure:9175: checking if /home/cxy/Desktop/ffmpeg-0818/ffmpeg-android/toolchain-android/bin/x86_64-linux-android-gcc --sysroot=/home/cxy/Desktop/ffmpeg-0818/ffmpeg-android/toolchain-android/sysroot PIC flag -fPIC -DPIC works
configure:9193: /home/cxy/Desktop/ffmpeg-0818/ffmpeg-android/toolchain-android/bin/x86_64-linux-android-gcc --sysroot=/home/cxy/Desktop/ffmpeg-0818/ffmpeg-android/toolchain-android/sysroot -c -g -O2  -fPIC -DPIC -DPIC conftest.c >&5
configure:9197: $? = 0
configure:9210: result: yes
configure:9239: checking if /home/cxy/Desktop/ffmpeg-0818/ffmpeg-android/toolchain-android/bin/x86_64-linux-android-gcc --sysroot=/home/cxy/Desktop/ffmpeg-0818/ffmpeg-android/toolchain-android/sysroot static flag -static works
configure:9267: result: yes
configure:9282: checking if /home/cxy/Desktop/ffmpeg-0818/ffmpeg-android/toolchain-android/bin/x86_64-linux-android-gcc --sysroot=/home/cxy/Desktop/ffmpeg-0818/ffmpeg-android/toolchain-android/sysroot supports -c -o file.o
configure:9303: /home/cxy/Desktop/ffmpeg-0818/ffmpeg-android/toolchain-android/bin/x86_64-linux-android-gcc --sysroot=/home/cxy/Desktop/ffmpeg-0818/ffmpeg-android/toolchain-android/sysroot -c -g -O2  -o out/conftest2.o conftest.c >&5
configure:9307: $? = 0
configure:9329: result: yes
configure:9337: checking if /home/cxy/Desktop/ffmpeg-0818/ffmpeg-android/toolchain-android/bin/x86_64-linux-android-gcc --sysroot=/home/cxy/Desktop/ffmpeg-0818/ffmpeg-android/toolchain-android/sysroot supports -c -o file.o
configure:9384: result: yes
configure:9417: checking whether the /home/cxy/Desktop/ffmpeg-0818/ffmpeg-android/toolchain-android/bin/x86_64-linux-android-gcc --sysroot=/home/cxy/Desktop/ffmpeg-0818/ffmpeg-android/toolchain-android/sysroot linker (/home/cxy/Desktop/ffmpeg-0818/ffmpeg-android/toolchain-android/bin/x86_64-linux-android-ld) supports shared libraries
configure:10676: result: yes
configure:10916: checking dynamic linker characteristics
configure:11734: result: no
configure:11856: checking how to hardcode library paths into programs
configure:11881: result: immediate
configure:12429: checking whether stripping libraries is possible
configure:12434: result: yes
configure:12469: checking if libtool supports shared libraries
configure:12471: result: no
configure:12474: checking whether to build shared libraries
configure:12499: result: no
configure:12502: checking whether to build static libraries
configure:12506: result: yes
configure:12547: checking that AWK works
configure:12553: result: ok
configure:12601: checking for ANSI C header files
configure:12705: result: yes
configure:12715: checking for an ANSI C-conforming const
configure:12781: /home/cxy/Desktop/ffmpeg-0818/ffmpeg-android/toolchain-android/bin/x86_64-linux-android-gcc --sysroot=/home/cxy/Desktop/ffmpeg-0818/ffmpeg-android/toolchain-android/sysroot -c -g -O2  conftest.c >&5
configure:12781: $? = 0
configure:12788: result: yes
configure:12796: checking for size_t
configure:12796: /home/cxy/Desktop/ffmpeg-0818/ffmpeg-android/toolchain-android/bin/x86_64-linux-android-gcc --sysroot=/home/cxy/Desktop/ffmpeg-0818/ffmpeg-android/toolchain-android/sysroot -c -g -O2  conftest.c >&5
configure:12796: $? = 0
configure:12796: /home/cxy/Desktop/ffmpeg-0818/ffmpeg-android/toolchain-android/bin/x86_64-linux-android-gcc --sysroot=/home/cxy/Desktop/ffmpeg-0818/ffmpeg-android/toolchain-android/sysroot -c -g -O2  conftest.c >&5
conftest.c: In function 'main':
conftest.c:60:21: error: expected expression before ')' token
 if (sizeof ((size_t)))
                     ^
configure:12796: $? = 1
configure: failed program was:
| /* confdefs.h */
| #define PACKAGE_NAME "libpng"
| #define PACKAGE_TARNAME "libpng"
| #define PACKAGE_VERSION "1.6.21"
| #define PACKAGE_STRING "libpng 1.6.21"
| #define PACKAGE_BUGREPORT "png-mng-implement@lists.sourceforge.net"
| #define PACKAGE_URL ""
| #define PACKAGE "libpng"
| #define VERSION "1.6.21"
| #define STDC_HEADERS 1
| #define HAVE_SYS_TYPES_H 1
| #define HAVE_SYS_STAT_H 1
| #define HAVE_STDLIB_H 1
| #define HAVE_STRING_H 1
| #define HAVE_MEMORY_H 1
| #define HAVE_STRINGS_H 1
| #define HAVE_INTTYPES_H 1
| #define HAVE_STDINT_H 1
| #define HAVE_UNISTD_H 1
| #define HAVE_DLFCN_H 1
| #define LT_OBJDIR ".libs/"
| #define STDC_HEADERS 1
| /* end confdefs.h.  */
| #include <stdio.h>
| #ifdef HAVE_SYS_TYPES_H
| # include <sys/types.h>
| #endif
| #ifdef HAVE_SYS_STAT_H
| # include <sys/stat.h>
| #endif
| #ifdef STDC_HEADERS
| # include <stdlib.h>
| # include <stddef.h>
| #else
| # ifdef HAVE_STDLIB_H
| #  include <stdlib.h>
| # endif
| #endif
| #ifdef HAVE_STRING_H
| # if !defined STDC_HEADERS && defined HAVE_MEMORY_H
| #  include <memory.h>
| # endif
| # include <string.h>
| #endif
| #ifdef HAVE_STRINGS_H
| # include <strings.h>
| #endif
| #ifdef HAVE_INTTYPES_H
| # include <inttypes.h>
| #endif
| #ifdef HAVE_STDINT_H
| # include <stdint.h>
| #endif
| #ifdef HAVE_UNISTD_H
| # include <unistd.h>
| #endif
| int
| main ()
| {
| if (sizeof ((size_t)))
| 	    return 0;
|   ;
|   return 0;
| }
configure:12796: result: yes
configure:12807: checking whether struct tm is in sys/time.h or time.h
configure:12827: /home/cxy/Desktop/ffmpeg-0818/ffmpeg-android/toolchain-android/bin/x86_64-linux-android-gcc --sysroot=/home/cxy/Desktop/ffmpeg-0818/ffmpeg-android/toolchain-android/sysroot -c -g -O2  conftest.c >&5
configure:12827: $? = 0
configure:12834: result: time.h
configure:12842: checking for C/C++ restrict keyword
configure:12867: /home/cxy/Desktop/ffmpeg-0818/ffmpeg-android/toolchain-android/bin/x86_64-linux-android-gcc --sysroot=/home/cxy/Desktop/ffmpeg-0818/ffmpeg-android/toolchain-android/sysroot -c -g -O2  conftest.c >&5
configure:12867: $? = 0
configure:12875: result: __restrict
configure:12890: checking for working strtod
configure:12941: result: no
configure:12950: checking for pow
configure:12950: /home/cxy/Desktop/ffmpeg-0818/ffmpeg-android/toolchain-android/bin/x86_64-linux-android-gcc --sysroot=/home/cxy/Desktop/ffmpeg-0818/ffmpeg-android/toolchain-android/sysroot -o conftest -g -O2   conftest.c  >&5
conftest.c:48:6: warning: conflicting types for built-in function 'pow'
 char pow ();
      ^
conftest.c:59: error: undefined reference to 'pow'
collect2: error: ld returned 1 exit status
configure:12950: $? = 1
configure: failed program was:
| /* confdefs.h */
| #define PACKAGE_NAME "libpng"
| #define PACKAGE_TARNAME "libpng"
| #define PACKAGE_VERSION "1.6.21"
| #define PACKAGE_STRING "libpng 1.6.21"
| #define PACKAGE_BUGREPORT "png-mng-implement@lists.sourceforge.net"
| #define PACKAGE_URL ""
| #define PACKAGE "libpng"
| #define VERSION "1.6.21"
| #define STDC_HEADERS 1
| #define HAVE_SYS_TYPES_H 1
| #define HAVE_SYS_STAT_H 1
| #define HAVE_STDLIB_H 1
| #define HAVE_STRING_H 1
| #define HAVE_MEMORY_H 1
| #define HAVE_STRINGS_H 1
| #define HAVE_INTTYPES_H 1
| #define HAVE_STDINT_H 1
| #define HAVE_UNISTD_H 1
| #define HAVE_DLFCN_H 1
| #define LT_OBJDIR ".libs/"
| #define STDC_HEADERS 1
| #define restrict __restrict
| /* end confdefs.h.  */
| /* Define pow to an innocuous variant, in case <limits.h> declares pow.
|    For example, HP-UX 11i <limits.h> declares gettimeofday.  */
| #define pow innocuous_pow
| 
| /* System header to define __stub macros and hopefully few prototypes,
|     which can conflict with char pow (); below.
|     Prefer <limits.h> to <assert.h> if __STDC__ is defined, since
|     <limits.h> exists even on freestanding compilers.  */
| 
| #ifdef __STDC__
| # include <limits.h>
| #else
| # include <assert.h>
| #endif
| 
| #undef pow
| 
| /* Override any GCC internal prototype to avoid an error.
|    Use char because int might match the return type of a GCC
|    builtin and then its argument prototype would still apply.  */
| #ifdef __cplusplus
| extern "C"
| #endif
| char pow ();
| /* The GNU C library defines this for functions which it implements
|     to always fail with ENOSYS.  Some functions are actually named
|     something starting with __ and the normal name is an alias.  */
| #if defined __stub_pow || defined __stub___pow
| choke me
| #endif
| 
| int
| main ()
| {
| return pow ();
|   ;
|   return 0;
| }
configure:12950: result: no
configure:12956: checking for pow in -lm
configure:12981: /home/cxy/Desktop/ffmpeg-0818/ffmpeg-android/toolchain-android/bin/x86_64-linux-android-gcc --sysroot=/home/cxy/Desktop/ffmpeg-0818/ffmpeg-android/toolchain-android/sysroot -o conftest -g -O2   conftest.c -lm   >&5
conftest.c:32:6: warning: conflicting types for built-in function 'pow'
 char pow ();
      ^
configure:12981: $? = 0
configure:12990: result: yes
configure:13005: checking for memset
configure:13005: /home/cxy/Desktop/ffmpeg-0818/ffmpeg-android/toolchain-android/bin/x86_64-linux-android-gcc --sysroot=/home/cxy/Desktop/ffmpeg-0818/ffmpeg-android/toolchain-android/sysroot -o conftest -g -O2   conftest.c  >&5
conftest.c:48:6: warning: conflicting types for built-in function 'memset'
 char memset ();
      ^
configure:13005: $? = 0
configure:13005: result: yes
configure:13018: checking for pow
configure:13018: result: no
configure:13025: checking for pow in -lm
configure:13059: result: yes
configure:13083: checking for zlibVersion in -lz
configure:13108: /home/cxy/Desktop/ffmpeg-0818/ffmpeg-android/toolchain-android/bin/x86_64-linux-android-gcc --sysroot=/home/cxy/Desktop/ffmpeg-0818/ffmpeg-android/toolchain-android/sysroot -o conftest -g -O2   conftest.c -lz  -lm  >&5
configure:13108: $? = 0
configure:13117: result: yes
configure:13182: checking for feenableexcept in -lm
configure:13207: /home/cxy/Desktop/ffmpeg-0818/ffmpeg-android/toolchain-android/bin/x86_64-linux-android-gcc --sysroot=/home/cxy/Desktop/ffmpeg-0818/ffmpeg-android/toolchain-android/sysroot -o conftest -g -O2   conftest.c -lm  -lz -lm  >&5
configure:13207: $? = 0
configure:13216: result: yes
configure:13229: checking for feenableexcept
configure:13229: /home/cxy/Desktop/ffmpeg-0818/ffmpeg-android/toolchain-android/bin/x86_64-linux-android-gcc --sysroot=/home/cxy/Desktop/ffmpeg-0818/ffmpeg-android/toolchain-android/sysroot -o conftest -g -O2   conftest.c -lm -lz -lm  >&5
configure:13229: $? = 0
configure:13229: result: yes
configure:13239: checking if using Solaris linker
configure:13248: result: no
configure:13260: checking if libraries can be versioned
configure:13281: result: yes
configure:13303: checking for symbol prefix
configure:13310: result: 
configure:13332: pkgconfig directory is ${libdir}/pkgconfig
configure:13479: Extra options for compiler: 
configure:13597: checking that generated files are newer than configure
configure:13603: result: done
configure:13662: creating ./config.status

## ---------------------- ##
## Running config.status. ##
## ---------------------- ##

This file was extended by libpng config.status 1.6.21, which was
generated by GNU Autoconf 2.69.  Invocation command line was

  CONFIG_FILES    = 
  CONFIG_HEADERS  = 
  CONFIG_LINKS    = 
  CONFIG_COMMANDS = 
  $ ./config.status 

on ubuntu

config.status:1126: creating Makefile
config.status:1126: creating libpng.pc
config.status:1126: creating libpng-config
config.status:1126: creating config.h
config.status:1307: config.h is unchanged
config.status:1355: executing depfiles commands
config.status:1355: executing libtool commands

## ---------------- ##
## Cache variables. ##
## ---------------- ##

ac_cv_build=x86_64-unknown-linux-gnu
ac_cv_c_compiler_gnu=yes
ac_cv_c_const=yes
ac_cv_c_restrict=__restrict
ac_cv_env_CCASFLAGS_set=
ac_cv_env_CCASFLAGS_value=
ac_cv_env_CCAS_set=
ac_cv_env_CCAS_value=
ac_cv_env_CC_set=set
ac_cv_env_CC_value='/home/cxy/Desktop/ffmpeg-0818/ffmpeg-android/toolchain-android/bin/x86_64-linux-android-gcc --sysroot=/home/cxy/Desktop/ffmpeg-0818/ffmpeg-android/toolchain-android/sysroot'
ac_cv_env_CFLAGS_set=
ac_cv_env_CFLAGS_value=
ac_cv_env_CPPFLAGS_set=
ac_cv_env_CPPFLAGS_value=
ac_cv_env_CPP_set=set
ac_cv_env_CPP_value=/home/cxy/Desktop/ffmpeg-0818/ffmpeg-android/toolchain-android/bin/x86_64-linux-android-cpp
ac_cv_env_LDFLAGS_set=
ac_cv_env_LDFLAGS_value=
ac_cv_env_LIBS_set=
ac_cv_env_LIBS_value=
ac_cv_env_LT_SYS_LIBRARY_PATH_set=
ac_cv_env_LT_SYS_LIBRARY_PATH_value=
ac_cv_env_PNG_COPTS_set=
ac_cv_env_PNG_COPTS_value=
ac_cv_env_build_alias_set=
ac_cv_env_build_alias_value=
ac_cv_env_host_alias_set=set
ac_cv_env_host_alias_value=x86_64
ac_cv_env_target_alias_set=
ac_cv_env_target_alias_value=
ac_cv_func_feenableexcept=yes
ac_cv_func_memset=yes
ac_cv_func_pow=no
ac_cv_func_strtod=no
ac_cv_header_dlfcn_h=yes
ac_cv_header_inttypes_h=yes
ac_cv_header_memory_h=yes
ac_cv_header_stdc=yes
ac_cv_header_stdint_h=yes
ac_cv_header_stdlib_h=yes
ac_cv_header_string_h=yes
ac_cv_header_strings_h=yes
ac_cv_header_sys_stat_h=yes
ac_cv_header_sys_types_h=yes
ac_cv_header_unistd_h=yes
ac_cv_host=x86_64-pc-none
ac_cv_lib_m_feenableexcept=yes
ac_cv_lib_m_pow=yes
ac_cv_lib_z_zlibVersion=yes
ac_cv_objext=o
ac_cv_path_EGREP='/bin/grep -E'
ac_cv_path_FGREP='/bin/grep -F'
ac_cv_path_GREP=/bin/grep
ac_cv_path_SED=/bin/sed
ac_cv_path_install='/usr/bin/install -c'
ac_cv_path_lt_DD=/bin/dd
ac_cv_path_mkdir=/bin/mkdir
ac_cv_prog_AR=/home/cxy/Desktop/ffmpeg-0818/ffmpeg-android/toolchain-android/bin/x86_64-linux-android-ar
ac_cv_prog_AWK=mawk
ac_cv_prog_CC='/home/cxy/Desktop/ffmpeg-0818/ffmpeg-android/toolchain-android/bin/x86_64-linux-android-gcc --sysroot=/home/cxy/Desktop/ffmpeg-0818/ffmpeg-android/toolchain-android/sysroot'
ac_cv_prog_CPP=/home/cxy/Desktop/ffmpeg-0818/ffmpeg-android/toolchain-android/bin/x86_64-linux-android-cpp
ac_cv_prog_OBJDUMP=/home/cxy/Desktop/ffmpeg-0818/ffmpeg-android/toolchain-android/bin/x86_64-linux-android-objdump
ac_cv_prog_RANLIB=/home/cxy/Desktop/ffmpeg-0818/ffmpeg-android/toolchain-android/bin/x86_64-linux-android-ranlib
ac_cv_prog_STRIP=/home/cxy/Desktop/ffmpeg-0818/ffmpeg-android/toolchain-android/bin/x86_64-linux-android-strip
ac_cv_prog_ac_ct_MANIFEST_TOOL=mt
ac_cv_prog_cc_c89=
ac_cv_prog_cc_g=yes
ac_cv_prog_make_make_set=yes
ac_cv_struct_tm=time.h
ac_cv_type_size_t=yes
am_cv_CCAS_dependencies_compiler_type=gcc3
am_cv_CC_dependencies_compiler_type=gcc3
am_cv_make_support_nested_variables=yes
am_cv_prog_cc_c_o=yes
lt_cv_ar_at_file=@
lt_cv_deplibs_check_method=unknown
lt_cv_file_magic_cmd='$MAGIC_CMD'
lt_cv_file_magic_test_file=
lt_cv_ld_reload_flag=-r
lt_cv_nm_interface='BSD nm'
lt_cv_objdir=.libs
lt_cv_path_LD=/home/cxy/Desktop/ffmpeg-0818/ffmpeg-android/toolchain-android/bin/x86_64-linux-android-ld
lt_cv_path_NM=/home/cxy/Desktop/ffmpeg-0818/ffmpeg-android/toolchain-android/bin/x86_64-linux-android-nm
lt_cv_path_mainfest_tool=no
lt_cv_prog_compiler_c_o=yes
lt_cv_prog_compiler_pic='-fPIC -DPIC'
lt_cv_prog_compiler_pic_works=yes
lt_cv_prog_compiler_rtti_exceptions=no
lt_cv_prog_compiler_static_works=yes
lt_cv_prog_gnu_ld=yes
lt_cv_sharedlib_from_linklib_cmd='printf %s\n'
lt_cv_sys_global_symbol_pipe='sed -n -e '\''s/^.*[	 ]\([ABCDGIRSTW][ABCDGIRSTW]*\)[	 ][	 ]*\([_A-Za-z][_A-Za-z0-9]*\)$/\1 \2 \2/p'\'' | sed '\''/ __gnu_lto/d'\'''
lt_cv_sys_global_symbol_to_c_name_address='sed -n -e '\''s/^: \(.*\) .*$/  {"\1", (void *) 0},/p'\'' -e '\''s/^[ABCDGIRSTW][ABCDGIRSTW]* .* \(.*\)$/  {"\1", (void *) \&\1},/p'\'''
lt_cv_sys_global_symbol_to_c_name_address_lib_prefix='sed -n -e '\''s/^: \(.*\) .*$/  {"\1", (void *) 0},/p'\'' -e '\''s/^[ABCDGIRSTW][ABCDGIRSTW]* .* \(lib.*\)$/  {"\1", (void *) \&\1},/p'\'' -e '\''s/^[ABCDGIRSTW][ABCDGIRSTW]* .* \(.*\)$/  {"lib\1", (void *) \&\1},/p'\'''
lt_cv_sys_global_symbol_to_cdecl='sed -n -e '\''s/^T .* \(.*\)$/extern int \1();/p'\'' -e '\''s/^[ABCDGIRSTW][ABCDGIRSTW]* .* \(.*\)$/extern char \1;/p'\'''
lt_cv_sys_global_symbol_to_import=
lt_cv_sys_max_cmd_len=1572864
lt_cv_to_host_file_cmd=func_convert_file_noop
lt_cv_to_tool_file_cmd=func_convert_file_noop
lt_cv_truncate_bin='/bin/dd bs=4096 count=1'

## ----------------- ##
## Output variables. ##
## ----------------- ##

ACLOCAL='${SHELL} /home/cxy/Desktop/ffmpeg-0818/ffmpeg-android/libpng-1.6.21/missing aclocal-1.15'
AMDEPBACKSLASH='\'
AMDEP_FALSE='#'
AMDEP_TRUE=''
AMTAR='$${TAR-tar}'
AM_BACKSLASH='\'
AM_DEFAULT_V='$(AM_DEFAULT_VERBOSITY)'
AM_DEFAULT_VERBOSITY='1'
AM_V='$(V)'
AR='/home/cxy/Desktop/ffmpeg-0818/ffmpeg-android/toolchain-android/bin/x86_64-linux-android-ar'
AS='/home/cxy/Desktop/ffmpeg-0818/ffmpeg-android/toolchain-android/bin/x86_64-linux-android-as'
AUTOCONF='${SHELL} /home/cxy/Desktop/ffmpeg-0818/ffmpeg-android/libpng-1.6.21/missing autoconf'
AUTOHEADER='${SHELL} /home/cxy/Desktop/ffmpeg-0818/ffmpeg-android/libpng-1.6.21/missing autoheader'
AUTOMAKE='${SHELL} /home/cxy/Desktop/ffmpeg-0818/ffmpeg-android/libpng-1.6.21/missing automake-1.15'
AWK='mawk'
CC='/home/cxy/Desktop/ffmpeg-0818/ffmpeg-android/toolchain-android/bin/x86_64-linux-android-gcc --sysroot=/home/cxy/Desktop/ffmpeg-0818/ffmpeg-android/toolchain-android/sysroot'
CCAS='/home/cxy/Desktop/ffmpeg-0818/ffmpeg-android/toolchain-android/bin/x86_64-linux-android-gcc --sysroot=/home/cxy/Desktop/ffmpeg-0818/ffmpeg-android/toolchain-android/sysroot'
CCASDEPMODE='depmode=gcc3'
CCASFLAGS='-g -O2'
CCDEPMODE='depmode=gcc3'
CFLAGS='-g -O2'
CPP='/home/cxy/Desktop/ffmpeg-0818/ffmpeg-android/toolchain-android/bin/x86_64-linux-android-cpp'
CPPFLAGS=''
CYGPATH_W='echo'
DEFS='-DHAVE_CONFIG_H'
DEPDIR='.deps'
DFNCPP='/home/cxy/Desktop/ffmpeg-0818/ffmpeg-android/toolchain-android/bin/x86_64-linux-android-cpp'
DLLTOOL='false'
DO_INSTALL_LIBPNG_CONFIG_FALSE='#'
DO_INSTALL_LIBPNG_CONFIG_TRUE=''
DO_INSTALL_LIBPNG_PC_FALSE='#'
DO_INSTALL_LIBPNG_PC_TRUE=''
DO_INSTALL_LINKS_FALSE='#'
DO_INSTALL_LINKS_TRUE=''
DO_PNG_PREFIX_FALSE=''
DO_PNG_PREFIX_TRUE='#'
DSYMUTIL=''
DUMPBIN=''
ECHO_C=''
ECHO_N='-n'
ECHO_T=''
EGREP='/bin/grep -E'
EXEEXT=''
FGREP='/bin/grep -F'
GREP='/bin/grep'
HAVE_LD_VERSION_SCRIPT_FALSE='#'
HAVE_LD_VERSION_SCRIPT_TRUE=''
HAVE_SOLARIS_LD_FALSE=''
HAVE_SOLARIS_LD_TRUE='#'
INSTALL_DATA='${INSTALL} -m 644'
INSTALL_PROGRAM='${INSTALL}'
INSTALL_SCRIPT='${INSTALL}'
INSTALL_STRIP_PROGRAM='$(install_sh) -c -s'
LD='/home/cxy/Desktop/ffmpeg-0818/ffmpeg-android/toolchain-android/bin/x86_64-linux-android-ld'
LDFLAGS=''
LIBOBJS=' ${LIBOBJDIR}strtod$U.o'
LIBS='-lm -lz -lm '
LIBTOOL='$(SHELL) $(top_builddir)/libtool'
LIPO=''
LN_S='ln -s'
LTLIBOBJS=' ${LIBOBJDIR}strtod$U.lo'
LT_SYS_LIBRARY_PATH=''
MAINT='#'
MAINTAINER_MODE_FALSE=''
MAINTAINER_MODE_TRUE='#'
MAKEINFO='${SHELL} /home/cxy/Desktop/ffmpeg-0818/ffmpeg-android/libpng-1.6.21/missing makeinfo'
MANIFEST_TOOL=':'
MKDIR_P='/bin/mkdir -p'
NM='/home/cxy/Desktop/ffmpeg-0818/ffmpeg-android/toolchain-android/bin/x86_64-linux-android-nm'
NMEDIT=''
OBJDUMP='/home/cxy/Desktop/ffmpeg-0818/ffmpeg-android/toolchain-android/bin/x86_64-linux-android-objdump'
OBJEXT='o'
OTOOL64=''
OTOOL=''
PACKAGE='libpng'
PACKAGE_BUGREPORT='png-mng-implement@lists.sourceforge.net'
PACKAGE_NAME='libpng'
PACKAGE_STRING='libpng 1.6.21'
PACKAGE_TARNAME='libpng'
PACKAGE_URL=''
PACKAGE_VERSION='1.6.21'
PATH_SEPARATOR=':'
PNGLIB_MAJOR='1'
PNGLIB_MINOR='6'
PNGLIB_RELEASE='21'
PNGLIB_VERSION='1.6.21'
PNG_ARM_NEON_FALSE=''
PNG_ARM_NEON_TRUE='#'
PNG_COPTS=''
PNG_PREFIX=''
POW_LIB='-lm'
RANLIB='/home/cxy/Desktop/ffmpeg-0818/ffmpeg-android/toolchain-android/bin/x86_64-linux-android-ranlib'
SED='/bin/sed'
SET_MAKE=''
SHELL='/bin/bash'
STRIP='/home/cxy/Desktop/ffmpeg-0818/ffmpeg-android/toolchain-android/bin/x86_64-linux-android-strip'
SYMBOL_PREFIX=''
VERSION='1.6.21'
ac_ct_AR=''
ac_ct_CC=''
ac_ct_DUMPBIN=''
am__EXEEXT_FALSE=''
am__EXEEXT_TRUE='#'
am__fastdepCCAS_FALSE='#'
am__fastdepCCAS_TRUE=''
am__fastdepCC_FALSE='#'
am__fastdepCC_TRUE=''
am__include='include'
am__isrc=''
am__leading_dot='.'
am__nodep='_no'
am__quote=''
am__tar='$${TAR-tar} chof - "$$tardir"'
am__untar='$${TAR-tar} xf -'
binconfigs='${binconfigs}'
bindir='${exec_prefix}/bin'
build='x86_64-unknown-linux-gnu'
build_alias=''
build_cpu='x86_64'
build_os='linux-gnu'
build_vendor='unknown'
datadir='${datarootdir}'
datarootdir='${prefix}/share'
docdir='${datarootdir}/doc/${PACKAGE_TARNAME}'
dvidir='${docdir}'
exec_prefix='${prefix}'
host='x86_64-pc-none'
host_alias='x86_64'
host_cpu='x86_64'
host_os='none'
host_vendor='pc'
htmldir='${docdir}'
includedir='${prefix}/include'
infodir='${datarootdir}/info'
install_sh='${SHELL} /home/cxy/Desktop/ffmpeg-0818/ffmpeg-android/libpng-1.6.21/install-sh'
libdir='${exec_prefix}/lib'
libexecdir='${exec_prefix}/libexec'
localedir='${datarootdir}/locale'
localstatedir='${prefix}/var'
mandir='${datarootdir}/man'
mkdir_p='$(MKDIR_P)'
oldincludedir='/usr/include'
pdfdir='${docdir}'
pkgconfigdir='${libdir}/pkgconfig'
prefix='/home/cxy/Desktop/ffmpeg-0818/ffmpeg-android/toolchain-android'
program_transform_name='s,x,x,'
psdir='${docdir}'
sbindir='${exec_prefix}/sbin'
sharedstatedir='${prefix}/com'
sysconfdir='${prefix}/etc'
target_alias=''

## ----------- ##
## confdefs.h. ##
## ----------- ##

/* confdefs.h */
#define PACKAGE_NAME "libpng"
#define PACKAGE_TARNAME "libpng"
#define PACKAGE_VERSION "1.6.21"
#define PACKAGE_STRING "libpng 1.6.21"
#define PACKAGE_BUGREPORT "png-mng-implement@lists.sourceforge.net"
#define PACKAGE_URL ""
#define PACKAGE "libpng"
#define VERSION "1.6.21"
#define STDC_HEADERS 1
#define HAVE_SYS_TYPES_H 1
#define HAVE_SYS_STAT_H 1
#define HAVE_STDLIB_H 1
#define HAVE_STRING_H 1
#define HAVE_MEMORY_H 1
#define HAVE_STRINGS_H 1
#define HAVE_INTTYPES_H 1
#define HAVE_STDINT_H 1
#define HAVE_UNISTD_H 1
#define HAVE_DLFCN_H 1
#define LT_OBJDIR ".libs/"
#define STDC_HEADERS 1
#define restrict __restrict
#define HAVE_MEMSET 1
#define HAVE_LIBM 1
#define HAVE_LIBZ 1
#define HAVE_LIBM 1
#define HAVE_FEENABLEEXCEPT 1

configure: exit 0
